#
# There is insufficient memory for the Java Runtime Environment to continue.
# Native memory allocation (malloc) failed to allocate 1395288 bytes. Error detail: Chunk::new
# Possible reasons:
#   The system is out of physical RAM or swap space
#   This process is running with CompressedOops enabled, and the Java Heap may be blocking the growth of the native heap
# Possible solutions:
#   Reduce memory load on the system
#   Increase physical memory or swap space
#   Check if swap backing store is full
#   Decrease Java heap size (-Xmx/-Xms)
#   Decrease number of Java threads
#   Decrease Java thread stack sizes (-Xss)
#   Set larger code cache with -XX:ReservedCodeCacheSize=
#   JVM is running with Unscaled Compressed Oops mode in which the Java heap is
#     placed in the first 4GB address space. The Java Heap base address is the
#     maximum limit for the native heap growth. Please use -XX:HeapBaseMinAddress
#     to set the Java Heap base and to place the Java Heap above 4GB virtual address.
# This output file may be truncated or incomplete.
#
#  Out of Memory Error (arena.cpp:186), pid=11596, tid=27884
#
# JRE version: OpenJDK Runtime Environment Temurin-25.0.2+10 (25.0.2+10) (build 25.0.2+10-LTS)
# Java VM: OpenJDK 64-Bit Server VM Temurin-25.0.2+10 (25.0.2+10-LTS, mixed mode, sharing, tiered, compressed oops, compressed class ptrs, g1 gc, windows-amd64)
# No core dump will be written. Minidumps are not enabled by default on client versions of Windows
#

---------------  S U M M A R Y ------------

Command Line: --enable-native-access=ALL-UNNAMED -Xmx256m -Dclassworlds.conf=C:\Users\Lewhara Monilka\.m2\wrapper\dists\apache-maven-3.9.14\ed7edd442f634ac1c1ef5ba2b61b6d690b5221091f1a8e1123f5fadcc967520d\bin\m2.conf -Dmaven.home=C:\Users\Lewhara Monilka\.m2\wrapper\dists\apache-maven-3.9.14\ed7edd442f634ac1c1ef5ba2b61b6d690b5221091f1a8e1123f5fadcc967520d -Dlibrary.jansi.path=C:\Users\Lewhara Monilka\.m2\wrapper\dists\apache-maven-3.9.14\ed7edd442f634ac1c1ef5ba2b61b6d690b5221091f1a8e1123f5fadcc967520d\lib\jansi-native -Dmaven.multiModuleProjectDirectory=D:\PAF project\it3030-paf-2026-smart-campus-group_we_it_02.02_222\backend\backend org.codehaus.plexus.classworlds.launcher.Launcher spring-boot:run

Host: 11th Gen Intel(R) Core(TM) i5-1155G7 @ 2.50GHz, 8 cores, 19G,  Windows 11 , 64 bit Build 26100 (10.0.26100.7309)
Time: Wed Apr 22 10:37:55 2026 Sri Lanka Standard Time elapsed time: 3.545347 seconds (0d 0h 0m 3s)

---------------  T H R E A D  ---------------

Current thread (0x000001f8c5c2ac30):  JavaThread "C2 CompilerThread0" daemon [_thread_in_native, id=27884, stack(0x000000f3d5a00000,0x000000f3d5b00000) (1024K)]


Current CompileTask:
C2:3545 4388 %     4       sun.nio.fs.WindowsPathParser::normalize @ 61 (339 bytes)

Stack: [0x000000f3d5a00000,0x000000f3d5b00000]
Native frames: (J=compiled Java code, j=interpreted, Vv=VM code, C=native code)
V  [jvm.dll+0x7a8bc9]  (no source info available)
V  [jvm.dll+0x77310d]  (no source info available)
V  [jvm.dll+0x9f55f3]  (no source info available)
V  [jvm.dll+0x9f7be1]  (no source info available)
V  [jvm.dll+0x9f82f3]  (no source info available)
V  [jvm.dll+0x2fce26]  (no source info available)
V  [jvm.dll+0x111076]  (no source info available)
V  [jvm.dll+0x11139e]  (no source info available)
V  [jvm.dll+0x19fff2]  (no source info available)
V  [jvm.dll+0x3b5f62]  (no source info available)
V  [jvm.dll+0x7ae53c]  (no source info available)
V  [jvm.dll+0x2c0407]  (no source info available)
V  [jvm.dll+0x2bf3cf]  (no source info available)
V  [jvm.dll+0x237140]  (no source info available)
V  [jvm.dll+0x2cf4c6]  (no source info available)
V  [jvm.dll+0x2cd74a]  (no source info available)
V  [jvm.dll+0x48fbee]  (no source info available)
V  [jvm.dll+0x996b0d]  (no source info available)
V  [jvm.dll+0x7a71a5]  (no source info available)
C  [ucrtbase.dll+0x37b0]  (no source info available)
C  [KERNEL32.DLL+0x2e8d7]  (no source info available)
C  [ntdll.dll+0x8c53c]  (no source info available)

Lock stack of current Java thread (top to bottom):


---------------  P R O C E S S  ---------------

Threads class SMR info:
_java_thread_list=0x000001f8cb458ff0, length=14, elements={
0x000001f8a8b468c0, 0x000001f8c5c16580, 0x000001f8c5c18ea0, 0x000001f8c5c27380,
0x000001f8c5c27b40, 0x000001f8c5c28700, 0x000001f8c5c293f0, 0x000001f8c5c2ac30,
0x000001f8c5c35500, 0x000001f8ca0748c0, 0x000001f8ca078090, 0x000001f8caa9e7b0,
0x000001f8cb4b00b0, 0x000001f8caaa5080
}

Java Threads: ( => current thread )
  0x000001f8a8b468c0 JavaThread "main"                              [_thread_in_Java, id=18996, stack(0x000000f3d4c00000,0x000000f3d4d00000) (1024K)]
  0x000001f8c5c16580 JavaThread "Reference Handler"          daemon [_thread_blocked, id=26664, stack(0x000000f3d5400000,0x000000f3d5500000) (1024K)]
  0x000001f8c5c18ea0 JavaThread "Finalizer"                  daemon [_thread_blocked, id=19548, stack(0x000000f3d5500000,0x000000f3d5600000) (1024K)]
  0x000001f8c5c27380 JavaThread "Signal Dispatcher"          daemon [_thread_blocked, id=30708, stack(0x000000f3d5600000,0x000000f3d5700000) (1024K)]
  0x000001f8c5c27b40 JavaThread "Attach Listener"            daemon [_thread_blocked, id=12932, stack(0x000000f3d5700000,0x000000f3d5800000) (1024K)]
  0x000001f8c5c28700 JavaThread "Service Thread"             daemon [_thread_blocked, id=21628, stack(0x000000f3d5800000,0x000000f3d5900000) (1024K)]
  0x000001f8c5c293f0 JavaThread "Monitor Deflation Thread"   daemon [_thread_blocked, id=25076, stack(0x000000f3d5900000,0x000000f3d5a00000) (1024K)]
=>0x000001f8c5c2ac30 JavaThread "C2 CompilerThread0"         daemon [_thread_in_native, id=27884, stack(0x000000f3d5a00000,0x000000f3d5b00000) (1024K)]
  0x000001f8c5c35500 JavaThread "C1 CompilerThread0"         daemon [_thread_blocked, id=15416, stack(0x000000f3d5b00000,0x000000f3d5c00000) (1024K)]
  0x000001f8ca0748c0 JavaThread "Notification Thread"        daemon [_thread_blocked, id=10432, stack(0x000000f3d5c00000,0x000000f3d5d00000) (1024K)]
  0x000001f8ca078090 JavaThread "Common-Cleaner"             daemon [_thread_blocked, id=22504, stack(0x000000f3d5d00000,0x000000f3d5e00000) (1024K)]
  0x000001f8caa9e7b0 JavaThread "C2 CompilerThread1"         daemon [_thread_in_native, id=29284, stack(0x000000f3d5e00000,0x000000f3d5f00000) (1024K)]
  0x000001f8cb4b00b0 JavaThread "Thread-1"                   daemon [_thread_blocked, id=16192, stack(0x000000f3d5f00000,0x000000f3d6000000) (1024K)]
  0x000001f8caaa5080 JavaThread "C2 CompilerThread2"         daemon [_thread_in_native, id=14108, stack(0x000000f3d6500000,0x000000f3d6600000) (1024K)]
Total: 14

Other Threads:
  0x000001f8ab0f3940 VMThread "VM Thread"                           [id=12812, stack(0x000000f3d5300000,0x000000f3d5400000) (1024K)]
  0x000001f8c5c0da20 WatcherThread "VM Periodic Task Thread"        [id=27892, stack(0x000000f3d5200000,0x000000f3d5300000) (1024K)]
  0x000001f8ab069d60 WorkerThread "GC Thread#0"                     [id=15448, stack(0x000000f3d4d00000,0x000000f3d4e00000) (1024K)]
  0x000001f8cae623a0 WorkerThread "GC Thread#1"                     [id=30928, stack(0x000000f3d6000000,0x000000f3d6100000) (1024K)]
  0x000001f8cafc7620 WorkerThread "GC Thread#2"                     [id=30964, stack(0x000000f3d6100000,0x000000f3d6200000) (1024K)]
  0x000001f8cafc8a70 WorkerThread "GC Thread#3"                     [id=29988, stack(0x000000f3d6200000,0x000000f3d6300000) (1024K)]
  0x000001f8cafc8ea0 WorkerThread "GC Thread#4"                     [id=28512, stack(0x000000f3d6300000,0x000000f3d6400000) (1024K)]
  0x000001f8cafc96e0 WorkerThread "GC Thread#5"                     [id=16380, stack(0x000000f3d6400000,0x000000f3d6500000) (1024K)]
  0x000001f8ab06de30 ConcurrentGCThread "G1 Main Marker"            [id=24936, stack(0x000000f3d4e00000,0x000000f3d4f00000) (1024K)]
  0x000001f8ab06e9d0 WorkerThread "G1 Conc#0"                       [id=11548, stack(0x000000f3d4f00000,0x000000f3d5000000) (1024K)]
  0x000001f8ab0d3450 ConcurrentGCThread "G1 Refine#0"               [id=23928, stack(0x000000f3d5000000,0x000000f3d5100000) (1024K)]
  0x000001f8ab0d5f70 ConcurrentGCThread "G1 Service"                [id=23208, stack(0x000000f3d5100000,0x000000f3d5200000) (1024K)]
Total: 12

Threads with active compile tasks:
C2 CompilerThread0  3589 4388 %     4       sun.nio.fs.WindowsPathParser::normalize @ 61 (339 bytes)
C2 CompilerThread1  3589 4064   !   4       org.codehaus.plexus.interpolation.StringSearchInterpolator::interpolate (692 bytes)
C2 CompilerThread2  3589 4333   !   4       org.apache.maven.model.Plugin::clone (204 bytes)
Total: 3

VM state: not at safepoint (normal execution)

VM Mutex/Monitor currently owned by a thread: None

Heap address: 0x00000000f0000000, size: 256 MB, Compressed Oops mode: 32-bit

CDS archive(s) mapped at: [0x0000000089000000-0x0000000089dd0000-0x0000000089dd0000), size 14483456, SharedBaseAddress: 0x0000000089000000, ArchiveRelocationMode: 1.
Compressed class space mapped at: 0x000000008a000000-0x00000000ca000000, reserved size: 1073741824
UseCompressedClassPointers 1, UseCompactObjectHeaders 0
Narrow klass pointer bits 32, Max shift 3
Narrow klass base: 0x0000000089000000, Narrow klass shift: 0
Encoding Range: [0x0000000089000000 - 0x0000000189000000), (4294967296 bytes)
Klass Range:    [0x0000000089010000 - 0x00000000ca000000), (1090453504 bytes)
Klass ID Range:  [65536 - 1090519033) (1090453497)
Protection zone: [0x0000000089000000 - 0x0000000089010000), (65536 bytes)

GC Precious Log:
 CardTable entry size: 512
 Card Set container configuration: InlinePtr #cards 5 size 8 Array Of Cards #cards 10 size 36 Howl #buckets 4 coarsen threshold 1843 Howl Bitmap #cards 512 size 80 coarsen threshold 460 Card regions per heap region 1 cards per card region 2048
 CPUs: 8 total, 8 available
 Memory: 20229M
 Large Page Support: Disabled
 NUMA Support: Disabled
 Compressed Oops: Enabled (32-bit)
 Heap Region Size: 1M
 Heap Min Capacity: 8M
 Heap Initial Capacity: 256M
 Heap Max Capacity: 256M
 Pre-touch: Disabled
 Parallel Workers: 8
 Concurrent Workers: 2
 Concurrent Refinement Workers: 8
 Periodic GC: Disabled

Heap:
 garbage-first heap   total reserved 262144K, committed 262144K, used 100755K [0x00000000f0000000, 0x0000000100000000)
  region size 1024K, 99 young (101376K), 5 survivors (5120K)

Heap Regions: E=young(eden), S=young(survivor), O=old, HS=humongous(starts), HC=humongous(continues), CS=collection set, F=free, TAMS=top-at-mark-start, PB=parsable bottom
|   0|0x00000000f0000000, 0x00000000f0000000, 0x00000000f0100000|  0%| F|  |TAMS 0x00000000f0000000| PB 0x00000000f0000000| Untracked |  0
|   1|0x00000000f0100000, 0x00000000f0100000, 0x00000000f0200000|  0%| F|  |TAMS 0x00000000f0100000| PB 0x00000000f0100000| Untracked |  0
|   2|0x00000000f0200000, 0x00000000f0200000, 0x00000000f0300000|  0%| F|  |TAMS 0x00000000f0200000| PB 0x00000000f0200000| Untracked |  0
|   3|0x00000000f0300000, 0x00000000f0300000, 0x00000000f0400000|  0%| F|  |TAMS 0x00000000f0300000| PB 0x00000000f0300000| Untracked |  0
|   4|0x00000000f0400000, 0x00000000f0400000, 0x00000000f0500000|  0%| F|  |TAMS 0x00000000f0400000| PB 0x00000000f0400000| Untracked |  0
|   5|0x00000000f0500000, 0x00000000f0500000, 0x00000000f0600000|  0%| F|  |TAMS 0x00000000f0500000| PB 0x00000000f0500000| Untracked |  0
|   6|0x00000000f0600000, 0x00000000f0600000, 0x00000000f0700000|  0%| F|  |TAMS 0x00000000f0600000| PB 0x00000000f0600000| Untracked |  0
|   7|0x00000000f0700000, 0x00000000f0700000, 0x00000000f0800000|  0%| F|  |TAMS 0x00000000f0700000| PB 0x00000000f0700000| Untracked |  0
|   8|0x00000000f0800000, 0x00000000f0800000, 0x00000000f0900000|  0%| F|  |TAMS 0x00000000f0800000| PB 0x00000000f0800000| Untracked |  0
|   9|0x00000000f0900000, 0x00000000f0900000, 0x00000000f0a00000|  0%| F|  |TAMS 0x00000000f0900000| PB 0x00000000f0900000| Untracked |  0
|  10|0x00000000f0a00000, 0x00000000f0a00000, 0x00000000f0b00000|  0%| F|  |TAMS 0x00000000f0a00000| PB 0x00000000f0a00000| Untracked |  0
|  11|0x00000000f0b00000, 0x00000000f0b00000, 0x00000000f0c00000|  0%| F|  |TAMS 0x00000000f0b00000| PB 0x00000000f0b00000| Untracked |  0
|  12|0x00000000f0c00000, 0x00000000f0c00000, 0x00000000f0d00000|  0%| F|  |TAMS 0x00000000f0c00000| PB 0x00000000f0c00000| Untracked |  0
|  13|0x00000000f0d00000, 0x00000000f0d00000, 0x00000000f0e00000|  0%| F|  |TAMS 0x00000000f0d00000| PB 0x00000000f0d00000| Untracked |  0
|  14|0x00000000f0e00000, 0x00000000f0e00000, 0x00000000f0f00000|  0%| F|  |TAMS 0x00000000f0e00000| PB 0x00000000f0e00000| Untracked |  0
|  15|0x00000000f0f00000, 0x00000000f0f00000, 0x00000000f1000000|  0%| F|  |TAMS 0x00000000f0f00000| PB 0x00000000f0f00000| Untracked |  0
|  16|0x00000000f1000000, 0x00000000f1000000, 0x00000000f1100000|  0%| F|  |TAMS 0x00000000f1000000| PB 0x00000000f1000000| Untracked |  0
|  17|0x00000000f1100000, 0x00000000f1100000, 0x00000000f1200000|  0%| F|  |TAMS 0x00000000f1100000| PB 0x00000000f1100000| Untracked |  0
|  18|0x00000000f1200000, 0x00000000f1200000, 0x00000000f1300000|  0%| F|  |TAMS 0x00000000f1200000| PB 0x00000000f1200000| Untracked |  0
|  19|0x00000000f1300000, 0x00000000f1300000, 0x00000000f1400000|  0%| F|  |TAMS 0x00000000f1300000| PB 0x00000000f1300000| Untracked |  0
|  20|0x00000000f1400000, 0x00000000f1400000, 0x00000000f1500000|  0%| F|  |TAMS 0x00000000f1400000| PB 0x00000000f1400000| Untracked |  0
|  21|0x00000000f1500000, 0x00000000f1500000, 0x00000000f1600000|  0%| F|  |TAMS 0x00000000f1500000| PB 0x00000000f1500000| Untracked |  0
|  22|0x00000000f1600000, 0x00000000f1600000, 0x00000000f1700000|  0%| F|  |TAMS 0x00000000f1600000| PB 0x00000000f1600000| Untracked |  0
|  23|0x00000000f1700000, 0x00000000f1700000, 0x00000000f1800000|  0%| F|  |TAMS 0x00000000f1700000| PB 0x00000000f1700000| Untracked |  0
|  24|0x00000000f1800000, 0x00000000f1800000, 0x00000000f1900000|  0%| F|  |TAMS 0x00000000f1800000| PB 0x00000000f1800000| Untracked |  0
|  25|0x00000000f1900000, 0x00000000f1900000, 0x00000000f1a00000|  0%| F|  |TAMS 0x00000000f1900000| PB 0x00000000f1900000| Untracked |  0
|  26|0x00000000f1a00000, 0x00000000f1a00000, 0x00000000f1b00000|  0%| F|  |TAMS 0x00000000f1a00000| PB 0x00000000f1a00000| Untracked |  0
|  27|0x00000000f1b00000, 0x00000000f1b00000, 0x00000000f1c00000|  0%| F|  |TAMS 0x00000000f1b00000| PB 0x00000000f1b00000| Untracked |  0
|  28|0x00000000f1c00000, 0x00000000f1c00000, 0x00000000f1d00000|  0%| F|  |TAMS 0x00000000f1c00000| PB 0x00000000f1c00000| Untracked |  0
|  29|0x00000000f1d00000, 0x00000000f1d00000, 0x00000000f1e00000|  0%| F|  |TAMS 0x00000000f1d00000| PB 0x00000000f1d00000| Untracked |  0
|  30|0x00000000f1e00000, 0x00000000f1e00000, 0x00000000f1f00000|  0%| F|  |TAMS 0x00000000f1e00000| PB 0x00000000f1e00000| Untracked |  0
|  31|0x00000000f1f00000, 0x00000000f1f00000, 0x00000000f2000000|  0%| F|  |TAMS 0x00000000f1f00000| PB 0x00000000f1f00000| Untracked |  0
|  32|0x00000000f2000000, 0x00000000f2000000, 0x00000000f2100000|  0%| F|  |TAMS 0x00000000f2000000| PB 0x00000000f2000000| Untracked |  0
|  33|0x00000000f2100000, 0x00000000f2100000, 0x00000000f2200000|  0%| F|  |TAMS 0x00000000f2100000| PB 0x00000000f2100000| Untracked |  0
|  34|0x00000000f2200000, 0x00000000f2200000, 0x00000000f2300000|  0%| F|  |TAMS 0x00000000f2200000| PB 0x00000000f2200000| Untracked |  0
|  35|0x00000000f2300000, 0x00000000f2300000, 0x00000000f2400000|  0%| F|  |TAMS 0x00000000f2300000| PB 0x00000000f2300000| Untracked |  0
|  36|0x00000000f2400000, 0x00000000f2400000, 0x00000000f2500000|  0%| F|  |TAMS 0x00000000f2400000| PB 0x00000000f2400000| Untracked |  0
|  37|0x00000000f2500000, 0x00000000f2500000, 0x00000000f2600000|  0%| F|  |TAMS 0x00000000f2500000| PB 0x00000000f2500000| Untracked |  0
|  38|0x00000000f2600000, 0x00000000f2600000, 0x00000000f2700000|  0%| F|  |TAMS 0x00000000f2600000| PB 0x00000000f2600000| Untracked |  0
|  39|0x00000000f2700000, 0x00000000f2700000, 0x00000000f2800000|  0%| F|  |TAMS 0x00000000f2700000| PB 0x00000000f2700000| Untracked |  0
|  40|0x00000000f2800000, 0x00000000f2800000, 0x00000000f2900000|  0%| F|  |TAMS 0x00000000f2800000| PB 0x00000000f2800000| Untracked |  0
|  41|0x00000000f2900000, 0x00000000f2900000, 0x00000000f2a00000|  0%| F|  |TAMS 0x00000000f2900000| PB 0x00000000f2900000| Untracked |  0
|  42|0x00000000f2a00000, 0x00000000f2a00000, 0x00000000f2b00000|  0%| F|  |TAMS 0x00000000f2a00000| PB 0x00000000f2a00000| Untracked |  0
|  43|0x00000000f2b00000, 0x00000000f2b00000, 0x00000000f2c00000|  0%| F|  |TAMS 0x00000000f2b00000| PB 0x00000000f2b00000| Untracked |  0
|  44|0x00000000f2c00000, 0x00000000f2c00000, 0x00000000f2d00000|  0%| F|  |TAMS 0x00000000f2c00000| PB 0x00000000f2c00000| Untracked |  0
|  45|0x00000000f2d00000, 0x00000000f2d00000, 0x00000000f2e00000|  0%| F|  |TAMS 0x00000000f2d00000| PB 0x00000000f2d00000| Untracked |  0
|  46|0x00000000f2e00000, 0x00000000f2e00000, 0x00000000f2f00000|  0%| F|  |TAMS 0x00000000f2e00000| PB 0x00000000f2e00000| Untracked |  0
|  47|0x00000000f2f00000, 0x00000000f2f00000, 0x00000000f3000000|  0%| F|  |TAMS 0x00000000f2f00000| PB 0x00000000f2f00000| Untracked |  0
|  48|0x00000000f3000000, 0x00000000f3000000, 0x00000000f3100000|  0%| F|  |TAMS 0x00000000f3000000| PB 0x00000000f3000000| Untracked |  0
|  49|0x00000000f3100000, 0x00000000f3100000, 0x00000000f3200000|  0%| F|  |TAMS 0x00000000f3100000| PB 0x00000000f3100000| Untracked |  0
|  50|0x00000000f3200000, 0x00000000f3200000, 0x00000000f3300000|  0%| F|  |TAMS 0x00000000f3200000| PB 0x00000000f3200000| Untracked |  0
|  51|0x00000000f3300000, 0x00000000f3300000, 0x00000000f3400000|  0%| F|  |TAMS 0x00000000f3300000| PB 0x00000000f3300000| Untracked |  0
|  52|0x00000000f3400000, 0x00000000f3400000, 0x00000000f3500000|  0%| F|  |TAMS 0x00000000f3400000| PB 0x00000000f3400000| Untracked |  0
|  53|0x00000000f3500000, 0x00000000f3500000, 0x00000000f3600000|  0%| F|  |TAMS 0x00000000f3500000| PB 0x00000000f3500000| Untracked |  0
|  54|0x00000000f3600000, 0x00000000f3600000, 0x00000000f3700000|  0%| F|  |TAMS 0x00000000f3600000| PB 0x00000000f3600000| Untracked |  0
|  55|0x00000000f3700000, 0x00000000f3700000, 0x00000000f3800000|  0%| F|  |TAMS 0x00000000f3700000| PB 0x00000000f3700000| Untracked |  0
|  56|0x00000000f3800000, 0x00000000f3800000, 0x00000000f3900000|  0%| F|  |TAMS 0x00000000f3800000| PB 0x00000000f3800000| Untracked |  0
|  57|0x00000000f3900000, 0x00000000f3900000, 0x00000000f3a00000|  0%| F|  |TAMS 0x00000000f3900000| PB 0x00000000f3900000| Untracked |  0
|  58|0x00000000f3a00000, 0x00000000f3a00000, 0x00000000f3b00000|  0%| F|  |TAMS 0x00000000f3a00000| PB 0x00000000f3a00000| Untracked |  0
|  59|0x00000000f3b00000, 0x00000000f3b00000, 0x00000000f3c00000|  0%| F|  |TAMS 0x00000000f3b00000| PB 0x00000000f3b00000| Untracked |  0
|  60|0x00000000f3c00000, 0x00000000f3c00000, 0x00000000f3d00000|  0%| F|  |TAMS 0x00000000f3c00000| PB 0x00000000f3c00000| Untracked |  0
|  61|0x00000000f3d00000, 0x00000000f3d00000, 0x00000000f3e00000|  0%| F|  |TAMS 0x00000000f3d00000| PB 0x00000000f3d00000| Untracked |  0
|  62|0x00000000f3e00000, 0x00000000f3e00000, 0x00000000f3f00000|  0%| F|  |TAMS 0x00000000f3e00000| PB 0x00000000f3e00000| Untracked |  0
|  63|0x00000000f3f00000, 0x00000000f3f00000, 0x00000000f4000000|  0%| F|  |TAMS 0x00000000f3f00000| PB 0x00000000f3f00000| Untracked |  0
|  64|0x00000000f4000000, 0x00000000f4000000, 0x00000000f4100000|  0%| F|  |TAMS 0x00000000f4000000| PB 0x00000000f4000000| Untracked |  0
|  65|0x00000000f4100000, 0x00000000f4100000, 0x00000000f4200000|  0%| F|  |TAMS 0x00000000f4100000| PB 0x00000000f4100000| Untracked |  0
|  66|0x00000000f4200000, 0x00000000f4200000, 0x00000000f4300000|  0%| F|  |TAMS 0x00000000f4200000| PB 0x00000000f4200000| Untracked |  0
|  67|0x00000000f4300000, 0x00000000f4300000, 0x00000000f4400000|  0%| F|  |TAMS 0x00000000f4300000| PB 0x00000000f4300000| Untracked |  0
|  68|0x00000000f4400000, 0x00000000f4400000, 0x00000000f4500000|  0%| F|  |TAMS 0x00000000f4400000| PB 0x00000000f4400000| Untracked |  0
|  69|0x00000000f4500000, 0x00000000f4500000, 0x00000000f4600000|  0%| F|  |TAMS 0x00000000f4500000| PB 0x00000000f4500000| Untracked |  0
|  70|0x00000000f4600000, 0x00000000f4600000, 0x00000000f4700000|  0%| F|  |TAMS 0x00000000f4600000| PB 0x00000000f4600000| Untracked |  0
|  71|0x00000000f4700000, 0x00000000f4700000, 0x00000000f4800000|  0%| F|  |TAMS 0x00000000f4700000| PB 0x00000000f4700000| Untracked |  0
|  72|0x00000000f4800000, 0x00000000f4800000, 0x00000000f4900000|  0%| F|  |TAMS 0x00000000f4800000| PB 0x00000000f4800000| Untracked |  0
|  73|0x00000000f4900000, 0x00000000f4900000, 0x00000000f4a00000|  0%| F|  |TAMS 0x00000000f4900000| PB 0x00000000f4900000| Untracked |  0
|  74|0x00000000f4a00000, 0x00000000f4a00000, 0x00000000f4b00000|  0%| F|  |TAMS 0x00000000f4a00000| PB 0x00000000f4a00000| Untracked |  0
|  75|0x00000000f4b00000, 0x00000000f4b00000, 0x00000000f4c00000|  0%| F|  |TAMS 0x00000000f4b00000| PB 0x00000000f4b00000| Untracked |  0
|  76|0x00000000f4c00000, 0x00000000f4c00000, 0x00000000f4d00000|  0%| F|  |TAMS 0x00000000f4c00000| PB 0x00000000f4c00000| Untracked |  0
|  77|0x00000000f4d00000, 0x00000000f4d00000, 0x00000000f4e00000|  0%| F|  |TAMS 0x00000000f4d00000| PB 0x00000000f4d00000| Untracked |  0
|  78|0x00000000f4e00000, 0x00000000f4e00000, 0x00000000f4f00000|  0%| F|  |TAMS 0x00000000f4e00000| PB 0x00000000f4e00000| Untracked |  0
|  79|0x00000000f4f00000, 0x00000000f4f00000, 0x00000000f5000000|  0%| F|  |TAMS 0x00000000f4f00000| PB 0x00000000f4f00000| Untracked |  0
|  80|0x00000000f5000000, 0x00000000f5000000, 0x00000000f5100000|  0%| F|  |TAMS 0x00000000f5000000| PB 0x00000000f5000000| Untracked |  0
|  81|0x00000000f5100000, 0x00000000f5100000, 0x00000000f5200000|  0%| F|  |TAMS 0x00000000f5100000| PB 0x00000000f5100000| Untracked |  0
|  82|0x00000000f5200000, 0x00000000f5200000, 0x00000000f5300000|  0%| F|  |TAMS 0x00000000f5200000| PB 0x00000000f5200000| Untracked |  0
|  83|0x00000000f5300000, 0x00000000f5300000, 0x00000000f5400000|  0%| F|  |TAMS 0x00000000f5300000| PB 0x00000000f5300000| Untracked |  0
|  84|0x00000000f5400000, 0x00000000f5400000, 0x00000000f5500000|  0%| F|  |TAMS 0x00000000f5400000| PB 0x00000000f5400000| Untracked |  0
|  85|0x00000000f5500000, 0x00000000f5500000, 0x00000000f5600000|  0%| F|  |TAMS 0x00000000f5500000| PB 0x00000000f5500000| Untracked |  0
|  86|0x00000000f5600000, 0x00000000f5600000, 0x00000000f5700000|  0%| F|  |TAMS 0x00000000f5600000| PB 0x00000000f5600000| Untracked |  0
|  87|0x00000000f5700000, 0x00000000f5700000, 0x00000000f5800000|  0%| F|  |TAMS 0x00000000f5700000| PB 0x00000000f5700000| Untracked |  0
|  88|0x00000000f5800000, 0x00000000f5800000, 0x00000000f5900000|  0%| F|  |TAMS 0x00000000f5800000| PB 0x00000000f5800000| Untracked |  0
|  89|0x00000000f5900000, 0x00000000f5900000, 0x00000000f5a00000|  0%| F|  |TAMS 0x00000000f5900000| PB 0x00000000f5900000| Untracked |  0
|  90|0x00000000f5a00000, 0x00000000f5a00000, 0x00000000f5b00000|  0%| F|  |TAMS 0x00000000f5a00000| PB 0x00000000f5a00000| Untracked |  0
|  91|0x00000000f5b00000, 0x00000000f5b00000, 0x00000000f5c00000|  0%| F|  |TAMS 0x00000000f5b00000| PB 0x00000000f5b00000| Untracked |  0
|  92|0x00000000f5c00000, 0x00000000f5c00000, 0x00000000f5d00000|  0%| F|  |TAMS 0x00000000f5c00000| PB 0x00000000f5c00000| Untracked |  0
|  93|0x00000000f5d00000, 0x00000000f5d00000, 0x00000000f5e00000|  0%| F|  |TAMS 0x00000000f5d00000| PB 0x00000000f5d00000| Untracked |  0
|  94|0x00000000f5e00000, 0x00000000f5e00000, 0x00000000f5f00000|  0%| F|  |TAMS 0x00000000f5e00000| PB 0x00000000f5e00000| Untracked |  0
|  95|0x00000000f5f00000, 0x00000000f5f00000, 0x00000000f6000000|  0%| F|  |TAMS 0x00000000f5f00000| PB 0x00000000f5f00000| Untracked |  0
|  96|0x00000000f6000000, 0x00000000f6000000, 0x00000000f6100000|  0%| F|  |TAMS 0x00000000f6000000| PB 0x00000000f6000000| Untracked |  0
|  97|0x00000000f6100000, 0x00000000f6100000, 0x00000000f6200000|  0%| F|  |TAMS 0x00000000f6100000| PB 0x00000000f6100000| Untracked |  0
|  98|0x00000000f6200000, 0x00000000f6200000, 0x00000000f6300000|  0%| F|  |TAMS 0x00000000f6200000| PB 0x00000000f6200000| Untracked |  0
|  99|0x00000000f6300000, 0x00000000f6300000, 0x00000000f6400000|  0%| F|  |TAMS 0x00000000f6300000| PB 0x00000000f6300000| Untracked |  0
| 100|0x00000000f6400000, 0x00000000f6400000, 0x00000000f6500000|  0%| F|  |TAMS 0x00000000f6400000| PB 0x00000000f6400000| Untracked |  0
| 101|0x00000000f6500000, 0x00000000f6500000, 0x00000000f6600000|  0%| F|  |TAMS 0x00000000f6500000| PB 0x00000000f6500000| Untracked |  0
| 102|0x00000000f6600000, 0x00000000f6600000, 0x00000000f6700000|  0%| F|  |TAMS 0x00000000f6600000| PB 0x00000000f6600000| Untracked |  0
| 103|0x00000000f6700000, 0x00000000f6700000, 0x00000000f6800000|  0%| F|  |TAMS 0x00000000f6700000| PB 0x00000000f6700000| Untracked |  0
| 104|0x00000000f6800000, 0x00000000f6800000, 0x00000000f6900000|  0%| F|  |TAMS 0x00000000f6800000| PB 0x00000000f6800000| Untracked |  0
| 105|0x00000000f6900000, 0x00000000f6900000, 0x00000000f6a00000|  0%| F|  |TAMS 0x00000000f6900000| PB 0x00000000f6900000| Untracked |  0
| 106|0x00000000f6a00000, 0x00000000f6a00000, 0x00000000f6b00000|  0%| F|  |TAMS 0x00000000f6a00000| PB 0x00000000f6a00000| Untracked |  0
| 107|0x00000000f6b00000, 0x00000000f6b00000, 0x00000000f6c00000|  0%| F|  |TAMS 0x00000000f6b00000| PB 0x00000000f6b00000| Untracked |  0
| 108|0x00000000f6c00000, 0x00000000f6c00000, 0x00000000f6d00000|  0%| F|  |TAMS 0x00000000f6c00000| PB 0x00000000f6c00000| Untracked |  0
| 109|0x00000000f6d00000, 0x00000000f6d00000, 0x00000000f6e00000|  0%| F|  |TAMS 0x00000000f6d00000| PB 0x00000000f6d00000| Untracked |  0
| 110|0x00000000f6e00000, 0x00000000f6e00000, 0x00000000f6f00000|  0%| F|  |TAMS 0x00000000f6e00000| PB 0x00000000f6e00000| Untracked |  0
| 111|0x00000000f6f00000, 0x00000000f6f00000, 0x00000000f7000000|  0%| F|  |TAMS 0x00000000f6f00000| PB 0x00000000f6f00000| Untracked |  0
| 112|0x00000000f7000000, 0x00000000f7000000, 0x00000000f7100000|  0%| F|  |TAMS 0x00000000f7000000| PB 0x00000000f7000000| Untracked |  0
| 113|0x00000000f7100000, 0x00000000f7100000, 0x00000000f7200000|  0%| F|  |TAMS 0x00000000f7100000| PB 0x00000000f7100000| Untracked |  0
| 114|0x00000000f7200000, 0x00000000f7200000, 0x00000000f7300000|  0%| F|  |TAMS 0x00000000f7200000| PB 0x00000000f7200000| Untracked |  0
| 115|0x00000000f7300000, 0x00000000f7300000, 0x00000000f7400000|  0%| F|  |TAMS 0x00000000f7300000| PB 0x00000000f7300000| Untracked |  0
| 116|0x00000000f7400000, 0x00000000f7400000, 0x00000000f7500000|  0%| F|  |TAMS 0x00000000f7400000| PB 0x00000000f7400000| Untracked |  0
| 117|0x00000000f7500000, 0x00000000f7500000, 0x00000000f7600000|  0%| F|  |TAMS 0x00000000f7500000| PB 0x00000000f7500000| Untracked |  0
| 118|0x00000000f7600000, 0x00000000f7600000, 0x00000000f7700000|  0%| F|  |TAMS 0x00000000f7600000| PB 0x00000000f7600000| Untracked |  0
| 119|0x00000000f7700000, 0x00000000f7700000, 0x00000000f7800000|  0%| F|  |TAMS 0x00000000f7700000| PB 0x00000000f7700000| Untracked |  0
| 120|0x00000000f7800000, 0x00000000f7800000, 0x00000000f7900000|  0%| F|  |TAMS 0x00000000f7800000| PB 0x00000000f7800000| Untracked |  0
| 121|0x00000000f7900000, 0x00000000f7900000, 0x00000000f7a00000|  0%| F|  |TAMS 0x00000000f7900000| PB 0x00000000f7900000| Untracked |  0
| 122|0x00000000f7a00000, 0x00000000f7a00000, 0x00000000f7b00000|  0%| F|  |TAMS 0x00000000f7a00000| PB 0x00000000f7a00000| Untracked |  0
| 123|0x00000000f7b00000, 0x00000000f7b00000, 0x00000000f7c00000|  0%| F|  |TAMS 0x00000000f7b00000| PB 0x00000000f7b00000| Untracked |  0
| 124|0x00000000f7c00000, 0x00000000f7c00000, 0x00000000f7d00000|  0%| F|  |TAMS 0x00000000f7c00000| PB 0x00000000f7c00000| Untracked |  0
| 125|0x00000000f7d00000, 0x00000000f7d00000, 0x00000000f7e00000|  0%| F|  |TAMS 0x00000000f7d00000| PB 0x00000000f7d00000| Untracked |  0
| 126|0x00000000f7e00000, 0x00000000f7e00000, 0x00000000f7f00000|  0%| F|  |TAMS 0x00000000f7e00000| PB 0x00000000f7e00000| Untracked |  0
| 127|0x00000000f7f00000, 0x00000000f7f00000, 0x00000000f8000000|  0%| F|  |TAMS 0x00000000f7f00000| PB 0x00000000f7f00000| Untracked |  0
| 128|0x00000000f8000000, 0x00000000f8000000, 0x00000000f8100000|  0%| F|  |TAMS 0x00000000f8000000| PB 0x00000000f8000000| Untracked |  0
| 129|0x00000000f8100000, 0x00000000f8100000, 0x00000000f8200000|  0%| F|  |TAMS 0x00000000f8100000| PB 0x00000000f8100000| Untracked |  0
| 130|0x00000000f8200000, 0x00000000f8200000, 0x00000000f8300000|  0%| F|  |TAMS 0x00000000f8200000| PB 0x00000000f8200000| Untracked |  0
| 131|0x00000000f8300000, 0x00000000f8300000, 0x00000000f8400000|  0%| F|  |TAMS 0x00000000f8300000| PB 0x00000000f8300000| Untracked |  0
| 132|0x00000000f8400000, 0x00000000f8400000, 0x00000000f8500000|  0%| F|  |TAMS 0x00000000f8400000| PB 0x00000000f8400000| Untracked |  0
| 133|0x00000000f8500000, 0x00000000f8500000, 0x00000000f8600000|  0%| F|  |TAMS 0x00000000f8500000| PB 0x00000000f8500000| Untracked |  0
| 134|0x00000000f8600000, 0x00000000f8600000, 0x00000000f8700000|  0%| F|  |TAMS 0x00000000f8600000| PB 0x00000000f8600000| Untracked |  0
| 135|0x00000000f8700000, 0x00000000f8700000, 0x00000000f8800000|  0%| F|  |TAMS 0x00000000f8700000| PB 0x00000000f8700000| Untracked |  0
| 136|0x00000000f8800000, 0x00000000f8800000, 0x00000000f8900000|  0%| F|  |TAMS 0x00000000f8800000| PB 0x00000000f8800000| Untracked |  0
| 137|0x00000000f8900000, 0x00000000f8900000, 0x00000000f8a00000|  0%| F|  |TAMS 0x00000000f8900000| PB 0x00000000f8900000| Untracked |  0
| 138|0x00000000f8a00000, 0x00000000f8a00000, 0x00000000f8b00000|  0%| F|  |TAMS 0x00000000f8a00000| PB 0x00000000f8a00000| Untracked |  0
| 139|0x00000000f8b00000, 0x00000000f8b00000, 0x00000000f8c00000|  0%| F|  |TAMS 0x00000000f8b00000| PB 0x00000000f8b00000| Untracked |  0
| 140|0x00000000f8c00000, 0x00000000f8c00000, 0x00000000f8d00000|  0%| F|  |TAMS 0x00000000f8c00000| PB 0x00000000f8c00000| Untracked |  0
| 141|0x00000000f8d00000, 0x00000000f8d00000, 0x00000000f8e00000|  0%| F|  |TAMS 0x00000000f8d00000| PB 0x00000000f8d00000| Untracked |  0
| 142|0x00000000f8e00000, 0x00000000f8e00000, 0x00000000f8f00000|  0%| F|  |TAMS 0x00000000f8e00000| PB 0x00000000f8e00000| Untracked |  0
| 143|0x00000000f8f00000, 0x00000000f8f00000, 0x00000000f9000000|  0%| F|  |TAMS 0x00000000f8f00000| PB 0x00000000f8f00000| Untracked |  0
| 144|0x00000000f9000000, 0x00000000f9000000, 0x00000000f9100000|  0%| F|  |TAMS 0x00000000f9000000| PB 0x00000000f9000000| Untracked |  0
| 145|0x00000000f9100000, 0x00000000f9100000, 0x00000000f9200000|  0%| F|  |TAMS 0x00000000f9100000| PB 0x00000000f9100000| Untracked |  0
| 146|0x00000000f9200000, 0x00000000f9200000, 0x00000000f9300000|  0%| F|  |TAMS 0x00000000f9200000| PB 0x00000000f9200000| Untracked |  0
| 147|0x00000000f9300000, 0x00000000f9300000, 0x00000000f9400000|  0%| F|  |TAMS 0x00000000f9300000| PB 0x00000000f9300000| Untracked |  0
| 148|0x00000000f9400000, 0x00000000f9400000, 0x00000000f9500000|  0%| F|  |TAMS 0x00000000f9400000| PB 0x00000000f9400000| Untracked |  0
| 149|0x00000000f9500000, 0x00000000f9500000, 0x00000000f9600000|  0%| F|  |TAMS 0x00000000f9500000| PB 0x00000000f9500000| Untracked |  0
| 150|0x00000000f9600000, 0x00000000f9600000, 0x00000000f9700000|  0%| F|  |TAMS 0x00000000f9600000| PB 0x00000000f9600000| Untracked |  0
| 151|0x00000000f9700000, 0x00000000f9700000, 0x00000000f9800000|  0%| F|  |TAMS 0x00000000f9700000| PB 0x00000000f9700000| Untracked |  0
| 152|0x00000000f9800000, 0x00000000f9800000, 0x00000000f9900000|  0%| F|  |TAMS 0x00000000f9800000| PB 0x00000000f9800000| Untracked |  0
| 153|0x00000000f9900000, 0x00000000f9900000, 0x00000000f9a00000|  0%| F|  |TAMS 0x00000000f9900000| PB 0x00000000f9900000| Untracked |  0
| 154|0x00000000f9a00000, 0x00000000f9a00000, 0x00000000f9b00000|  0%| F|  |TAMS 0x00000000f9a00000| PB 0x00000000f9a00000| Untracked |  0
| 155|0x00000000f9b00000, 0x00000000f9b80000, 0x00000000f9c00000| 50%| E|  |TAMS 0x00000000f9b00000| PB 0x00000000f9b00000| Complete |  0
| 156|0x00000000f9c00000, 0x00000000f9d00000, 0x00000000f9d00000|100%| E|CS|TAMS 0x00000000f9c00000| PB 0x00000000f9c00000| Complete |  0
| 157|0x00000000f9d00000, 0x00000000f9e00000, 0x00000000f9e00000|100%| E|CS|TAMS 0x00000000f9d00000| PB 0x00000000f9d00000| Complete |  0
| 158|0x00000000f9e00000, 0x00000000f9f00000, 0x00000000f9f00000|100%| E|CS|TAMS 0x00000000f9e00000| PB 0x00000000f9e00000| Complete |  0
| 159|0x00000000f9f00000, 0x00000000fa000000, 0x00000000fa000000|100%| E|CS|TAMS 0x00000000f9f00000| PB 0x00000000f9f00000| Complete |  0
| 160|0x00000000fa000000, 0x00000000fa100000, 0x00000000fa100000|100%| E|CS|TAMS 0x00000000fa000000| PB 0x00000000fa000000| Complete |  0
| 161|0x00000000fa100000, 0x00000000fa200000, 0x00000000fa200000|100%| E|CS|TAMS 0x00000000fa100000| PB 0x00000000fa100000| Complete |  0
| 162|0x00000000fa200000, 0x00000000fa300000, 0x00000000fa300000|100%| E|CS|TAMS 0x00000000fa200000| PB 0x00000000fa200000| Complete |  0
| 163|0x00000000fa300000, 0x00000000fa400000, 0x00000000fa400000|100%| E|CS|TAMS 0x00000000fa300000| PB 0x00000000fa300000| Complete |  0
| 164|0x00000000fa400000, 0x00000000fa500000, 0x00000000fa500000|100%| E|CS|TAMS 0x00000000fa400000| PB 0x00000000fa400000| Complete |  0
| 165|0x00000000fa500000, 0x00000000fa600000, 0x00000000fa600000|100%| E|CS|TAMS 0x00000000fa500000| PB 0x00000000fa500000| Complete |  0
| 166|0x00000000fa600000, 0x00000000fa700000, 0x00000000fa700000|100%| E|CS|TAMS 0x00000000fa600000| PB 0x00000000fa600000| Complete |  0
| 167|0x00000000fa700000, 0x00000000fa800000, 0x00000000fa800000|100%| E|CS|TAMS 0x00000000fa700000| PB 0x00000000fa700000| Complete |  0
| 168|0x00000000fa800000, 0x00000000fa900000, 0x00000000fa900000|100%| E|CS|TAMS 0x00000000fa800000| PB 0x00000000fa800000| Complete |  0
| 169|0x00000000fa900000, 0x00000000faa00000, 0x00000000faa00000|100%| E|CS|TAMS 0x00000000fa900000| PB 0x00000000fa900000| Complete |  0
| 170|0x00000000faa00000, 0x00000000fab00000, 0x00000000fab00000|100%| E|CS|TAMS 0x00000000faa00000| PB 0x00000000faa00000| Complete |  0
| 171|0x00000000fab00000, 0x00000000fac00000, 0x00000000fac00000|100%| E|CS|TAMS 0x00000000fab00000| PB 0x00000000fab00000| Complete |  0
| 172|0x00000000fac00000, 0x00000000fad00000, 0x00000000fad00000|100%| E|CS|TAMS 0x00000000fac00000| PB 0x00000000fac00000| Complete |  0
| 173|0x00000000fad00000, 0x00000000fae00000, 0x00000000fae00000|100%| E|CS|TAMS 0x00000000fad00000| PB 0x00000000fad00000| Complete |  0
| 174|0x00000000fae00000, 0x00000000faf00000, 0x00000000faf00000|100%| E|CS|TAMS 0x00000000fae00000| PB 0x00000000fae00000| Complete |  0
| 175|0x00000000faf00000, 0x00000000fb000000, 0x00000000fb000000|100%| E|CS|TAMS 0x00000000faf00000| PB 0x00000000faf00000| Complete |  0
| 176|0x00000000fb000000, 0x00000000fb100000, 0x00000000fb100000|100%| E|CS|TAMS 0x00000000fb000000| PB 0x00000000fb000000| Complete |  0
| 177|0x00000000fb100000, 0x00000000fb200000, 0x00000000fb200000|100%| E|CS|TAMS 0x00000000fb100000| PB 0x00000000fb100000| Complete |  0
| 178|0x00000000fb200000, 0x00000000fb300000, 0x00000000fb300000|100%| E|CS|TAMS 0x00000000fb200000| PB 0x00000000fb200000| Complete |  0
| 179|0x00000000fb300000, 0x00000000fb400000, 0x00000000fb400000|100%| E|CS|TAMS 0x00000000fb300000| PB 0x00000000fb300000| Complete |  0
| 180|0x00000000fb400000, 0x00000000fb500000, 0x00000000fb500000|100%| E|CS|TAMS 0x00000000fb400000| PB 0x00000000fb400000| Complete |  0
| 181|0x00000000fb500000, 0x00000000fb600000, 0x00000000fb600000|100%| E|CS|TAMS 0x00000000fb500000| PB 0x00000000fb500000| Complete |  0
| 182|0x00000000fb600000, 0x00000000fb700000, 0x00000000fb700000|100%| E|CS|TAMS 0x00000000fb600000| PB 0x00000000fb600000| Complete |  0
| 183|0x00000000fb700000, 0x00000000fb800000, 0x00000000fb800000|100%| E|CS|TAMS 0x00000000fb700000| PB 0x00000000fb700000| Complete |  0
| 184|0x00000000fb800000, 0x00000000fb900000, 0x00000000fb900000|100%| E|CS|TAMS 0x00000000fb800000| PB 0x00000000fb800000| Complete |  0
| 185|0x00000000fb900000, 0x00000000fba00000, 0x00000000fba00000|100%| E|CS|TAMS 0x00000000fb900000| PB 0x00000000fb900000| Complete |  0
| 186|0x00000000fba00000, 0x00000000fbb00000, 0x00000000fbb00000|100%| E|CS|TAMS 0x00000000fba00000| PB 0x00000000fba00000| Complete |  0
| 187|0x00000000fbb00000, 0x00000000fbc00000, 0x00000000fbc00000|100%| E|CS|TAMS 0x00000000fbb00000| PB 0x00000000fbb00000| Complete |  0
| 188|0x00000000fbc00000, 0x00000000fbd00000, 0x00000000fbd00000|100%| E|CS|TAMS 0x00000000fbc00000| PB 0x00000000fbc00000| Complete |  0
| 189|0x00000000fbd00000, 0x00000000fbe00000, 0x00000000fbe00000|100%| E|CS|TAMS 0x00000000fbd00000| PB 0x00000000fbd00000| Complete |  0
| 190|0x00000000fbe00000, 0x00000000fbf00000, 0x00000000fbf00000|100%| E|CS|TAMS 0x00000000fbe00000| PB 0x00000000fbe00000| Complete |  0
| 191|0x00000000fbf00000, 0x00000000fc000000, 0x00000000fc000000|100%| E|CS|TAMS 0x00000000fbf00000| PB 0x00000000fbf00000| Complete |  0
| 192|0x00000000fc000000, 0x00000000fc100000, 0x00000000fc100000|100%| E|CS|TAMS 0x00000000fc000000| PB 0x00000000fc000000| Complete |  0
| 193|0x00000000fc100000, 0x00000000fc200000, 0x00000000fc200000|100%| E|CS|TAMS 0x00000000fc100000| PB 0x00000000fc100000| Complete |  0
| 194|0x00000000fc200000, 0x00000000fc300000, 0x00000000fc300000|100%| E|CS|TAMS 0x00000000fc200000| PB 0x00000000fc200000| Complete |  0
| 195|0x00000000fc300000, 0x00000000fc400000, 0x00000000fc400000|100%| E|CS|TAMS 0x00000000fc300000| PB 0x00000000fc300000| Complete |  0
| 196|0x00000000fc400000, 0x00000000fc500000, 0x00000000fc500000|100%| E|CS|TAMS 0x00000000fc400000| PB 0x00000000fc400000| Complete |  0
| 197|0x00000000fc500000, 0x00000000fc600000, 0x00000000fc600000|100%| E|CS|TAMS 0x00000000fc500000| PB 0x00000000fc500000| Complete |  0
| 198|0x00000000fc600000, 0x00000000fc700000, 0x00000000fc700000|100%| E|CS|TAMS 0x00000000fc600000| PB 0x00000000fc600000| Complete |  0
| 199|0x00000000fc700000, 0x00000000fc800000, 0x00000000fc800000|100%| E|CS|TAMS 0x00000000fc700000| PB 0x00000000fc700000| Complete |  0
| 200|0x00000000fc800000, 0x00000000fc900000, 0x00000000fc900000|100%| E|CS|TAMS 0x00000000fc800000| PB 0x00000000fc800000| Complete |  0
| 201|0x00000000fc900000, 0x00000000fca00000, 0x00000000fca00000|100%| E|CS|TAMS 0x00000000fc900000| PB 0x00000000fc900000| Complete |  0
| 202|0x00000000fca00000, 0x00000000fca3fff0, 0x00000000fcb00000| 24%| S|CS|TAMS 0x00000000fca00000| PB 0x00000000fca00000| Complete |  0
| 203|0x00000000fcb00000, 0x00000000fcc00000, 0x00000000fcc00000|100%| S|CS|TAMS 0x00000000fcb00000| PB 0x00000000fcb00000| Complete |  0
| 204|0x00000000fcc00000, 0x00000000fcd00000, 0x00000000fcd00000|100%| S|CS|TAMS 0x00000000fcc00000| PB 0x00000000fcc00000| Complete |  0
| 205|0x00000000fcd00000, 0x00000000fce00000, 0x00000000fce00000|100%| S|CS|TAMS 0x00000000fcd00000| PB 0x00000000fcd00000| Complete |  0
| 206|0x00000000fce00000, 0x00000000fcf00000, 0x00000000fcf00000|100%| S|CS|TAMS 0x00000000fce00000| PB 0x00000000fce00000| Complete |  0
| 207|0x00000000fcf00000, 0x00000000fd000000, 0x00000000fd000000|100%| E|CS|TAMS 0x00000000fcf00000| PB 0x00000000fcf00000| Complete |  0
| 208|0x00000000fd000000, 0x00000000fd100000, 0x00000000fd100000|100%| E|CS|TAMS 0x00000000fd000000| PB 0x00000000fd000000| Complete |  0
| 209|0x00000000fd100000, 0x00000000fd200000, 0x00000000fd200000|100%| E|CS|TAMS 0x00000000fd100000| PB 0x00000000fd100000| Complete |  0
| 210|0x00000000fd200000, 0x00000000fd300000, 0x00000000fd300000|100%| E|CS|TAMS 0x00000000fd200000| PB 0x00000000fd200000| Complete |  0
| 211|0x00000000fd300000, 0x00000000fd400000, 0x00000000fd400000|100%| E|CS|TAMS 0x00000000fd300000| PB 0x00000000fd300000| Complete |  0
| 212|0x00000000fd400000, 0x00000000fd500000, 0x00000000fd500000|100%| E|CS|TAMS 0x00000000fd400000| PB 0x00000000fd400000| Complete |  0
| 213|0x00000000fd500000, 0x00000000fd600000, 0x00000000fd600000|100%| E|CS|TAMS 0x00000000fd500000| PB 0x00000000fd500000| Complete |  0
| 214|0x00000000fd600000, 0x00000000fd700000, 0x00000000fd700000|100%| E|CS|TAMS 0x00000000fd600000| PB 0x00000000fd600000| Complete |  0
| 215|0x00000000fd700000, 0x00000000fd800000, 0x00000000fd800000|100%| E|CS|TAMS 0x00000000fd700000| PB 0x00000000fd700000| Complete |  0
| 216|0x00000000fd800000, 0x00000000fd900000, 0x00000000fd900000|100%| E|CS|TAMS 0x00000000fd800000| PB 0x00000000fd800000| Complete |  0
| 217|0x00000000fd900000, 0x00000000fda00000, 0x00000000fda00000|100%| E|CS|TAMS 0x00000000fd900000| PB 0x00000000fd900000| Complete |  0
| 218|0x00000000fda00000, 0x00000000fdb00000, 0x00000000fdb00000|100%| E|CS|TAMS 0x00000000fda00000| PB 0x00000000fda00000| Complete |  0
| 219|0x00000000fdb00000, 0x00000000fdc00000, 0x00000000fdc00000|100%| E|CS|TAMS 0x00000000fdb00000| PB 0x00000000fdb00000| Complete |  0
| 220|0x00000000fdc00000, 0x00000000fdd00000, 0x00000000fdd00000|100%| E|CS|TAMS 0x00000000fdc00000| PB 0x00000000fdc00000| Complete |  0
| 221|0x00000000fdd00000, 0x00000000fde00000, 0x00000000fde00000|100%| E|CS|TAMS 0x00000000fdd00000| PB 0x00000000fdd00000| Complete |  0
| 222|0x00000000fde00000, 0x00000000fdf00000, 0x00000000fdf00000|100%| E|CS|TAMS 0x00000000fde00000| PB 0x00000000fde00000| Complete |  0
| 223|0x00000000fdf00000, 0x00000000fe000000, 0x00000000fe000000|100%| E|CS|TAMS 0x00000000fdf00000| PB 0x00000000fdf00000| Complete |  0
| 224|0x00000000fe000000, 0x00000000fe100000, 0x00000000fe100000|100%| E|CS|TAMS 0x00000000fe000000| PB 0x00000000fe000000| Complete |  0
| 225|0x00000000fe100000, 0x00000000fe200000, 0x00000000fe200000|100%| E|CS|TAMS 0x00000000fe100000| PB 0x00000000fe100000| Complete |  0
| 226|0x00000000fe200000, 0x00000000fe300000, 0x00000000fe300000|100%| E|CS|TAMS 0x00000000fe200000| PB 0x00000000fe200000| Complete |  0
| 227|0x00000000fe300000, 0x00000000fe400000, 0x00000000fe400000|100%| E|CS|TAMS 0x00000000fe300000| PB 0x00000000fe300000| Complete |  0
| 228|0x00000000fe400000, 0x00000000fe500000, 0x00000000fe500000|100%| E|CS|TAMS 0x00000000fe400000| PB 0x00000000fe400000| Complete |  0
| 229|0x00000000fe500000, 0x00000000fe600000, 0x00000000fe600000|100%| E|CS|TAMS 0x00000000fe500000| PB 0x00000000fe500000| Complete |  0
| 230|0x00000000fe600000, 0x00000000fe700000, 0x00000000fe700000|100%| E|CS|TAMS 0x00000000fe600000| PB 0x00000000fe600000| Complete |  0
| 231|0x00000000fe700000, 0x00000000fe800000, 0x00000000fe800000|100%| E|CS|TAMS 0x00000000fe700000| PB 0x00000000fe700000| Complete |  0
| 232|0x00000000fe800000, 0x00000000fe900000, 0x00000000fe900000|100%| E|CS|TAMS 0x00000000fe800000| PB 0x00000000fe800000| Complete |  0
| 233|0x00000000fe900000, 0x00000000fea00000, 0x00000000fea00000|100%| E|CS|TAMS 0x00000000fe900000| PB 0x00000000fe900000| Complete |  0
| 234|0x00000000fea00000, 0x00000000feb00000, 0x00000000feb00000|100%| E|CS|TAMS 0x00000000fea00000| PB 0x00000000fea00000| Complete |  0
| 235|0x00000000feb00000, 0x00000000fec00000, 0x00000000fec00000|100%| E|CS|TAMS 0x00000000feb00000| PB 0x00000000feb00000| Complete |  0
| 236|0x00000000fec00000, 0x00000000fed00000, 0x00000000fed00000|100%| E|CS|TAMS 0x00000000fec00000| PB 0x00000000fec00000| Complete |  0
| 237|0x00000000fed00000, 0x00000000fee00000, 0x00000000fee00000|100%| E|CS|TAMS 0x00000000fed00000| PB 0x00000000fed00000| Complete |  0
| 238|0x00000000fee00000, 0x00000000fef00000, 0x00000000fef00000|100%| E|CS|TAMS 0x00000000fee00000| PB 0x00000000fee00000| Complete |  0
| 239|0x00000000fef00000, 0x00000000ff000000, 0x00000000ff000000|100%| E|CS|TAMS 0x00000000fef00000| PB 0x00000000fef00000| Complete |  0
| 240|0x00000000ff000000, 0x00000000ff100000, 0x00000000ff100000|100%| E|CS|TAMS 0x00000000ff000000| PB 0x00000000ff000000| Complete |  0
| 241|0x00000000ff100000, 0x00000000ff200000, 0x00000000ff200000|100%| E|CS|TAMS 0x00000000ff100000| PB 0x00000000ff100000| Complete |  0
| 242|0x00000000ff200000, 0x00000000ff300000, 0x00000000ff300000|100%| E|CS|TAMS 0x00000000ff200000| PB 0x00000000ff200000| Complete |  0
| 243|0x00000000ff300000, 0x00000000ff400000, 0x00000000ff400000|100%| E|CS|TAMS 0x00000000ff300000| PB 0x00000000ff300000| Complete |  0
| 244|0x00000000ff400000, 0x00000000ff500000, 0x00000000ff500000|100%| E|CS|TAMS 0x00000000ff400000| PB 0x00000000ff400000| Complete |  0
| 245|0x00000000ff500000, 0x00000000ff600000, 0x00000000ff600000|100%| E|CS|TAMS 0x00000000ff500000| PB 0x00000000ff500000| Complete |  0
| 246|0x00000000ff600000, 0x00000000ff700000, 0x00000000ff700000|100%| E|CS|TAMS 0x00000000ff600000| PB 0x00000000ff600000| Complete |  0
| 247|0x00000000ff700000, 0x00000000ff800000, 0x00000000ff800000|100%| E|CS|TAMS 0x00000000ff700000| PB 0x00000000ff700000| Complete |  0
| 248|0x00000000ff800000, 0x00000000ff900000, 0x00000000ff900000|100%| E|CS|TAMS 0x00000000ff800000| PB 0x00000000ff800000| Complete |  0
| 249|0x00000000ff900000, 0x00000000ffa00000, 0x00000000ffa00000|100%| E|CS|TAMS 0x00000000ff900000| PB 0x00000000ff900000| Complete |  0
| 250|0x00000000ffa00000, 0x00000000ffb00000, 0x00000000ffb00000|100%| E|CS|TAMS 0x00000000ffa00000| PB 0x00000000ffa00000| Complete |  0
| 251|0x00000000ffb00000, 0x00000000ffc00000, 0x00000000ffc00000|100%| E|CS|TAMS 0x00000000ffb00000| PB 0x00000000ffb00000| Complete |  0
| 252|0x00000000ffc00000, 0x00000000ffd00000, 0x00000000ffd00000|100%| E|CS|TAMS 0x00000000ffc00000| PB 0x00000000ffc00000| Complete |  0
| 253|0x00000000ffd00000, 0x00000000ffe00000, 0x00000000ffe00000|100%| E|CS|TAMS 0x00000000ffd00000| PB 0x00000000ffd00000| Complete |  0
| 254|0x00000000ffe00000, 0x00000000fff00000, 0x00000000fff00000|100%| O|  |TAMS 0x00000000ffe00000| PB 0x00000000ffe00000| Untracked |  0
| 255|0x00000000fff00000, 0x00000000fff24ea8, 0x0000000100000000| 14%| O|  |TAMS 0x00000000fff00000| PB 0x00000000fff00000| Untracked |  0

Card table byte_map: [0x000001f8aaf40000,0x000001f8aafc0000] _byte_map_base: 0x000001f8aa7c0000

Marking Bits: (CMBitMap*) 0x000001f8ab06a4f0
 Bits: [0x000001f8c2e70000, 0x000001f8c3270000)

Polling page: 0x000001f8a8e00000

Metaspace:
Metaspace        used 15819K, committed 16128K, reserved 1114112K
 class space     used 1907K, committed 2048K, reserved 1048576K

Usage:
  Non-class:     13.59 MB used.
      Class:      1.86 MB used.
       Both:     15.45 MB used.

Virtual space:
  Non-class space:       64.00 MB reserved,      13.75 MB ( 21%) committed,  1 nodes.
      Class space:        1.00 GB reserved,       2.00 MB ( <1%) committed,  1 nodes.
             Both:        1.06 GB reserved,      15.75 MB (  1%) committed. 

Chunk freelists:
   Non-Class:  1.86 MB
       Class:  13.86 MB
        Both:  15.72 MB

MaxMetaspaceSize: unlimited
CompressedClassSpaceSize: 1.00 GB
Initial GC threshold: 21.00 MB
Current GC threshold: 21.00 MB
CDS: on
 - commit_granule_bytes: 65536.
 - commit_granule_words: 8192.
 - virtual_space_node_default_size: 8388608.
 - enlarge_chunks_in_place: 1.
UseCompressedClassPointers 1, UseCompactObjectHeaders 0
Narrow klass pointer bits 32, Max shift 3
Narrow klass base: 0x0000000089000000, Narrow klass shift: 0
Encoding Range: [0x0000000089000000 - 0x0000000189000000), (4294967296 bytes)
Klass Range:    [0x0000000089010000 - 0x00000000ca000000), (1090453504 bytes)
Klass ID Range:  [65536 - 1090519033) (1090453497)
Protection zone: [0x0000000089000000 - 0x0000000089010000), (65536 bytes)


Internal statistics:

num_allocs_failed_limit: 0.
num_arena_births: 126.
num_arena_deaths: 0.
num_vsnodes_births: 2.
num_vsnodes_deaths: 0.
num_space_committed: 252.
num_space_uncommitted: 0.
num_chunks_returned_to_freelist: 0.
num_chunks_taken_from_freelist: 671.
num_chunk_merges: 0.
num_chunk_splits: 462.
num_chunks_enlarged: 374.
num_inconsistent_stats: 0.

CodeHeap 'non-profiled nmethods': size=120064Kb used=1578Kb max_used=1578Kb free=118485Kb
 bounds [0x000001f8bb5f0000, 0x000001f8bb860000, 0x000001f8c2b30000]
CodeHeap 'profiled nmethods': size=120000Kb used=6957Kb max_used=6957Kb free=113042Kb
 bounds [0x000001f8b3b30000, 0x000001f8b4200000, 0x000001f8bb060000]
CodeHeap 'non-nmethods': size=5696Kb used=1526Kb max_used=1573Kb free=4169Kb
 bounds [0x000001f8bb060000, 0x000001f8bb2d0000, 0x000001f8bb5f0000]
CodeCache: size=245760Kb, used=10061Kb, max_used=10108Kb, free=235696Kb
 total_blobs=4980, nmethods=4465, adapters=415, full_count=0
Compilation: enabled, stopped_count=0, restarted_count=0

Compilation events (20 events):
Event: 3.533 Thread 0x000001f8c5c35500 4396       1       org.apache.maven.model.DistributionManagement::getSnapshotRepository (5 bytes)
Event: 3.533 Thread 0x000001f8c5c35500 nmethod 4396 0x000001f8bb778208 code [0x000001f8bb778300, 0x000001f8bb7783c8]
Event: 3.534 Thread 0x000001f8c5c35500 4397       3       java.lang.Throwable::<init> (48 bytes)
Event: 3.535 Thread 0x000001f8c5c35500 nmethod 4397 0x000001f8b41d5b88 code [0x000001f8b41d5c80, 0x000001f8b41d6148]
Event: 3.535 Thread 0x000001f8c5c35500 4401       3       org.apache.maven.model.building.DefaultModelBuilder::getInterpolatedProfiles (219 bytes)
Event: 3.538 Thread 0x000001f8c5c35500 nmethod 4401 0x000001f8b41d6188 code [0x000001f8b41d6280, 0x000001f8b41db180]
Event: 3.539 Thread 0x000001f8c5c35500 4402   !   3       org.apache.maven.model.building.DefaultModelBuilder::configureResolver (140 bytes)
Event: 3.540 Thread 0x000001f8c5c35500 nmethod 4402 0x000001f8b41db208 code [0x000001f8b41db300, 0x000001f8b41dcaa0]
Event: 3.540 Thread 0x000001f8c5c35500 4405       3       org.apache.maven.model.building.DefaultModelBuildingResult::addModelId (20 bytes)
Event: 3.540 Thread 0x000001f8c5c35500 nmethod 4405 0x000001f8b41dcb08 code [0x000001f8b41dcc00, 0x000001f8b41dcf38]
Event: 3.540 Thread 0x000001f8c5c35500 4403       3       java.util.stream.Collectors::collectingAndThen (95 bytes)
Event: 3.541 Thread 0x000001f8c5c35500 nmethod 4403 0x000001f8b41dcf88 code [0x000001f8b41dd080, 0x000001f8b41dde48]
Event: 3.541 Thread 0x000001f8c5c35500 4398       3       java.util.Properties$EntrySet::size (10 bytes)
Event: 3.541 Thread 0x000001f8c5c35500 nmethod 4398 0x000001f8b41dde88 code [0x000001f8b41ddf80, 0x000001f8b41de150]
Event: 3.541 Thread 0x000001f8c5c35500 4399       3       java.util.concurrent.ConcurrentHashMap$CollectionView::size (8 bytes)
Event: 3.541 Thread 0x000001f8c5c35500 nmethod 4399 0x000001f8b41de188 code [0x000001f8b41de280, 0x000001f8b41de3d8]
Event: 3.541 Thread 0x000001f8c5c35500 4400       3       org.apache.maven.model.profile.DefaultProfileActivationContext$$Lambda/0x000000008a1b2070::apply (8 bytes)
Event: 3.542 Thread 0x000001f8c5c35500 nmethod 4400 0x000001f8b41de488 code [0x000001f8b41de580, 0x000001f8b41deb58]
Event: 3.542 Thread 0x000001f8c5c35500 4406       1       org.apache.maven.model.IssueManagement::setSystem (6 bytes)
Event: 3.542 Thread 0x000001f8c5c35500 nmethod 4406 0x000001f8bb778508 code [0x000001f8bb778600, 0x000001f8bb778710]

GC Heap Usage History (2 events):
Event: 1.631 {heap Before GC invocations=0 (full 0):
 garbage-first heap   total reserved 262144K, committed 262144K, used 49299K [0x00000000f0000000, 0x0000000100000000)
  region size 1024K, 47 young (48128K), 0 survivors (0K)
}
Event: 1.637 {heap After GC invocations=1 (full 0):
 garbage-first heap   total reserved 262144K, committed 262144K, used 5523K [0x00000000f0000000, 0x0000000100000000)
  region size 1024K, 5 young (5120K), 5 survivors (5120K)
}

Metaspace Usage History (2 events):
Event: 1.631 {metaspace Before GC invocations=0 (full 0):
 Metaspace       used 9054K, committed 9280K, reserved 1114112K
  class space    used 1105K, committed 1216K, reserved 1048576K
}
Event: 1.637 {metaspace After GC invocations=1 (full 0):
 Metaspace       used 9054K, committed 9280K, reserved 1114112K
  class space    used 1105K, committed 1216K, reserved 1048576K
}

Dll operation events (7 events):
Event: 0.017 Loaded shared library C:\Program Files\Eclipse Adoptium\jdk-25.0.2.10-hotspot\bin\java.dll
Event: 0.095 Loaded shared library C:\Program Files\Eclipse Adoptium\jdk-25.0.2.10-hotspot\bin\net.dll
Event: 0.098 Loaded shared library C:\Program Files\Eclipse Adoptium\jdk-25.0.2.10-hotspot\bin\nio.dll
Event: 0.106 Loaded shared library C:\Program Files\Eclipse Adoptium\jdk-25.0.2.10-hotspot\bin\zip.dll
Event: 0.328 Loaded shared library C:\Users\Lewhara Monilka\.m2\wrapper\dists\apache-maven-3.9.14\ed7edd442f634ac1c1ef5ba2b61b6d690b5221091f1a8e1123f5fadcc967520d\lib\jansi-native\Windows\x86_64\jansi.dll
Event: 0.328 Loaded shared library C:\Program Files\Eclipse Adoptium\jdk-25.0.2.10-hotspot\bin\jimage.dll
Event: 0.347 Loaded shared library C:\Program Files\Eclipse Adoptium\jdk-25.0.2.10-hotspot\bin\verify.dll

Deoptimization events (20 events):
Event: 3.492 Thread 0x000001f8a8b468c0 Uncommon trap: trap_request=0xffffffde fr.pc=0x000001f8bb62e1e4 relative=0x0000000000000b64
Event: 3.492 Thread 0x000001f8a8b468c0 Uncommon trap: reason=class_check action=maybe_recompile pc=0x000001f8bb62e1e4 method=java.util.concurrent.ConcurrentHashMap.putVal(Ljava/lang/Object;Ljava/lang/Object;Z)Ljava/lang/Object; @ 242 c2
Event: 3.492 Thread 0x000001f8a8b468c0 DEOPT PACKING pc=0x000001f8bb62e1e4 sp=0x000000f3d4cfcc00
Event: 3.492 Thread 0x000001f8a8b468c0 DEOPT UNPACKING pc=0x000001f8bb191202 sp=0x000000f3d4cfcb60 mode 2
Event: 3.521 Thread 0x000001f8a8b468c0 Uncommon trap: trap_request=0xffffffde fr.pc=0x000001f8bb668260 relative=0x0000000000000160
Event: 3.521 Thread 0x000001f8a8b468c0 Uncommon trap: reason=class_check action=maybe_recompile pc=0x000001f8bb668260 method=java.nio.charset.CharsetDecoder.decode(Ljava/nio/ByteBuffer;Ljava/nio/CharBuffer;Z)Ljava/nio/charset/CoderResult; @ 57 c2
Event: 3.521 Thread 0x000001f8a8b468c0 DEOPT PACKING pc=0x000001f8bb668260 sp=0x000000f3d4cfbd40
Event: 3.521 Thread 0x000001f8a8b468c0 DEOPT UNPACKING pc=0x000001f8bb191202 sp=0x000000f3d4cfbcc8 mode 2
Event: 3.521 Thread 0x000001f8a8b468c0 Uncommon trap: trap_request=0xffffffde fr.pc=0x000001f8bb668260 relative=0x0000000000000160
Event: 3.521 Thread 0x000001f8a8b468c0 Uncommon trap: reason=class_check action=maybe_recompile pc=0x000001f8bb668260 method=java.nio.charset.CharsetDecoder.decode(Ljava/nio/ByteBuffer;Ljava/nio/CharBuffer;Z)Ljava/nio/charset/CoderResult; @ 57 c2
Event: 3.521 Thread 0x000001f8a8b468c0 DEOPT PACKING pc=0x000001f8bb668260 sp=0x000000f3d4cfbd40
Event: 3.521 Thread 0x000001f8a8b468c0 DEOPT UNPACKING pc=0x000001f8bb191202 sp=0x000000f3d4cfbcc8 mode 2
Event: 3.521 Thread 0x000001f8a8b468c0 Uncommon trap: trap_request=0xffffffde fr.pc=0x000001f8bb668260 relative=0x0000000000000160
Event: 3.521 Thread 0x000001f8a8b468c0 Uncommon trap: reason=class_check action=maybe_recompile pc=0x000001f8bb668260 method=java.nio.charset.CharsetDecoder.decode(Ljava/nio/ByteBuffer;Ljava/nio/CharBuffer;Z)Ljava/nio/charset/CoderResult; @ 57 c2
Event: 3.521 Thread 0x000001f8a8b468c0 DEOPT PACKING pc=0x000001f8bb668260 sp=0x000000f3d4cfbd50
Event: 3.521 Thread 0x000001f8a8b468c0 DEOPT UNPACKING pc=0x000001f8bb191202 sp=0x000000f3d4cfbcd8 mode 2
Event: 3.523 Thread 0x000001f8a8b468c0 Uncommon trap: trap_request=0xffffffde fr.pc=0x000001f8bb668260 relative=0x0000000000000160
Event: 3.523 Thread 0x000001f8a8b468c0 Uncommon trap: reason=class_check action=maybe_recompile pc=0x000001f8bb668260 method=java.nio.charset.CharsetDecoder.decode(Ljava/nio/ByteBuffer;Ljava/nio/CharBuffer;Z)Ljava/nio/charset/CoderResult; @ 57 c2
Event: 3.523 Thread 0x000001f8a8b468c0 DEOPT PACKING pc=0x000001f8bb668260 sp=0x000000f3d4cfbbc0
Event: 3.523 Thread 0x000001f8a8b468c0 DEOPT UNPACKING pc=0x000001f8bb191202 sp=0x000000f3d4cfbb48 mode 2

Classes loaded (20 events):
Event: 2.477 Loading class java/lang/invoke/ClassSpecializer$Factory$1
Event: 2.478 Loading class java/lang/invoke/ClassSpecializer$Factory$1 done
Event: 2.478 Loading class java/lang/invoke/ClassSpecializer$Factory$1$1
Event: 2.478 Loading class java/lang/invoke/ClassSpecializer$Factory$1$1 done
Event: 2.478 Loading class java/lang/invoke/ClassSpecializer$Factory$1$1Var
Event: 2.478 Loading class java/lang/invoke/ClassSpecializer$Factory$1$1Var done
Event: 2.478 Loading class java/lang/invoke/ClassSpecializer$Factory$1$2
Event: 2.478 Loading class java/lang/invoke/ClassSpecializer$Factory$1$2 done
Event: 2.478 Loading class java/lang/invoke/ClassSpecializer$Factory$1$3
Event: 2.478 Loading class java/lang/invoke/ClassSpecializer$Factory$1$3 done
Event: 2.478 Loading class java/lang/invoke/ClassSpecializer$Factory$1$4
Event: 2.478 Loading class java/lang/invoke/ClassSpecializer$Factory$1$4 done
Event: 2.478 Loading class java/lang/invoke/ClassSpecializer$Factory$1$5
Event: 2.478 Loading class java/lang/invoke/ClassSpecializer$Factory$1$5 done
Event: 2.478 Loading class java/lang/invoke/ClassSpecializer$Factory$1$5$1
Event: 2.478 Loading class java/lang/invoke/ClassSpecializer$Factory$1$5$1 done
Event: 2.535 Loading class java/util/stream/Streams$RangeIntSpliterator
Event: 2.535 Loading class java/util/stream/Streams$RangeIntSpliterator done
Event: 3.520 Loading class sun/nio/cs/ISO_8859_1$Decoder
Event: 3.521 Loading class sun/nio/cs/ISO_8859_1$Decoder done

Classes unloaded (0 events):
No events

Classes redefined (0 events):
No events

Internal exceptions (20 events):
Event: 0.881 Thread 0x000001f8a8b468c0 Exception <a 'java/lang/NoSuchMethodError'{0x00000000feb72ca0}: 'int java.lang.invoke.DirectMethodHandle$Holder.invokeStaticInit(java.lang.Object, java.lang.Object)'> (0x00000000feb72ca0) 
thrown [s\src\hotspot\share\interpreter\linkResolver.cpp, line 804]
Event: 0.893 Thread 0x000001f8a8b468c0 Exception <a 'java/lang/NoClassDefFoundError'{0x00000000febae858}: javax/enterprise/inject/Typed> (0x00000000febae858) 
thrown [s\src\hotspot\share\classfile\systemDictionary.cpp, line 316]
Event: 1.899 Thread 0x000001f8a8b468c0 Exception <a 'java/lang/NoSuchMethodError'{0x00000000ff7444c8}: 'void java.lang.invoke.DirectMethodHandle$Holder.invokeStaticInit(java.lang.Object, java.lang.Object, java.lang.Object)'> (0x00000000ff7444c8) 
thrown [s\src\hotspot\share\interpreter\linkResolver.cpp, line 804]
Event: 1.918 Thread 0x000001f8a8b468c0 Implicit null exception at 0x000001f8bb66109d to 0x000001f8bb66122c
Event: 1.922 Thread 0x000001f8a8b468c0 Exception <a 'java/lang/NoSuchMethodError'{0x00000000ff7d2588}: 'java.lang.Object java.lang.invoke.Invokers$Holder.invokeExact_MT(java.lang.Object, int, java.lang.Object)'> (0x00000000ff7d2588) 
thrown [s\src\hotspot\share\interpreter\linkResolver.cpp, line 804]
Event: 2.165 Thread 0x000001f8a8b468c0 Exception <a 'java/lang/NoSuchMethodError'{0x00000000feff8528}: 'void java.lang.invoke.Invokers$Holder.invokeExact_MT(java.lang.Object, java.lang.Object, java.lang.Object, java.lang.Object)'> (0x00000000feff8528) 
thrown [s\src\hotspot\share\interpreter\linkResolver.cpp, line 804]
Event: 2.180 Thread 0x000001f8a8b468c0 Exception <a 'java/lang/NoClassDefFoundError'{0x00000000fee7e5a8}: com/google/inject/servlet/ServletModuleTargetVisitor> (0x00000000fee7e5a8) 
thrown [s\src\hotspot\share\classfile\systemDictionary.cpp, line 316]
Event: 2.293 Thread 0x000001f8a8b468c0 Exception <a 'java/lang/NoSuchMethodError'{0x00000000fecf6728}: 'java.lang.Object java.lang.invoke.DirectMethodHandle$Holder.invokeStaticInit(java.lang.Object, int, int, int, int)'> (0x00000000fecf6728) 
thrown [s\src\hotspot\share\interpreter\linkResolver.cpp, line 804]
Event: 2.382 Thread 0x000001f8a8b468c0 Implicit null exception at 0x000001f8bb62ea36 to 0x000001f8bb62f4f8
Event: 2.417 Thread 0x000001f8a8b468c0 Exception <a 'java/lang/NoSuchMethodError'{0x00000000fe7fe608}: 'void java.lang.invoke.DirectMethodHandle$Holder.invokeSpecial(java.lang.Object, java.lang.Object, java.lang.Object, java.lang.Object, java.lang.Object)'> (0x00000000fe7fe608) 
thrown [s\src\hotspot\share\interpreter\linkResolver.cpp, line 804]
Event: 2.422 Thread 0x000001f8a8b468c0 Exception <a 'java/lang/NoSuchMethodError'{0x00000000fe63a958}: 'void java.lang.invoke.DirectMethodHandle$Holder.invokeSpecial(java.lang.Object, java.lang.Object, java.lang.Object, java.lang.Object, java.lang.Object, java.lang.Object)'> (0x00000000fe63a958) 
thrown [s\src\hotspot\share\interpreter\linkResolver.cpp, line 804]
Event: 2.442 Thread 0x000001f8a8b468c0 Exception <a 'java/lang/NoSuchMethodError'{0x00000000fe585988}: 'java.lang.Object java.lang.invoke.DirectMethodHandle$Holder.invokeVirtual(java.lang.Object, java.lang.Object, java.lang.Object)'> (0x00000000fe585988) 
thrown [s\src\hotspot\share\interpreter\linkResolver.cpp, line 804]
Event: 2.477 Thread 0x000001f8a8b468c0 Exception <a 'java/lang/NoSuchMethodError'{0x00000000fe310b50}: 'void java.lang.invoke.DirectMethodHandle$Holder.invokeVirtual(java.lang.Object, java.lang.Object, int)'> (0x00000000fe310b50) 
thrown [s\src\hotspot\share\interpreter\linkResolver.cpp, line 804]
Event: 2.479 Thread 0x000001f8a8b468c0 Exception <a 'java/lang/NoSuchMethodError'{0x00000000fe329978}: 'java.lang.Object java.lang.invoke.DirectMethodHandle$Holder.invokeStatic(java.lang.Object, java.lang.Object, java.lang.Object, java.lang.Object, int)'> (0x00000000fe329978) 
thrown [s\src\hotspot\share\interpreter\linkResolver.cpp, line 804]
Event: 2.480 Thread 0x000001f8a8b468c0 Exception <a 'java/lang/NoSuchMethodError'{0x00000000fe33b0a8}: 'void java.lang.invoke.DirectMethodHandle$Holder.invokeSpecial(java.lang.Object, java.lang.Object, java.lang.Object, int)'> (0x00000000fe33b0a8) 
thrown [s\src\hotspot\share\interpreter\linkResolver.cpp, line 804]
Event: 2.480 Thread 0x000001f8a8b468c0 Exception <a 'java/lang/NoSuchMethodError'{0x00000000fe343440}: 'void java.lang.invoke.DelegatingMethodHandle$Holder.reinvoke_L(java.lang.Object, java.lang.Object, int)'> (0x00000000fe343440) 
thrown [s\src\hotspot\share\interpreter\linkResolver.cpp, line 804]
Event: 2.946 Thread 0x000001f8a8b468c0 Implicit null exception at 0x000001f8bb6df555 to 0x000001f8bb6e02ac
Event: 2.946 Thread 0x000001f8a8b468c0 Implicit null exception at 0x000001f8bb6eb8ca to 0x000001f8bb6ebad0
Event: 2.946 Thread 0x000001f8a8b468c0 Implicit null exception at 0x000001f8bb6dd5b9 to 0x000001f8bb6ddc8c
Event: 2.947 Thread 0x000001f8a8b468c0 Exception <a 'java/lang/NoSuchMethodError'{0x00000000fc4be790}: 'void java.lang.invoke.DirectMethodHandle$Holder.invokeStatic(java.lang.Object, java.lang.Object, java.lang.Object, java.lang.Object)'> (0x00000000fc4be790) 
thrown [s\src\hotspot\share\interpreter\linkResolver.cpp, line 804]

VM Operations (20 events):
Event: 1.967 Executing non-safepoint VM operation: HandshakeAllThreads (Deoptimize)
Event: 1.967 Executing non-safepoint VM operation: HandshakeAllThreads (Deoptimize) done
Event: 1.970 Executing non-safepoint VM operation: HandshakeAllThreads (Deoptimize)
Event: 1.970 Executing non-safepoint VM operation: HandshakeAllThreads (Deoptimize) done
Event: 2.056 Executing non-safepoint VM operation: HandshakeAllThreads (Deoptimize)
Event: 2.056 Executing non-safepoint VM operation: HandshakeAllThreads (Deoptimize) done
Event: 2.158 Executing non-safepoint VM operation: HandshakeAllThreads (Deoptimize)
Event: 2.158 Executing non-safepoint VM operation: HandshakeAllThreads (Deoptimize) done
Event: 2.258 Executing non-safepoint VM operation: HandshakeAllThreads (Deoptimize)
Event: 2.258 Executing non-safepoint VM operation: HandshakeAllThreads (Deoptimize) done
Event: 2.281 Executing non-safepoint VM operation: HandshakeAllThreads (Deoptimize)
Event: 2.281 Executing non-safepoint VM operation: HandshakeAllThreads (Deoptimize) done
Event: 2.309 Executing non-safepoint VM operation: HandshakeAllThreads (Deoptimize)
Event: 2.309 Executing non-safepoint VM operation: HandshakeAllThreads (Deoptimize) done
Event: 2.328 Executing non-safepoint VM operation: HandshakeAllThreads (Deoptimize)
Event: 2.328 Executing non-safepoint VM operation: HandshakeAllThreads (Deoptimize) done
Event: 2.355 Executing non-safepoint VM operation: HandshakeAllThreads (Deoptimize)
Event: 2.355 Executing non-safepoint VM operation: HandshakeAllThreads (Deoptimize) done
Event: 2.356 Executing non-safepoint VM operation: HandshakeAllThreads (Deoptimize)
Event: 2.356 Executing non-safepoint VM operation: HandshakeAllThreads (Deoptimize) done

Memory protections (0 events):
No events

Nmethod flushes (0 events):
No events

Events (20 events):
Event: 0.044 Thread 0x000001f8a8b468c0 Thread added: 0x000001f8a8b468c0
Event: 0.066 Thread 0x000001f8a8b468c0 Thread added: 0x000001f8c5c16580
Event: 0.066 Thread 0x000001f8a8b468c0 Thread added: 0x000001f8c5c18ea0
Event: 0.066 Thread 0x000001f8a8b468c0 Thread added: 0x000001f8c5c27380
Event: 0.066 Thread 0x000001f8a8b468c0 Thread added: 0x000001f8c5c27b40
Event: 0.066 Thread 0x000001f8a8b468c0 Thread added: 0x000001f8c5c28700
Event: 0.066 Thread 0x000001f8a8b468c0 Thread added: 0x000001f8c5c293f0
Event: 0.067 Thread 0x000001f8a8b468c0 Thread added: 0x000001f8c5c2ac30
Event: 0.067 Thread 0x000001f8a8b468c0 Thread added: 0x000001f8c5c35500
Event: 0.084 Thread 0x000001f8a8b468c0 Thread added: 0x000001f8ca0748c0
Event: 0.090 Thread 0x000001f8a8b468c0 Thread added: 0x000001f8ca078090
Event: 0.214 Thread 0x000001f8c5c2ac30 Thread added: 0x000001f8ca14d470
Event: 0.321 Thread 0x000001f8a8b468c0 Thread added: 0x000001f8ca456b80
Event: 0.343 Thread 0x000001f8ca456b80 Thread exited: 0x000001f8ca456b80
Event: 0.820 Thread 0x000001f8ca14d470 Thread exited: 0x000001f8ca14d470
Event: 0.915 Thread 0x000001f8c5c35500 Thread added: 0x000001f8caa9e7b0
Event: 0.933 Thread 0x000001f8c5c35500 Thread added: 0x000001f8caaa1810
Event: 1.643 Thread 0x000001f8caaa1810 Thread exited: 0x000001f8caaa1810
Event: 2.327 Thread 0x000001f8a8b468c0 Thread added: 0x000001f8cb4b00b0
Event: 3.069 Thread 0x000001f8c5c35500 Thread added: 0x000001f8caaa5080


Dynamic libraries:
0x00007ff608b50000 - 0x00007ff608b5e000 	C:\Program Files\Eclipse Adoptium\jdk-25.0.2.10-hotspot\bin\java.exe
0x00007ffc20a00000 - 0x00007ffc20c67000 	C:\WINDOWS\SYSTEM32\ntdll.dll
0x00007ffc1f7f0000 - 0x00007ffc1f8b9000 	C:\WINDOWS\System32\KERNEL32.DLL
0x00007ffc1e020000 - 0x00007ffc1e40f000 	C:\WINDOWS\System32\KERNELBASE.dll
0x00007ffc1e650000 - 0x00007ffc1e79b000 	C:\WINDOWS\System32\ucrtbase.dll
0x00007ffc0a140000 - 0x00007ffc0a156000 	C:\Program Files\Eclipse Adoptium\jdk-25.0.2.10-hotspot\bin\jli.dll
0x00007ffc0a100000 - 0x00007ffc0a11e000 	C:\Program Files\Eclipse Adoptium\jdk-25.0.2.10-hotspot\bin\VCRUNTIME140.dll
0x00007ffc1fe00000 - 0x00007ffc1ffc5000 	C:\WINDOWS\System32\USER32.dll
0x00007ffc1dd80000 - 0x00007ffc1dda7000 	C:\WINDOWS\System32\win32u.dll
0x00007ffc1cd50000 - 0x00007ffc1cfe3000 	C:\WINDOWS\WinSxS\amd64_microsoft.windows.common-controls_6595b64144ccf1df_6.0.26100.7309_none_3e05feeae336a044\COMCTL32.dll
0x00007ffc203b0000 - 0x00007ffc203db000 	C:\WINDOWS\System32\GDI32.dll
0x00007ffc1fd50000 - 0x00007ffc1fdf9000 	C:\WINDOWS\System32\msvcrt.dll
0x00007ffc1de40000 - 0x00007ffc1df6c000 	C:\WINDOWS\System32\gdi32full.dll
0x00007ffc1df70000 - 0x00007ffc1e013000 	C:\WINDOWS\System32\msvcp_win.dll
0x00007ffc203e0000 - 0x00007ffc20411000 	C:\WINDOWS\System32\IMM32.DLL
0x00007ffc16520000 - 0x00007ffc1652c000 	C:\Program Files\Eclipse Adoptium\jdk-25.0.2.10-hotspot\bin\vcruntime140_1.dll
0x00007ffbe8f30000 - 0x00007ffbe8fbd000 	C:\Program Files\Eclipse Adoptium\jdk-25.0.2.10-hotspot\bin\msvcp140.dll
0x00007ffb448b0000 - 0x00007ffb457d6000 	C:\Program Files\Eclipse Adoptium\jdk-25.0.2.10-hotspot\bin\server\jvm.dll
0x00007ffc20420000 - 0x00007ffc204d4000 	C:\WINDOWS\System32\ADVAPI32.dll
0x00007ffc1f730000 - 0x00007ffc1f7d6000 	C:\WINDOWS\System32\sechost.dll
0x00007ffc1ef60000 - 0x00007ffc1f078000 	C:\WINDOWS\System32\RPCRT4.dll
0x00007ffc1f6b0000 - 0x00007ffc1f724000 	C:\WINDOWS\System32\WS2_32.dll
0x00007ffc1d9b0000 - 0x00007ffc1da0e000 	C:\WINDOWS\SYSTEM32\POWRPROF.dll
0x00007ffc0c440000 - 0x00007ffc0c44b000 	C:\WINDOWS\SYSTEM32\VERSION.dll
0x00007ffc136c0000 - 0x00007ffc136f5000 	C:\WINDOWS\SYSTEM32\WINMM.dll
0x00007ffc1d990000 - 0x00007ffc1d9a4000 	C:\WINDOWS\SYSTEM32\UMPDC.dll
0x00007ffc1bfd0000 - 0x00007ffc1bfeb000 	C:\WINDOWS\SYSTEM32\kernel.appcore.dll
0x00007ffc0a7e0000 - 0x00007ffc0a7ea000 	C:\Program Files\Eclipse Adoptium\jdk-25.0.2.10-hotspot\bin\jimage.dll
0x00007ffc1d300000 - 0x00007ffc1d542000 	C:\WINDOWS\SYSTEM32\DBGHELP.DLL
0x00007ffc1ffd0000 - 0x00007ffc20356000 	C:\WINDOWS\System32\combase.dll
0x00007ffc20520000 - 0x00007ffc205f6000 	C:\WINDOWS\System32\OLEAUT32.dll
0x00007ffc1d1f0000 - 0x00007ffc1d22c000 	C:\WINDOWS\SYSTEM32\dbgcore.DLL
0x00007ffc1e5a0000 - 0x00007ffc1e645000 	C:\WINDOWS\System32\bcryptPrimitives.dll
0x00007ffc092e0000 - 0x00007ffc092fe000 	C:\Program Files\Eclipse Adoptium\jdk-25.0.2.10-hotspot\bin\java.dll
0x00007ffc1f280000 - 0x00007ffc1f417000 	C:\WINDOWS\System32\ole32.dll
0x00007ffc1e7a0000 - 0x00007ffc1eef3000 	C:\WINDOWS\System32\SHELL32.dll
0x00007ffc1dc10000 - 0x00007ffc1dd7a000 	C:\WINDOWS\System32\wintypes.dll
0x00007ffc1ae80000 - 0x00007ffc1b6de000 	C:\WINDOWS\SYSTEM32\windows.storage.dll
0x00007ffc1f420000 - 0x00007ffc1f514000 	C:\WINDOWS\System32\SHCORE.dll
0x00007ffc20720000 - 0x00007ffc20786000 	C:\WINDOWS\System32\shlwapi.dll
0x00007ffc1da70000 - 0x00007ffc1da99000 	C:\WINDOWS\SYSTEM32\profapi.dll
0x00007ffbf2780000 - 0x00007ffbf2791000 	C:\Program Files\Eclipse Adoptium\jdk-25.0.2.10-hotspot\bin\net.dll
0x00007ffc1c500000 - 0x00007ffc1c56b000 	C:\WINDOWS\system32\mswsock.dll
0x00007ffbe9020000 - 0x00007ffbe9036000 	C:\Program Files\Eclipse Adoptium\jdk-25.0.2.10-hotspot\bin\nio.dll
0x00007ffbe8ed0000 - 0x00007ffbe8ee7000 	C:\Program Files\Eclipse Adoptium\jdk-25.0.2.10-hotspot\bin\zip.dll
0x00007ffbe8da0000 - 0x00007ffbe8dc4000 	C:\Users\Lewhara Monilka\.m2\wrapper\dists\apache-maven-3.9.14\ed7edd442f634ac1c1ef5ba2b61b6d690b5221091f1a8e1123f5fadcc967520d\lib\jansi-native\Windows\x86_64\jansi.dll
0x00007ffc0a130000 - 0x00007ffc0a140000 	C:\Program Files\Eclipse Adoptium\jdk-25.0.2.10-hotspot\bin\verify.dll

JVMTI agents: none

dbghelp: loaded successfully - version: 4.0.5 - missing functions: none
symbol engine: initialized successfully - sym options: 0x614 - pdb path: .;C:\Program Files\Eclipse Adoptium\jdk-25.0.2.10-hotspot\bin;C:\WINDOWS\SYSTEM32;C:\WINDOWS\WinSxS\amd64_microsoft.windows.common-controls_6595b64144ccf1df_6.0.26100.7309_none_3e05feeae336a044;C:\Program Files\Eclipse Adoptium\jdk-25.0.2.10-hotspot\bin\server;C:\Users\Lewhara Monilka\.m2\wrapper\dists\apache-maven-3.9.14\ed7edd442f634ac1c1ef5ba2b61b6d690b5221091f1a8e1123f5fadcc967520d\lib\jansi-native\Windows\x86_64

VM Arguments:
jvm_args: --enable-native-access=ALL-UNNAMED -Xmx256m -Dclassworlds.conf=C:\Users\Lewhara Monilka\.m2\wrapper\dists\apache-maven-3.9.14\ed7edd442f634ac1c1ef5ba2b61b6d690b5221091f1a8e1123f5fadcc967520d\bin\m2.conf -Dmaven.home=C:\Users\Lewhara Monilka\.m2\wrapper\dists\apache-maven-3.9.14\ed7edd442f634ac1c1ef5ba2b61b6d690b5221091f1a8e1123f5fadcc967520d -Dlibrary.jansi.path=C:\Users\Lewhara Monilka\.m2\wrapper\dists\apache-maven-3.9.14\ed7edd442f634ac1c1ef5ba2b61b6d690b5221091f1a8e1123f5fadcc967520d\lib\jansi-native -Dmaven.multiModuleProjectDirectory=D:\PAF project\it3030-paf-2026-smart-campus-group_we_it_02.02_222\backend\backend 
java_command: org.codehaus.plexus.classworlds.launcher.Launcher spring-boot:run
java_class_path (initial): C:\Users\Lewhara Monilka\.m2\wrapper\dists\apache-maven-3.9.14\ed7edd442f634ac1c1ef5ba2b61b6d690b5221091f1a8e1123f5fadcc967520d\boot\plexus-classworlds-2.9.0.jar
Launcher Type: SUN_STANDARD

[Global flags]
     intx CICompilerCount                          = 4                                         {product} {ergonomic}
     uint ConcGCThreads                            = 2                                         {product} {ergonomic}
     uint G1ConcRefinementThreads                  = 8                                         {product} {ergonomic}
   size_t G1HeapRegionSize                         = 1048576                                   {product} {ergonomic}
   size_t InitialHeapSize                          = 268435456                                 {product} {ergonomic}
   size_t MarkStackSize                            = 4194304                                   {product} {ergonomic}
   size_t MarkStackSizeMax                         = 536870912                                 {product} {ergonomic}
   size_t MaxHeapSize                              = 268435456                                 {product} {command line}
   size_t MaxNewSize                               = 160432128                                 {product} {ergonomic}
   size_t MinHeapDeltaBytes                        = 1048576                                   {product} {ergonomic}
   size_t MinHeapSize                              = 8388608                                   {product} {ergonomic}
    uintx NonNMethodCodeHeapSize                   = 5832704                                {pd product} {ergonomic}
    uintx NonProfiledCodeHeapSize                  = 122945536                              {pd product} {ergonomic}
    uintx ProfiledCodeHeapSize                     = 122880000                              {pd product} {ergonomic}
    uintx ReservedCodeCacheSize                    = 251658240                              {pd product} {ergonomic}
     bool SegmentedCodeCache                       = true                                      {product} {ergonomic}
   size_t SoftMaxHeapSize                          = 268435456                              {manageable} {ergonomic}
     bool UseCompressedOops                        = true                           {product lp64_product} {ergonomic}
     bool UseG1GC                                  = true                                      {product} {ergonomic}
     bool UseLargePagesIndividualAllocation        = false                                  {pd product} {ergonomic}

Logging:
Log output configuration:
 #0: stdout all=warning uptime,level,tags foldmultilines=false
 #1: stderr all=off uptime,level,tags foldmultilines=false

Release file:
IMPLEMENTOR="Eclipse Adoptium" 
IMPLEMENTOR_VERSION="Temurin-25.0.2+10" 
JAVA_RUNTIME_VERSION="25.0.2+10-LTS" 
JAVA_VERSION="25.0.2" 
JAVA_VERSION_DATE="2026-01-20" 
LIBC="default" 
MODULES="java.base java.compiler java.datatransfer java.xml java.prefs java.desktop java.instrument java.logging java.management java.security.sasl java.naming java.rmi java.management.rmi java.net.http java.scripting java.security.jgss java.transaction.xa java.sql java.sql.rowset java.xml.crypto java.se java.smartcardio jdk.accessibility jdk.internal.jvmstat jdk.attach jdk.charsets jdk.internal.opt jdk.zipfs jdk.compiler jdk.crypto.cryptoki jdk.crypto.ec jdk.crypto.mscapi jdk.dynalink jdk.internal.ed jdk.editpad jdk.internal.vm.ci jdk.graal.compiler jdk.graal.compiler.management jdk.hotspot.agent jdk.httpserver jdk.incubator.vector jdk.internal.le jdk.internal.md jdk.jartool jdk.javadoc jdk.jcmd jdk.management jdk.management.agent jdk.jconsole jdk.jdeps jdk.jdwp.agent jdk.jdi jdk.jfr jdk.jlink jdk.jpackage jdk.jshell jdk.jsobject jdk.jstatd jdk.localedata jdk.management.jfr jdk.naming.dns jdk.naming.rmi jdk.net jdk.nio.mapmode jdk.sctp jdk.security.auth jdk.security.jgss jdk.unsupported jdk.unsupported.desktop jdk.xml.dom" 
OS_ARCH="x86_64" 
OS_NAME="Windows" 
SOURCE=".:git:9e3c947043a4" 
BUILD_SOURCE="git:458965074606f027bd5afce2cfd5c1055dea0438"
BUILD_SOURCE_REPO="https://github.com/adoptium/temurin-build.git"
SOURCE_REPO="https://github.com/adoptium/jdk25u.git"
FULL_VERSION="25.0.2+10-LTS"
SEMANTIC_VERSION="25.0.2+10"
BUILD_INFO="OS: Windows Server 2022 Version: 10.0"
JVM_VARIANT="Hotspot"
JVM_VERSION="25.0.2+10-LTS"
IMAGE_TYPE="JDK"

Environment Variables:
JAVA_HOME=C:\Program Files\Eclipse Adoptium\jdk-25.0.2.10-hotspot\
PATH=C:\Program Files\Google\Chrome\Application;C:\Program Files\Eclipse Adoptium\jdk-25.0.2.10-hotspot\bin;D:\oracl\dbhomeXE\bin;C:\ProgramData\anaconda3\Scripts\;C:\ProgramData\anaconda3\;C:\Users\Lewhara Monilka\Scripts\;C:\Users\Lewhara Monilka\;C:\Program Files\Common Files\Oracle\Java\javapath;C:\windows\system32;C:\windows;C:\windows\System32\Wbem;C:\windows\System32\WindowsPowerShell\v1.0\;C:\windows\System32\OpenSSH\;C:\Program Files (x86)\NVIDIA Corporation\PhysX\Common;C:\Program Files\NVIDIA Corporation\NVIDIA NvDLISR;C:\WINDOWS\system32;C:\WINDOWS;C:\WINDOWS\System32\Wbem;C:\WINDOWS\System32\WindowsPowerShell\v1.0\;C:\WINDOWS\System32\OpenSSH\;C:\Program Files\dotnet\;C:\Program Files (x86)\Microsoft SQL Server\160\Tools\Binn\;C:\Program Files\Microsoft SQL Server\160\Tools\Binn\;C:\Program Files\Microsoft SQL Server\Client SDK\ODBC\170\Tools\Binn\;C:\Program Files\Microsoft SQL Server\160\DTS\Binn\;C:\Program Files (x86)\Microsoft SQL Server\160\DTS\Binn\;C:\Program Files\Azure Data Studio\bin;C:\Program Files (x86)\Windows Kits\10\Windows Performance Toolkit\;C:\Program Files\HP\HP One Agent;C:\WINDOWS\system32;C:\WINDOWS;C:\WINDOWS\System32\Wbem;C:\WINDOWS\System32\WindowsPowerShell\v1.0\;C:\WINDOWS\System32\OpenSSH\;C:\Program Files\nodejs\;C:\Program Files\Git\cmd;C:\ProgramData\anaconda3\Scripts\;C:\ProgramData\anaconda3\;C:\Users\Lewhara Monilka\Scripts\;C:\Users\Lewhara Monilka\;C:\Program Files\Common Files\Oracle\Java\javapath;C:\windows\system32;C:\windows;C:\windows\System32\Wbem;C:\windows\System32\WindowsPowerShell\v1.0\;C:\windows\System32\OpenSSH\;C:\Program Files (x86)\NVIDIA Corporation\PhysX\Common;C:\Program Files\NVIDIA Corporation\NVIDIA NvDLISR;C:\WINDOWS\system32;C:\WINDOWS;C:\WINDOWS\System32\Wbem;C:\WINDOWS\System32\WindowsPowerShell\v1.0\;C:\WINDOWS\System32\OpenSSH\;C:\Program Files\dotnet\;C:\Program Files (x86)\Microsoft SQL Server\160\Tools\Binn\;C:\Program Files\Microsoft SQL Server\160\Tools\Binn\;C:\Program Files\Microsoft SQL Server\Client SDK\ODBC\170\Tools\Binn\;C:\Program Files\Microsoft SQL Server\160\DTS\Binn\;C:\Program Files (x86)\Microsoft SQL Server\160\DTS\Binn\;C:\Program Files\Azure Data Studio\bin;C:\Program Files (x86)\Windows Kits\10\Windows Performance Toolkit\;C:\Program Files\HP\HP One Agent;C:\WINDOWS\system32;C:\WINDOWS;D:\IntelliJ IDEA 2025.3.1\bin;C:\Users\Lewhara Monilka\AppData\Local\Programs\Microsoft VS Code\bin;D:\cursor\resources\app\bin
USERNAME=Lewhara Monilka
OS=Windows_NT
PROCESSOR_IDENTIFIER=Intel64 Family 6 Model 140 Stepping 2, GenuineIntel
TMP=C:\Users\LEWHAR~1\AppData\Local\Temp
TEMP=C:\Users\LEWHAR~1\AppData\Local\Temp




Compilation memory statistics disabled.

Periodic native trim disabled

---------------  S Y S T E M  ---------------

OS:
 Windows 11 , 64 bit Build 26100 (10.0.26100.7309)
OS uptime: 1 days 15:28 hours

CPU: total 8 (initial active 8) (4 cores per cpu, 2 threads per core) family 6 model 140 stepping 2 microcode 0x2c, cx8, cmov, fxsr, ht, mmx, 3dnowpref, sse, sse2, sse3, ssse3, sse4.1, sse4.2, popcnt, lzcnt, tsc, tscinvbit, avx, avx2, aes, erms, clmul, bmi1, bmi2, adx, avx512f, avx512dq, avx512cd, avx512bw, avx512vl, sha, fma, vzeroupper, avx512_vpopcntdq, avx512_vpclmulqdq, avx512_vaes, avx512_vnni, clflush, clflushopt, clwb, avx512_vbmi2, avx512_vbmi, rdtscp, rdpid, fsrm, gfni, avx512_bitalg, f16c, pku, cet_ibt, cet_ss, avx512_ifma
Processor Information for processor 0
  Max Mhz: 2496, Current Mhz: 2496, Mhz Limit: 2496
Processor Information for processor 1
  Max Mhz: 2496, Current Mhz: 998, Mhz Limit: 2496
Processor Information for processor 2
  Max Mhz: 2496, Current Mhz: 998, Mhz Limit: 2496
Processor Information for processor 3
  Max Mhz: 2496, Current Mhz: 2496, Mhz Limit: 2496
Processor Information for processor 4
  Max Mhz: 2496, Current Mhz: 2496, Mhz Limit: 2496
Processor Information for processor 5
  Max Mhz: 2496, Current Mhz: 2496, Mhz Limit: 2496
Processor Information for processor 6
  Max Mhz: 2496, Current Mhz: 998, Mhz Limit: 2496
Processor Information for processor 7
  Max Mhz: 2496, Current Mhz: 2496, Mhz Limit: 2496

Memory: 4k page, system-wide physical 20229M (3200M free)
TotalPageFile size 24976M (AvailPageFile size 6M)
current process WorkingSet (physical memory assigned to process): 203M, peak: 203M
current process commit charge ("private bytes"): 400M, peak: 412M

vm_info: OpenJDK 64-Bit Server VM (25.0.2+10-LTS) for windows-amd64 JRE (25.0.2+10-LTS), built on 2026-01-20T00:00:00Z with MS VC++ 17.12 (VS2022)

END.
