#
# There is insufficient memory for the Java Runtime Environment to continue.
# Native memory allocation (malloc) failed to allocate 18095192 bytes. Error detail: Chunk::new
# Possible reasons:
#   The system is out of physical RAM or swap space
#   This process is running with CompressedOops enabled, and the Java Heap may be blocking the growth of the native heap
# Possible solutions:
#   Reduce memory load on the system
#   Increase physical memory or swap space
#   Check if swap backing store is full
#   Decrease Java heap size (-Xmx/-Xms)
#   Decrease number of Java threads
#   Decrease Java thread stack sizes (-Xss)
#   Set larger code cache with -XX:ReservedCodeCacheSize=
#   JVM is running with Unscaled Compressed Oops mode in which the Java heap is
#     placed in the first 4GB address space. The Java Heap base address is the
#     maximum limit for the native heap growth. Please use -XX:HeapBaseMinAddress
#     to set the Java Heap base and to place the Java Heap above 4GB virtual address.
# This output file may be truncated or incomplete.
#
#  Out of Memory Error (arena.cpp:186), pid=20648, tid=31096
#
# JRE version: OpenJDK Runtime Environment Temurin-25.0.2+10 (25.0.2+10) (build 25.0.2+10-LTS)
# Java VM: OpenJDK 64-Bit Server VM Temurin-25.0.2+10 (25.0.2+10-LTS, mixed mode, sharing, tiered, compressed oops, compressed class ptrs, g1 gc, windows-amd64)
# No core dump will be written. Minidumps are not enabled by default on client versions of Windows
#

---------------  S U M M A R Y ------------

Command Line: --enable-native-access=ALL-UNNAMED -Xmx256m -Dclassworlds.conf=C:\Users\Lewhara Monilka\.m2\wrapper\dists\apache-maven-3.9.14\ed7edd442f634ac1c1ef5ba2b61b6d690b5221091f1a8e1123f5fadcc967520d\bin\m2.conf -Dmaven.home=C:\Users\Lewhara Monilka\.m2\wrapper\dists\apache-maven-3.9.14\ed7edd442f634ac1c1ef5ba2b61b6d690b5221091f1a8e1123f5fadcc967520d -Dlibrary.jansi.path=C:\Users\Lewhara Monilka\.m2\wrapper\dists\apache-maven-3.9.14\ed7edd442f634ac1c1ef5ba2b61b6d690b5221091f1a8e1123f5fadcc967520d\lib\jansi-native -Dmaven.multiModuleProjectDirectory=D:\PAF project\it3030-paf-2026-smart-campus-group_we_it_02.02_222\backend\backend org.codehaus.plexus.classworlds.launcher.Launcher clean package -DskipTests

Host: 11th Gen Intel(R) Core(TM) i5-1155G7 @ 2.50GHz, 8 cores, 19G,  Windows 11 , 64 bit Build 26100 (10.0.26100.7309)
Time: Wed Apr 22 10:39:54 2026 Sri Lanka Standard Time elapsed time: 64.274662 seconds (0d 0h 1m 4s)

---------------  T H R E A D  ---------------

Current thread (0x000002604f60a7f0):  JavaThread "C2 CompilerThread2" daemon [_thread_in_native, id=31096, stack(0x0000007542200000,0x0000007542300000) (1024K)]


Current CompileTask:
C2:64274 11380   !   4       org.codehaus.plexus.classworlds.realm.ClassRealm::loadClass (33 bytes)

Stack: [0x0000007542200000,0x0000007542300000]
Native frames: (J=compiled Java code, j=interpreted, Vv=VM code, C=native code)
V  [jvm.dll+0x7a8bc9]  (no source info available)
V  [jvm.dll+0x77310d]  (no source info available)
V  [jvm.dll+0x9f55f3]  (no source info available)
V  [jvm.dll+0x9f7be1]  (no source info available)
V  [jvm.dll+0x9f82f3]  (no source info available)
V  [jvm.dll+0x2fce26]  (no source info available)
V  [jvm.dll+0x111076]  (no source info available)
V  [jvm.dll+0x11139e]  (no source info available)
V  [jvm.dll+0x19fff2]  (no source info available)
V  [jvm.dll+0x3b5f62]  (no source info available)
V  [jvm.dll+0x7ae53c]  (no source info available)
V  [jvm.dll+0x2c0407]  (no source info available)
V  [jvm.dll+0x2bf3cf]  (no source info available)
V  [jvm.dll+0x237140]  (no source info available)
V  [jvm.dll+0x2cf4c6]  (no source info available)
V  [jvm.dll+0x2cd74a]  (no source info available)
V  [jvm.dll+0x48fbee]  (no source info available)
V  [jvm.dll+0x996b0d]  (no source info available)
V  [jvm.dll+0x7a71a5]  (no source info available)
C  [ucrtbase.dll+0x37b0]  (no source info available)
C  [KERNEL32.DLL+0x2e8d7]  (no source info available)
C  [ntdll.dll+0x8c53c]  (no source info available)

Lock stack of current Java thread (top to bottom):


---------------  P R O C E S S  ---------------

Threads class SMR info:
_java_thread_list=0x0000026051ffbdf0, length=14, elements={
0x000002602d4ab150, 0x000002604a42a7f0, 0x000002604a42e120, 0x000002604a4305e0,
0x000002604a4311a0, 0x000002604a433320, 0x000002604a436230, 0x000002604a459300,
0x000002604a45d330, 0x000002604a5e7040, 0x000002604a5eaca0, 0x000002604ff67790,
0x000002604f605750, 0x000002604f60a7f0
}

Java Threads: ( => current thread )
  0x000002602d4ab150 JavaThread "main"                              [_thread_in_native, id=11424, stack(0x0000007542400000,0x0000007542500000) (1024K)]
  0x000002604a42a7f0 JavaThread "Reference Handler"          daemon [_thread_blocked, id=17156, stack(0x0000007542c00000,0x0000007542d00000) (1024K)]
  0x000002604a42e120 JavaThread "Finalizer"                  daemon [_thread_blocked, id=25028, stack(0x0000007542d00000,0x0000007542e00000) (1024K)]
  0x000002604a4305e0 JavaThread "Signal Dispatcher"          daemon [_thread_blocked, id=14812, stack(0x0000007542e00000,0x0000007542f00000) (1024K)]
  0x000002604a4311a0 JavaThread "Attach Listener"            daemon [_thread_blocked, id=17556, stack(0x0000007542f00000,0x0000007543000000) (1024K)]
  0x000002604a433320 JavaThread "Service Thread"             daemon [_thread_blocked, id=8220, stack(0x0000007543000000,0x0000007543100000) (1024K)]
  0x000002604a436230 JavaThread "Monitor Deflation Thread"   daemon [_thread_blocked, id=13892, stack(0x0000007543100000,0x0000007543200000) (1024K)]
  0x000002604a459300 JavaThread "C2 CompilerThread0"         daemon [_thread_in_native, id=8620, stack(0x0000007543200000,0x0000007543300000) (1024K)]
  0x000002604a45d330 JavaThread "C1 CompilerThread0"         daemon [_thread_blocked, id=25040, stack(0x0000007543300000,0x0000007543400000) (1024K)]
  0x000002604a5e7040 JavaThread "Notification Thread"        daemon [_thread_blocked, id=23428, stack(0x0000007543400000,0x0000007543500000) (1024K)]
  0x000002604a5eaca0 JavaThread "Common-Cleaner"             daemon [_thread_blocked, id=22704, stack(0x0000007543500000,0x0000007543600000) (1024K)]
  0x000002604ff67790 JavaThread "Thread-1"                   daemon [_thread_blocked, id=14592, stack(0x0000007543c00000,0x0000007543d00000) (1024K)]
  0x000002604f605750 JavaThread "C2 CompilerThread1"         daemon [_thread_in_native, id=14672, stack(0x0000007542100000,0x0000007542200000) (1024K)]
=>0x000002604f60a7f0 JavaThread "C2 CompilerThread2"         daemon [_thread_in_native, id=31096, stack(0x0000007542200000,0x0000007542300000) (1024K)]
Total: 14

Other Threads:
  0x000002602f88cb50 VMThread "VM Thread"                           [id=23756, stack(0x0000007542b00000,0x0000007542c00000) (1024K)]
  0x000002602f87e0b0 WatcherThread "VM Periodic Task Thread"        [id=27572, stack(0x0000007542a00000,0x0000007542b00000) (1024K)]
  0x000002602f7fc6e0 WorkerThread "GC Thread#0"                     [id=22900, stack(0x0000007542500000,0x0000007542600000) (1024K)]
  0x000002604f92ca00 WorkerThread "GC Thread#1"                     [id=15440, stack(0x0000007543700000,0x0000007543800000) (1024K)]
  0x000002604f92ce30 WorkerThread "GC Thread#2"                     [id=22076, stack(0x0000007543800000,0x0000007543900000) (1024K)]
  0x000002604f92d260 WorkerThread "GC Thread#3"                     [id=4512, stack(0x0000007543900000,0x0000007543a00000) (1024K)]
  0x000002604fab3e20 WorkerThread "GC Thread#4"                     [id=23028, stack(0x0000007543a00000,0x0000007543b00000) (1024K)]
  0x000002604fab4a60 WorkerThread "GC Thread#5"                     [id=9976, stack(0x0000007543b00000,0x0000007543c00000) (1024K)]
  0x000002605004b2d0 WorkerThread "GC Thread#6"                     [id=10416, stack(0x0000007543e00000,0x0000007543f00000) (1024K)]
  0x000002605004eae0 WorkerThread "GC Thread#7"                     [id=6240, stack(0x0000007543f00000,0x0000007544000000) (1024K)]
  0x000002602f800bc0 ConcurrentGCThread "G1 Main Marker"            [id=13124, stack(0x0000007542600000,0x0000007542700000) (1024K)]
  0x000002602f801760 WorkerThread "G1 Conc#0"                       [id=9532, stack(0x0000007542700000,0x0000007542800000) (1024K)]
  0x000002605004b720 WorkerThread "G1 Conc#1"                       [id=13816, stack(0x0000007544000000,0x0000007544100000) (1024K)]
  0x000002602f865240 ConcurrentGCThread "G1 Refine#0"               [id=19916, stack(0x0000007542800000,0x0000007542900000) (1024K)]
  0x000002602f868d70 ConcurrentGCThread "G1 Service"                [id=27928, stack(0x0000007542900000,0x0000007542a00000) (1024K)]
Total: 15

Threads with active compile tasks:
C2 CompilerThread0  64343 11531   !   4       com.google.inject.spi.InjectionPoint::getInjectionPoints (489 bytes)
C2 CompilerThread1  64343 11528       4       org.codehaus.plexus.classworlds.realm.ClassRealm::loadClass (7 bytes)
C2 CompilerThread2  64343 11380   !   4       org.codehaus.plexus.classworlds.realm.ClassRealm::loadClass (33 bytes)
Total: 3

VM state: not at safepoint (normal execution)

VM Mutex/Monitor currently owned by a thread: None

Heap address: 0x00000000f0000000, size: 256 MB, Compressed Oops mode: 32-bit

CDS archive(s) mapped at: [0x0000000020000000-0x0000000020dd0000-0x0000000020dd0000), size 14483456, SharedBaseAddress: 0x0000000020000000, ArchiveRelocationMode: 1.
Compressed class space mapped at: 0x0000000021000000-0x0000000061000000, reserved size: 1073741824
UseCompressedClassPointers 1, UseCompactObjectHeaders 0
Narrow klass pointer bits 32, Max shift 3
Narrow klass base: 0x0000000020000000, Narrow klass shift: 0
Encoding Range: [0x0000000020000000 - 0x0000000120000000), (4294967296 bytes)
Klass Range:    [0x0000000020010000 - 0x0000000061000000), (1090453504 bytes)
Klass ID Range:  [65536 - 1090519033) (1090453497)
Protection zone: [0x0000000020000000 - 0x0000000020010000), (65536 bytes)

GC Precious Log:
 CardTable entry size: 512
 Card Set container configuration: InlinePtr #cards 5 size 8 Array Of Cards #cards 10 size 36 Howl #buckets 4 coarsen threshold 1843 Howl Bitmap #cards 512 size 80 coarsen threshold 460 Card regions per heap region 1 cards per card region 2048
 CPUs: 8 total, 8 available
 Memory: 20229M
 Large Page Support: Disabled
 NUMA Support: Disabled
 Compressed Oops: Enabled (32-bit)
 Heap Region Size: 1M
 Heap Min Capacity: 8M
 Heap Initial Capacity: 256M
 Heap Max Capacity: 256M
 Pre-touch: Disabled
 Parallel Workers: 8
 Concurrent Workers: 2
 Concurrent Refinement Workers: 8
 Periodic GC: Disabled

Heap:
 garbage-first heap   total reserved 262144K, committed 105472K, used 82394K [0x00000000f0000000, 0x0000000100000000)
  region size 1024K, 43 young (44032K), 5 survivors (5120K)

Heap Regions: E=young(eden), S=young(survivor), O=old, HS=humongous(starts), HC=humongous(continues), CS=collection set, F=free, TAMS=top-at-mark-start, PB=parsable bottom
|   0|0x00000000f0000000, 0x00000000f0100000, 0x00000000f0100000|100%| O|  |TAMS 0x00000000f0000000| PB 0x00000000f0000000| Untracked |  0
|   1|0x00000000f0100000, 0x00000000f0200000, 0x00000000f0200000|100%| O|  |TAMS 0x00000000f0100000| PB 0x00000000f0100000| Untracked |  0
|   2|0x00000000f0200000, 0x00000000f0300000, 0x00000000f0300000|100%| O|  |TAMS 0x00000000f0200000| PB 0x00000000f0200000| Untracked |  0
|   3|0x00000000f0300000, 0x00000000f0400000, 0x00000000f0400000|100%| O|  |TAMS 0x00000000f0300000| PB 0x00000000f0300000| Untracked |  0
|   4|0x00000000f0400000, 0x00000000f0500000, 0x00000000f0500000|100%| O|  |TAMS 0x00000000f0400000| PB 0x00000000f0400000| Untracked |  0
|   5|0x00000000f0500000, 0x00000000f0600000, 0x00000000f0600000|100%| O|  |TAMS 0x00000000f0500000| PB 0x00000000f0500000| Untracked |  0
|   6|0x00000000f0600000, 0x00000000f0700000, 0x00000000f0700000|100%| O|  |TAMS 0x00000000f0600000| PB 0x00000000f0600000| Untracked |  0
|   7|0x00000000f0700000, 0x00000000f0800000, 0x00000000f0800000|100%| O|  |TAMS 0x00000000f0700000| PB 0x00000000f0700000| Untracked |  0
|   8|0x00000000f0800000, 0x00000000f0900000, 0x00000000f0900000|100%| O|  |TAMS 0x00000000f0800000| PB 0x00000000f0800000| Untracked |  0
|   9|0x00000000f0900000, 0x00000000f0a00000, 0x00000000f0a00000|100%| O|  |TAMS 0x00000000f0900000| PB 0x00000000f0900000| Untracked |  0
|  10|0x00000000f0a00000, 0x00000000f0b00000, 0x00000000f0b00000|100%| O|  |TAMS 0x00000000f0a00000| PB 0x00000000f0a00000| Untracked |  0
|  11|0x00000000f0b00000, 0x00000000f0c00000, 0x00000000f0c00000|100%| O|  |TAMS 0x00000000f0b00000| PB 0x00000000f0b00000| Untracked |  0
|  12|0x00000000f0c00000, 0x00000000f0c00000, 0x00000000f0d00000|  0%| F|  |TAMS 0x00000000f0c00000| PB 0x00000000f0c00000| Untracked |  0
|  13|0x00000000f0d00000, 0x00000000f0e00000, 0x00000000f0e00000|100%|HS|  |TAMS 0x00000000f0d00000| PB 0x00000000f0d00000| Complete |  0
|  14|0x00000000f0e00000, 0x00000000f0f00000, 0x00000000f0f00000|100%| O|  |TAMS 0x00000000f0e00000| PB 0x00000000f0e00000| Untracked |  0
|  15|0x00000000f0f00000, 0x00000000f1000000, 0x00000000f1000000|100%|HS|  |TAMS 0x00000000f0f00000| PB 0x00000000f0f00000| Complete |  0
|  16|0x00000000f1000000, 0x00000000f1100000, 0x00000000f1100000|100%|HC|  |TAMS 0x00000000f1000000| PB 0x00000000f1000000| Complete |  0
|  17|0x00000000f1100000, 0x00000000f1200000, 0x00000000f1200000|100%| O|  |TAMS 0x00000000f1100000| PB 0x00000000f1100000| Untracked |  0
|  18|0x00000000f1200000, 0x00000000f1300000, 0x00000000f1300000|100%|HS|  |TAMS 0x00000000f1200000| PB 0x00000000f1200000| Complete |  0
|  19|0x00000000f1300000, 0x00000000f1400000, 0x00000000f1400000|100%|HC|  |TAMS 0x00000000f1300000| PB 0x00000000f1300000| Complete |  0
|  20|0x00000000f1400000, 0x00000000f1500000, 0x00000000f1500000|100%| O|  |TAMS 0x00000000f1400000| PB 0x00000000f1400000| Untracked |  0
|  21|0x00000000f1500000, 0x00000000f1500000, 0x00000000f1600000|  0%| F|  |TAMS 0x00000000f1500000| PB 0x00000000f1500000| Untracked |  0
|  22|0x00000000f1600000, 0x00000000f1600000, 0x00000000f1700000|  0%| F|  |TAMS 0x00000000f1600000| PB 0x00000000f1600000| Untracked |  0
|  23|0x00000000f1700000, 0x00000000f1800000, 0x00000000f1800000|100%| O|  |TAMS 0x00000000f1700000| PB 0x00000000f1700000| Untracked |  0
|  24|0x00000000f1800000, 0x00000000f1900000, 0x00000000f1900000|100%| O|  |TAMS 0x00000000f1800000| PB 0x00000000f1800000| Untracked |  0
|  25|0x00000000f1900000, 0x00000000f1900000, 0x00000000f1a00000|  0%| F|  |TAMS 0x00000000f1900000| PB 0x00000000f1900000| Untracked |  0
|  26|0x00000000f1a00000, 0x00000000f1b00000, 0x00000000f1b00000|100%| O|  |TAMS 0x00000000f1a00000| PB 0x00000000f1a00000| Untracked |  0
|  27|0x00000000f1b00000, 0x00000000f1b00000, 0x00000000f1c00000|  0%| F|  |TAMS 0x00000000f1b00000| PB 0x00000000f1b00000| Untracked |  0
|  28|0x00000000f1c00000, 0x00000000f1d00000, 0x00000000f1d00000|100%| O|  |TAMS 0x00000000f1c00000| PB 0x00000000f1c00000| Untracked |  0
|  29|0x00000000f1d00000, 0x00000000f1d00000, 0x00000000f1e00000|  0%| F|  |TAMS 0x00000000f1d00000| PB 0x00000000f1d00000| Untracked |  0
|  30|0x00000000f1e00000, 0x00000000f1e00000, 0x00000000f1f00000|  0%| F|  |TAMS 0x00000000f1e00000| PB 0x00000000f1e00000| Untracked |  0
|  31|0x00000000f1f00000, 0x00000000f1f00000, 0x00000000f2000000|  0%| F|  |TAMS 0x00000000f1f00000| PB 0x00000000f1f00000| Untracked |  0
|  32|0x00000000f2000000, 0x00000000f2000000, 0x00000000f2100000|  0%| F|  |TAMS 0x00000000f2000000| PB 0x00000000f2000000| Untracked |  0
|  33|0x00000000f2100000, 0x00000000f2100000, 0x00000000f2200000|  0%| F|  |TAMS 0x00000000f2100000| PB 0x00000000f2100000| Untracked |  0
|  34|0x00000000f2200000, 0x00000000f2200000, 0x00000000f2300000|  0%| F|  |TAMS 0x00000000f2200000| PB 0x00000000f2200000| Untracked |  0
|  35|0x00000000f2300000, 0x00000000f2300000, 0x00000000f2400000|  0%| F|  |TAMS 0x00000000f2300000| PB 0x00000000f2300000| Untracked |  0
|  36|0x00000000f2400000, 0x00000000f2400000, 0x00000000f2500000|  0%| F|  |TAMS 0x00000000f2400000| PB 0x00000000f2400000| Untracked |  0
|  37|0x00000000f2500000, 0x00000000f2500000, 0x00000000f2600000|  0%| F|  |TAMS 0x00000000f2500000| PB 0x00000000f2500000| Untracked |  0
|  38|0x00000000f2600000, 0x00000000f2600000, 0x00000000f2700000|  0%| F|  |TAMS 0x00000000f2600000| PB 0x00000000f2600000| Untracked |  0
|  39|0x00000000f2700000, 0x00000000f2800000, 0x00000000f2800000|100%| O|  |TAMS 0x00000000f2700000| PB 0x00000000f2700000| Untracked |  0
|  40|0x00000000f2800000, 0x00000000f2800000, 0x00000000f2900000|  0%| F|  |TAMS 0x00000000f2800000| PB 0x00000000f2800000| Untracked |  0
|  41|0x00000000f2900000, 0x00000000f2900000, 0x00000000f2a00000|  0%| F|  |TAMS 0x00000000f2900000| PB 0x00000000f2900000| Untracked |  0
|  42|0x00000000f2a00000, 0x00000000f2a00000, 0x00000000f2b00000|  0%| F|  |TAMS 0x00000000f2a00000| PB 0x00000000f2a00000| Untracked |  0
|  43|0x00000000f2b00000, 0x00000000f2b00000, 0x00000000f2c00000|  0%| F|  |TAMS 0x00000000f2b00000| PB 0x00000000f2b00000| Untracked |  0
|  44|0x00000000f2c00000, 0x00000000f2d00000, 0x00000000f2d00000|100%| O|  |TAMS 0x00000000f2c00000| PB 0x00000000f2c00000| Untracked |  0
|  45|0x00000000f2d00000, 0x00000000f2d00000, 0x00000000f2e00000|  0%| F|  |TAMS 0x00000000f2d00000| PB 0x00000000f2d00000| Untracked |  0
|  46|0x00000000f2e00000, 0x00000000f2e00000, 0x00000000f2f00000|  0%| F|  |TAMS 0x00000000f2e00000| PB 0x00000000f2e00000| Untracked |  0
|  47|0x00000000f2f00000, 0x00000000f2f96af0, 0x00000000f3000000| 58%| E|  |TAMS 0x00000000f2f00000| PB 0x00000000f2f00000| Complete |  0
|  48|0x00000000f3000000, 0x00000000f3100000, 0x00000000f3100000|100%| E|CS|TAMS 0x00000000f3000000| PB 0x00000000f3000000| Complete |  0
|  49|0x00000000f3100000, 0x00000000f3200000, 0x00000000f3200000|100%| E|CS|TAMS 0x00000000f3100000| PB 0x00000000f3100000| Complete |  0
|  50|0x00000000f3200000, 0x00000000f3300000, 0x00000000f3300000|100%| E|CS|TAMS 0x00000000f3200000| PB 0x00000000f3200000| Complete |  0
|  51|0x00000000f3300000, 0x00000000f3400000, 0x00000000f3400000|100%| E|CS|TAMS 0x00000000f3300000| PB 0x00000000f3300000| Complete |  0
|  52|0x00000000f3400000, 0x00000000f3500000, 0x00000000f3500000|100%| E|CS|TAMS 0x00000000f3400000| PB 0x00000000f3400000| Complete |  0
|  53|0x00000000f3500000, 0x00000000f3600000, 0x00000000f3600000|100%| E|CS|TAMS 0x00000000f3500000| PB 0x00000000f3500000| Complete |  0
|  54|0x00000000f3600000, 0x00000000f3700000, 0x00000000f3700000|100%| E|CS|TAMS 0x00000000f3600000| PB 0x00000000f3600000| Complete |  0
|  55|0x00000000f3700000, 0x00000000f3800000, 0x00000000f3800000|100%| E|CS|TAMS 0x00000000f3700000| PB 0x00000000f3700000| Complete |  0
|  56|0x00000000f3800000, 0x00000000f3900000, 0x00000000f3900000|100%| E|CS|TAMS 0x00000000f3800000| PB 0x00000000f3800000| Complete |  0
|  57|0x00000000f3900000, 0x00000000f3a00000, 0x00000000f3a00000|100%| E|CS|TAMS 0x00000000f3900000| PB 0x00000000f3900000| Complete |  0
|  58|0x00000000f3a00000, 0x00000000f3b00000, 0x00000000f3b00000|100%| E|CS|TAMS 0x00000000f3a00000| PB 0x00000000f3a00000| Complete |  0
|  59|0x00000000f3b00000, 0x00000000f3c00000, 0x00000000f3c00000|100%| E|CS|TAMS 0x00000000f3b00000| PB 0x00000000f3b00000| Complete |  0
|  60|0x00000000f3c00000, 0x00000000f3d00000, 0x00000000f3d00000|100%| S|CS|TAMS 0x00000000f3c00000| PB 0x00000000f3c00000| Complete |  0
|  61|0x00000000f3d00000, 0x00000000f3e00000, 0x00000000f3e00000|100%| S|CS|TAMS 0x00000000f3d00000| PB 0x00000000f3d00000| Complete |  0
|  62|0x00000000f3e00000, 0x00000000f3f00000, 0x00000000f3f00000|100%| S|CS|TAMS 0x00000000f3e00000| PB 0x00000000f3e00000| Complete |  0
|  63|0x00000000f3f00000, 0x00000000f4000000, 0x00000000f4000000|100%| S|CS|TAMS 0x00000000f3f00000| PB 0x00000000f3f00000| Complete |  0
|  64|0x00000000f4000000, 0x00000000f4076be0, 0x00000000f4100000| 46%| S|CS|TAMS 0x00000000f4000000| PB 0x00000000f4000000| Complete |  0
| 170|0x00000000faa00000, 0x00000000fab00000, 0x00000000fab00000|100%| E|CS|TAMS 0x00000000faa00000| PB 0x00000000faa00000| Complete |  0
| 171|0x00000000fab00000, 0x00000000fac00000, 0x00000000fac00000|100%| E|CS|TAMS 0x00000000fab00000| PB 0x00000000fab00000| Complete |  0
| 172|0x00000000fac00000, 0x00000000fad00000, 0x00000000fad00000|100%| E|CS|TAMS 0x00000000fac00000| PB 0x00000000fac00000| Complete |  0
| 173|0x00000000fad00000, 0x00000000fae00000, 0x00000000fae00000|100%| E|CS|TAMS 0x00000000fad00000| PB 0x00000000fad00000| Complete |  0
| 174|0x00000000fae00000, 0x00000000faf00000, 0x00000000faf00000|100%| E|CS|TAMS 0x00000000fae00000| PB 0x00000000fae00000| Complete |  0
| 175|0x00000000faf00000, 0x00000000fb000000, 0x00000000fb000000|100%| E|CS|TAMS 0x00000000faf00000| PB 0x00000000faf00000| Complete |  0
| 176|0x00000000fb000000, 0x00000000fb100000, 0x00000000fb100000|100%| E|CS|TAMS 0x00000000fb000000| PB 0x00000000fb000000| Complete |  0
| 177|0x00000000fb100000, 0x00000000fb200000, 0x00000000fb200000|100%| E|CS|TAMS 0x00000000fb100000| PB 0x00000000fb100000| Complete |  0
| 178|0x00000000fb200000, 0x00000000fb300000, 0x00000000fb300000|100%| E|CS|TAMS 0x00000000fb200000| PB 0x00000000fb200000| Complete |  0
| 179|0x00000000fb300000, 0x00000000fb400000, 0x00000000fb400000|100%| E|CS|TAMS 0x00000000fb300000| PB 0x00000000fb300000| Complete |  0
| 180|0x00000000fb400000, 0x00000000fb500000, 0x00000000fb500000|100%| E|CS|TAMS 0x00000000fb400000| PB 0x00000000fb400000| Complete |  0
| 181|0x00000000fb500000, 0x00000000fb600000, 0x00000000fb600000|100%| E|CS|TAMS 0x00000000fb500000| PB 0x00000000fb500000| Complete |  0
| 182|0x00000000fb600000, 0x00000000fb700000, 0x00000000fb700000|100%| E|CS|TAMS 0x00000000fb600000| PB 0x00000000fb600000| Complete |  0
| 183|0x00000000fb700000, 0x00000000fb800000, 0x00000000fb800000|100%| E|CS|TAMS 0x00000000fb700000| PB 0x00000000fb700000| Complete |  0
| 232|0x00000000fe800000, 0x00000000fe900000, 0x00000000fe900000|100%| O|  |TAMS 0x00000000fe800000| PB 0x00000000fe800000| Untracked |  0
| 233|0x00000000fe900000, 0x00000000fea00000, 0x00000000fea00000|100%| O|  |TAMS 0x00000000fe900000| PB 0x00000000fe900000| Untracked |  0
| 234|0x00000000fea00000, 0x00000000feb00000, 0x00000000feb00000|100%| O|  |TAMS 0x00000000fea00000| PB 0x00000000fea00000| Untracked |  0
| 235|0x00000000feb00000, 0x00000000fec00000, 0x00000000fec00000|100%| E|CS|TAMS 0x00000000feb00000| PB 0x00000000feb00000| Complete |  0
| 236|0x00000000fec00000, 0x00000000fed00000, 0x00000000fed00000|100%| O|  |TAMS 0x00000000fec00000| PB 0x00000000fec00000| Untracked |  0
| 237|0x00000000fed00000, 0x00000000fee00000, 0x00000000fee00000|100%| E|CS|TAMS 0x00000000fed00000| PB 0x00000000fed00000| Complete |  0
| 238|0x00000000fee00000, 0x00000000fef00000, 0x00000000fef00000|100%| O|  |TAMS 0x00000000fee00000| PB 0x00000000fee00000| Untracked |  0
| 239|0x00000000fef00000, 0x00000000ff000000, 0x00000000ff000000|100%| E|CS|TAMS 0x00000000fef00000| PB 0x00000000fef00000| Complete |  0
| 240|0x00000000ff000000, 0x00000000ff100000, 0x00000000ff100000|100%| E|CS|TAMS 0x00000000ff000000| PB 0x00000000ff000000| Complete |  0
| 241|0x00000000ff100000, 0x00000000ff200000, 0x00000000ff200000|100%| E|CS|TAMS 0x00000000ff100000| PB 0x00000000ff100000| Complete |  0
| 242|0x00000000ff200000, 0x00000000ff300000, 0x00000000ff300000|100%| E|CS|TAMS 0x00000000ff200000| PB 0x00000000ff200000| Complete |  0
| 243|0x00000000ff300000, 0x00000000ff400000, 0x00000000ff400000|100%| E|CS|TAMS 0x00000000ff300000| PB 0x00000000ff300000| Complete |  0
| 244|0x00000000ff400000, 0x00000000ff500000, 0x00000000ff500000|100%| O|  |TAMS 0x00000000ff400000| PB 0x00000000ff400000| Untracked |  0
| 245|0x00000000ff500000, 0x00000000ff600000, 0x00000000ff600000|100%| O|  |TAMS 0x00000000ff500000| PB 0x00000000ff500000| Untracked |  0
| 246|0x00000000ff600000, 0x00000000ff700000, 0x00000000ff700000|100%| E|CS|TAMS 0x00000000ff600000| PB 0x00000000ff600000| Complete |  0
| 247|0x00000000ff700000, 0x00000000ff800000, 0x00000000ff800000|100%| E|CS|TAMS 0x00000000ff700000| PB 0x00000000ff700000| Complete |  0
| 248|0x00000000ff800000, 0x00000000ff900000, 0x00000000ff900000|100%| O|  |TAMS 0x00000000ff800000| PB 0x00000000ff800000| Untracked |  0
| 249|0x00000000ff900000, 0x00000000ffa00000, 0x00000000ffa00000|100%| O|  |TAMS 0x00000000ff900000| PB 0x00000000ff900000| Untracked |  0
| 250|0x00000000ffa00000, 0x00000000ffb00000, 0x00000000ffb00000|100%| O|  |TAMS 0x00000000ffa00000| PB 0x00000000ffa00000| Untracked |  0
| 251|0x00000000ffb00000, 0x00000000ffc00000, 0x00000000ffc00000|100%| O|  |TAMS 0x00000000ffb00000| PB 0x00000000ffb00000| Untracked |  0
| 252|0x00000000ffc00000, 0x00000000ffd00000, 0x00000000ffd00000|100%| O|  |TAMS 0x00000000ffc00000| PB 0x00000000ffc00000| Untracked |  0
| 253|0x00000000ffd00000, 0x00000000ffe00000, 0x00000000ffe00000|100%| E|CS|TAMS 0x00000000ffd00000| PB 0x00000000ffd00000| Complete |  0
| 254|0x00000000ffe00000, 0x00000000fff00000, 0x00000000fff00000|100%| O|  |TAMS 0x00000000ffe00000| PB 0x00000000ffe00000| Untracked |  0
| 255|0x00000000fff00000, 0x0000000100000000, 0x0000000100000000|100%| E|CS|TAMS 0x00000000fff00000| PB 0x00000000fff00000| Complete |  0

Card table byte_map: [0x00000260475f0000,0x0000026047670000] _byte_map_base: 0x0000026046e70000

Marking Bits: (CMBitMap*) 0x000002602f7fd280
 Bits: [0x0000026047670000, 0x0000026047a70000)

Polling page: 0x000002602ef90000

Metaspace:
Metaspace        used 46737K, committed 47360K, reserved 1114112K
 class space     used 5563K, committed 5824K, reserved 1048576K

Usage:
  Non-class:     40.21 MB used.
      Class:      5.43 MB used.
       Both:     45.64 MB used.

Virtual space:
  Non-class space:       64.00 MB reserved,      40.56 MB ( 63%) committed,  1 nodes.
      Class space:        1.00 GB reserved,       5.69 MB ( <1%) committed,  1 nodes.
             Both:        1.06 GB reserved,      46.25 MB (  4%) committed. 

Chunk freelists:
   Non-Class:  7.39 MB
       Class:  10.14 MB
        Both:  17.53 MB

MaxMetaspaceSize: unlimited
CompressedClassSpaceSize: 1.00 GB
Initial GC threshold: 21.00 MB
Current GC threshold: 68.44 MB
CDS: on
 - commit_granule_bytes: 65536.
 - commit_granule_words: 8192.
 - virtual_space_node_default_size: 8388608.
 - enlarge_chunks_in_place: 1.
UseCompressedClassPointers 1, UseCompactObjectHeaders 0
Narrow klass pointer bits 32, Max shift 3
Narrow klass base: 0x0000000020000000, Narrow klass shift: 0
Encoding Range: [0x0000000020000000 - 0x0000000120000000), (4294967296 bytes)
Klass Range:    [0x0000000020010000 - 0x0000000061000000), (1090453504 bytes)
Klass ID Range:  [65536 - 1090519033) (1090453497)
Protection zone: [0x0000000020000000 - 0x0000000020010000), (65536 bytes)


Internal statistics:

num_allocs_failed_limit: 3.
num_arena_births: 626.
num_arena_deaths: 0.
num_vsnodes_births: 2.
num_vsnodes_deaths: 0.
num_space_committed: 740.
num_space_uncommitted: 0.
num_chunks_returned_to_freelist: 3.
num_chunks_taken_from_freelist: 2259.
num_chunk_merges: 0.
num_chunk_splits: 1533.
num_chunks_enlarged: 1165.
num_inconsistent_stats: 0.

CodeHeap 'non-profiled nmethods': size=120064Kb used=4369Kb max_used=4369Kb free=115694Kb
 bounds [0x000002603fd80000, 0x00000260401d0000, 0x00000260472c0000]
CodeHeap 'profiled nmethods': size=120000Kb used=16201Kb max_used=16201Kb free=103798Kb
 bounds [0x00000260382c0000, 0x00000260392a0000, 0x000002603f7f0000]
CodeHeap 'non-nmethods': size=5696Kb used=1718Kb max_used=1892Kb free=3978Kb
 bounds [0x000002603f7f0000, 0x000002603fa60000, 0x000002603fd80000]
CodeCache: size=245760Kb, used=22288Kb, max_used=22462Kb, free=223470Kb
 total_blobs=10466, nmethods=9790, adapters=578, full_count=0
Compilation: enabled, stopped_count=0, restarted_count=0

Compilation events (20 events):
Event: 64.264 Thread 0x000002604a45d330 11630       3       org.apache.commons.compress.archivers.zip.StreamCompressor::writeCounted (9 bytes)
Event: 64.264 Thread 0x000002604a45d330 nmethod 11630 0x000002603927b288 code [0x000002603927b380, 0x000002603927b548]
Event: 64.265 Thread 0x000002604a45d330 11631       3       org.springframework.boot.loader.tools.LayersIndex$Node::updateOrAddNode (110 bytes)
Event: 64.268 Thread 0x000002604a45d330 nmethod 11631 0x000002603927b588 code [0x000002603927b680, 0x000002603927da48]
Event: 64.268 Thread 0x000002604a45d330 11633       3       org.apache.commons.compress.archivers.jar.JarArchiveEntry::<init> (6 bytes)
Event: 64.268 Thread 0x000002604a45d330 nmethod 11633 0x000002603927da88 code [0x000002603927db80, 0x000002603927dd20]
Event: 64.268 Thread 0x000002604a45d330 11632       3       org.springframework.boot.loader.tools.Layer::hashCode (8 bytes)
Event: 64.268 Thread 0x000002604a45d330 nmethod 11632 0x000002603927dd88 code [0x000002603927de80, 0x000002603927e038]
Event: 64.268 Thread 0x000002604a45d330 11634   !   3       java.util.zip.Deflater::setInput (56 bytes)
Event: 64.269 Thread 0x000002604a45d330 nmethod 11634 0x000002603927e088 code [0x000002603927e180, 0x000002603927e5d8]
Event: 64.269 Thread 0x000002604a45d330 11635       3       org.apache.commons.compress.archivers.zip.ZipArchiveOutputStream::write (57 bytes)
Event: 64.269 Thread 0x000002604a45d330 nmethod 11635 0x000002603927e608 code [0x000002603927e700, 0x000002603927ebc8]
Event: 64.269 Thread 0x000002604a45d330 11637       3       org.apache.commons.compress.archivers.zip.ZipArchiveEntry::getExtraField (55 bytes)
Event: 64.269 Thread 0x000002604a45d330 nmethod 11637 0x000002603927ec08 code [0x000002603927ed00, 0x000002603927f2f8]
Event: 64.269 Thread 0x000002604a45d330 11636       3       org.apache.commons.compress.archivers.zip.ZipLong::putLong (8 bytes)
Event: 64.270 Thread 0x000002604a45d330 nmethod 11636 0x000002603927f308 code [0x000002603927f400, 0x000002603927f520]
Event: 64.270 Thread 0x000002604a45d330 11638       3       java.util.zip.ZipInputStream::readEnd (523 bytes)
Event: 64.272 Thread 0x000002604a45d330 nmethod 11638 0x000002603927f608 code [0x000002603927f700, 0x0000026039282800]
Event: 64.272 Thread 0x000002604a45d330 11639       3       java.io.PushbackInputStream::unread (47 bytes)
Event: 64.273 Thread 0x000002604a45d330 nmethod 11639 0x0000026039282888 code [0x0000026039282980, 0x0000026039282dc0]

GC Heap Usage History (20 events):
Event: 11.379 {heap Before GC invocations=15 (full 0):
 garbage-first heap   total reserved 262144K, committed 81920K, used 72819K [0x00000000f0000000, 0x0000000100000000)
  region size 1024K, 28 young (28672K), 3 survivors (3072K)
}
Event: 11.387 {heap After GC invocations=16 (full 0):
 garbage-first heap   total reserved 262144K, committed 81920K, used 47769K [0x00000000f0000000, 0x0000000100000000)
  region size 1024K, 3 young (3072K), 3 survivors (3072K)
}
Event: 11.556 {heap Before GC invocations=17 (full 0):
 garbage-first heap   total reserved 262144K, committed 81920K, used 72345K [0x00000000f0000000, 0x0000000100000000)
  region size 1024K, 29 young (29696K), 3 survivors (3072K)
}
Event: 11.561 {heap After GC invocations=18 (full 0):
 garbage-first heap   total reserved 262144K, committed 81920K, used 45478K [0x00000000f0000000, 0x0000000100000000)
  region size 1024K, 2 young (2048K), 2 survivors (2048K)
}
Event: 12.136 {heap Before GC invocations=18 (full 0):
 garbage-first heap   total reserved 262144K, committed 81920K, used 75174K [0x00000000f0000000, 0x0000000100000000)
  region size 1024K, 31 young (31744K), 2 survivors (2048K)
}
Event: 12.148 {heap After GC invocations=19 (full 0):
 garbage-first heap   total reserved 262144K, committed 81920K, used 45822K [0x00000000f0000000, 0x0000000100000000)
  region size 1024K, 4 young (4096K), 4 survivors (4096K)
}
Event: 12.640 {heap Before GC invocations=19 (full 0):
 garbage-first heap   total reserved 262144K, committed 81920K, used 70398K [0x00000000f0000000, 0x0000000100000000)
  region size 1024K, 29 young (29696K), 4 survivors (4096K)
}
Event: 12.653 {heap After GC invocations=20 (full 0):
 garbage-first heap   total reserved 262144K, committed 81920K, used 46258K [0x00000000f0000000, 0x0000000100000000)
  region size 1024K, 4 young (4096K), 4 survivors (4096K)
}
Event: 12.974 {heap Before GC invocations=21 (full 0):
 garbage-first heap   total reserved 262144K, committed 81920K, used 79026K [0x00000000f0000000, 0x0000000100000000)
  region size 1024K, 33 young (33792K), 4 survivors (4096K)
}
Event: 12.999 {heap After GC invocations=22 (full 0):
 garbage-first heap   total reserved 262144K, committed 96256K, used 60928K [0x00000000f0000000, 0x0000000100000000)
  region size 1024K, 5 young (5120K), 5 survivors (5120K)
}
Event: 13.560 {heap Before GC invocations=22 (full 0):
 garbage-first heap   total reserved 262144K, committed 96256K, used 82432K [0x00000000f0000000, 0x0000000100000000)
  region size 1024K, 27 young (27648K), 5 survivors (5120K)
}
Event: 13.580 {heap After GC invocations=23 (full 0):
 garbage-first heap   total reserved 262144K, committed 96256K, used 57283K [0x00000000f0000000, 0x0000000100000000)
  region size 1024K, 3 young (3072K), 3 survivors (3072K)
}
Event: 15.386 {heap Before GC invocations=23 (full 0):
 garbage-first heap   total reserved 262144K, committed 96256K, used 80835K [0x00000000f0000000, 0x0000000100000000)
  region size 1024K, 27 young (27648K), 3 survivors (3072K)
}
Event: 15.393 {heap After GC invocations=24 (full 0):
 garbage-first heap   total reserved 262144K, committed 96256K, used 57097K [0x00000000f0000000, 0x0000000100000000)
  region size 1024K, 3 young (3072K), 3 survivors (3072K)
}
Event: 31.942 {heap Before GC invocations=25 (full 0):
 garbage-first heap   total reserved 262144K, committed 97280K, used 82697K [0x00000000f0000000, 0x0000000100000000)
  region size 1024K, 29 young (29696K), 3 survivors (3072K)
}
Event: 31.950 {heap After GC invocations=26 (full 0):
 garbage-first heap   total reserved 262144K, committed 97280K, used 58288K [0x00000000f0000000, 0x0000000100000000)
  region size 1024K, 4 young (4096K), 4 survivors (4096K)
}
Event: 63.389 {heap Before GC invocations=26 (full 0):
 garbage-first heap   total reserved 262144K, committed 97280K, used 84912K [0x00000000f0000000, 0x0000000100000000)
  region size 1024K, 31 young (31744K), 4 survivors (4096K)
}
Event: 63.401 {heap After GC invocations=27 (full 0):
 garbage-first heap   total reserved 262144K, committed 97280K, used 47097K [0x00000000f0000000, 0x0000000100000000)
  region size 1024K, 3 young (3072K), 3 survivors (3072K)
}
Event: 63.857 {heap Before GC invocations=27 (full 0):
 garbage-first heap   total reserved 262144K, committed 97280K, used 96249K [0x00000000f0000000, 0x0000000100000000)
  region size 1024K, 27 young (27648K), 3 survivors (3072K)
}
Event: 63.868 {heap After GC invocations=28 (full 0):
 garbage-first heap   total reserved 262144K, committed 105472K, used 44506K [0x00000000f0000000, 0x0000000100000000)
  region size 1024K, 5 young (5120K), 5 survivors (5120K)
}

Metaspace Usage History (20 events):
Event: 11.379 {metaspace Before GC invocations=15 (full 0):
 Metaspace       used 37647K, committed 38144K, reserved 1114112K
  class space    used 4508K, committed 4736K, reserved 1048576K
}
Event: 11.387 {metaspace After GC invocations=16 (full 0):
 Metaspace       used 37647K, committed 38144K, reserved 1114112K
  class space    used 4508K, committed 4736K, reserved 1048576K
}
Event: 11.556 {metaspace Before GC invocations=17 (full 0):
 Metaspace       used 37722K, committed 38208K, reserved 1114112K
  class space    used 4509K, committed 4736K, reserved 1048576K
}
Event: 11.561 {metaspace After GC invocations=18 (full 0):
 Metaspace       used 37722K, committed 38208K, reserved 1114112K
  class space    used 4509K, committed 4736K, reserved 1048576K
}
Event: 12.136 {metaspace Before GC invocations=18 (full 0):
 Metaspace       used 39416K, committed 39936K, reserved 1114112K
  class space    used 4716K, committed 4928K, reserved 1048576K
}
Event: 12.148 {metaspace After GC invocations=19 (full 0):
 Metaspace       used 39416K, committed 39936K, reserved 1114112K
  class space    used 4716K, committed 4928K, reserved 1048576K
}
Event: 12.640 {metaspace Before GC invocations=19 (full 0):
 Metaspace       used 39945K, committed 40448K, reserved 1114112K
  class space    used 4761K, committed 4992K, reserved 1048576K
}
Event: 12.653 {metaspace After GC invocations=20 (full 0):
 Metaspace       used 39945K, committed 40448K, reserved 1114112K
  class space    used 4761K, committed 4992K, reserved 1048576K
}
Event: 12.974 {metaspace Before GC invocations=21 (full 0):
 Metaspace       used 39982K, committed 40512K, reserved 1114112K
  class space    used 4762K, committed 4992K, reserved 1048576K
}
Event: 12.999 {metaspace After GC invocations=22 (full 0):
 Metaspace       used 39982K, committed 40512K, reserved 1114112K
  class space    used 4762K, committed 4992K, reserved 1048576K
}
Event: 13.560 {metaspace Before GC invocations=22 (full 0):
 Metaspace       used 40628K, committed 41152K, reserved 1114112K
  class space    used 4852K, committed 5056K, reserved 1048576K
}
Event: 13.580 {metaspace After GC invocations=23 (full 0):
 Metaspace       used 40628K, committed 41152K, reserved 1114112K
  class space    used 4852K, committed 5056K, reserved 1048576K
}
Event: 15.386 {metaspace Before GC invocations=23 (full 0):
 Metaspace       used 41451K, committed 42048K, reserved 1114112K
  class space    used 4936K, committed 5184K, reserved 1048576K
}
Event: 15.393 {metaspace After GC invocations=24 (full 0):
 Metaspace       used 41451K, committed 42048K, reserved 1114112K
  class space    used 4936K, committed 5184K, reserved 1048576K
}
Event: 31.942 {metaspace Before GC invocations=25 (full 0):
 Metaspace       used 42911K, committed 43520K, reserved 1114112K
  class space    used 5023K, committed 5312K, reserved 1048576K
}
Event: 31.950 {metaspace After GC invocations=26 (full 0):
 Metaspace       used 42911K, committed 43520K, reserved 1114112K
  class space    used 5023K, committed 5312K, reserved 1048576K
}
Event: 63.389 {metaspace Before GC invocations=26 (full 0):
 Metaspace       used 43106K, committed 43712K, reserved 1114112K
  class space    used 5027K, committed 5312K, reserved 1048576K
}
Event: 63.401 {metaspace After GC invocations=27 (full 0):
 Metaspace       used 43106K, committed 43712K, reserved 1114112K
  class space    used 5027K, committed 5312K, reserved 1048576K
}
Event: 63.857 {metaspace Before GC invocations=27 (full 0):
 Metaspace       used 45078K, committed 45760K, reserved 1114112K
  class space    used 5353K, committed 5632K, reserved 1048576K
}
Event: 63.868 {metaspace After GC invocations=28 (full 0):
 Metaspace       used 45078K, committed 45760K, reserved 1114112K
  class space    used 5353K, committed 5632K, reserved 1048576K
}

Dll operation events (9 events):
Event: 0.019 Loaded shared library C:\Program Files\Eclipse Adoptium\jdk-25.0.2.10-hotspot\bin\java.dll
Event: 0.084 Loaded shared library C:\Program Files\Eclipse Adoptium\jdk-25.0.2.10-hotspot\bin\net.dll
Event: 0.088 Loaded shared library C:\Program Files\Eclipse Adoptium\jdk-25.0.2.10-hotspot\bin\nio.dll
Event: 0.095 Loaded shared library C:\Program Files\Eclipse Adoptium\jdk-25.0.2.10-hotspot\bin\zip.dll
Event: 0.273 Loaded shared library C:\Users\Lewhara Monilka\.m2\wrapper\dists\apache-maven-3.9.14\ed7edd442f634ac1c1ef5ba2b61b6d690b5221091f1a8e1123f5fadcc967520d\lib\jansi-native\Windows\x86_64\jansi.dll
Event: 0.273 Loaded shared library C:\Program Files\Eclipse Adoptium\jdk-25.0.2.10-hotspot\bin\jimage.dll
Event: 0.293 Loaded shared library C:\Program Files\Eclipse Adoptium\jdk-25.0.2.10-hotspot\bin\verify.dll
Event: 3.602 Loaded shared library C:\Program Files\Eclipse Adoptium\jdk-25.0.2.10-hotspot\bin\extnet.dll
Event: 3.651 Loaded shared library C:\Program Files\Eclipse Adoptium\jdk-25.0.2.10-hotspot\bin\sunmscapi.dll

Deoptimization events (20 events):
Event: 64.234 Thread 0x000002602d4ab150 Uncommon trap: trap_request=0xffffffc6 fr.pc=0x000002603fde05a0 relative=0x0000000000001320
Event: 64.234 Thread 0x000002602d4ab150 Uncommon trap: reason=bimorphic_or_optimized_type_check action=maybe_recompile pc=0x000002603fde05a0 method=java.io.FilterInputStream.read([BII)I @ 7 c2
Event: 64.234 Thread 0x000002602d4ab150 DEOPT PACKING pc=0x000002603fde05a0 sp=0x00000075424fdf70
Event: 64.234 Thread 0x000002602d4ab150 DEOPT UNPACKING pc=0x000002603f921702 sp=0x00000075424fdf28 mode 2
Event: 64.235 Thread 0x000002602d4ab150 Uncommon trap: trap_request=0xffffffc6 fr.pc=0x000002604005dbf4 relative=0x00000000000026f4
Event: 64.235 Thread 0x000002602d4ab150 Uncommon trap: reason=bimorphic_or_optimized_type_check action=maybe_recompile pc=0x000002604005dbf4 method=java.io.FilterInputStream.read([BII)I @ 7 c2
Event: 64.235 Thread 0x000002602d4ab150 DEOPT PACKING pc=0x000002604005dbf4 sp=0x00000075424fdf50
Event: 64.235 Thread 0x000002602d4ab150 DEOPT UNPACKING pc=0x000002603f921702 sp=0x00000075424fde00 mode 2
Event: 64.235 Thread 0x000002602d4ab150 Uncommon trap: trap_request=0xffffffc6 fr.pc=0x000002604005dbf4 relative=0x00000000000026f4
Event: 64.235 Thread 0x000002602d4ab150 Uncommon trap: reason=bimorphic_or_optimized_type_check action=maybe_recompile pc=0x000002604005dbf4 method=java.io.FilterInputStream.read([BII)I @ 7 c2
Event: 64.235 Thread 0x000002602d4ab150 DEOPT PACKING pc=0x000002604005dbf4 sp=0x00000075424fddb0
Event: 64.235 Thread 0x000002602d4ab150 DEOPT UNPACKING pc=0x000002603f921702 sp=0x00000075424fdc60 mode 2
Event: 64.235 Thread 0x000002602d4ab150 Uncommon trap: trap_request=0xffffffc6 fr.pc=0x000002603fde05a0 relative=0x0000000000001320
Event: 64.235 Thread 0x000002602d4ab150 Uncommon trap: reason=bimorphic_or_optimized_type_check action=maybe_recompile pc=0x000002603fde05a0 method=java.io.FilterInputStream.read([BII)I @ 7 c2
Event: 64.235 Thread 0x000002602d4ab150 DEOPT PACKING pc=0x000002603fde05a0 sp=0x00000075424fde30
Event: 64.235 Thread 0x000002602d4ab150 DEOPT UNPACKING pc=0x000002603f921702 sp=0x00000075424fdde8 mode 2
Event: 64.235 Thread 0x000002602d4ab150 Uncommon trap: trap_request=0xffffffc6 fr.pc=0x0000026040061448 relative=0x0000000000001048
Event: 64.235 Thread 0x000002602d4ab150 Uncommon trap: reason=bimorphic_or_optimized_type_check action=maybe_recompile pc=0x0000026040061448 method=java.io.FilterInputStream.read([BII)I @ 7 c2
Event: 64.235 Thread 0x000002602d4ab150 DEOPT PACKING pc=0x0000026040061448 sp=0x00000075424fdda0
Event: 64.235 Thread 0x000002602d4ab150 DEOPT UNPACKING pc=0x000002603f921702 sp=0x00000075424fdde8 mode 2

Classes loaded (20 events):
Event: 64.064 Loading class javax/management/MBeanServerConnection
Event: 64.064 Loading class javax/management/MBeanServerConnection done
Event: 64.065 Loading class javax/management/InstanceNotFoundException
Event: 64.065 Loading class javax/management/OperationsException
Event: 64.065 Loading class javax/management/OperationsException done
Event: 64.065 Loading class javax/management/InstanceNotFoundException done
Event: 64.068 Loading class java/util/jar/JarOutputStream
Event: 64.068 Loading class java/util/jar/JarOutputStream done
Event: 64.116 Loading class java/lang/ThreadDeath
Event: 64.117 Loading class java/lang/ThreadDeath done
Event: 64.138 Loading class java/net/HttpURLConnection
Event: 64.138 Loading class java/net/HttpURLConnection done
Event: 64.160 Loading class java/util/jar/JarInputStream
Event: 64.160 Loading class java/util/jar/JarInputStream done
Event: 64.186 Loading class java/io/FileFilter
Event: 64.186 Loading class java/io/FileFilter done
Event: 64.187 Loading class sun/security/util/ManifestEntryVerifier
Event: 64.188 Loading class sun/security/util/ManifestEntryVerifier done
Event: 64.232 Loading class java/io/PipedOutputStream
Event: 64.233 Loading class java/io/PipedOutputStream done

Classes unloaded (0 events):
No events

Classes redefined (0 events):
No events

Internal exceptions (20 events):
Event: 63.279 Thread 0x000002602d4ab150 Exception <a 'sun/nio/fs/WindowsException'{0x00000000f35ece08}> (0x00000000f35ece08) 
thrown [s\src\hotspot\share\prims\jni.cpp, line 516]
Event: 63.281 Thread 0x000002602d4ab150 Exception <a 'sun/nio/fs/WindowsException'{0x00000000f35ef0b8}> (0x00000000f35ef0b8) 
thrown [s\src\hotspot\share\prims\jni.cpp, line 516]
Event: 63.287 Thread 0x000002602d4ab150 Exception <a 'sun/nio/fs/WindowsException'{0x00000000f35f9e50}> (0x00000000f35f9e50) 
thrown [s\src\hotspot\share\prims\jni.cpp, line 516]
Event: 63.290 Thread 0x000002602d4ab150 Exception <a 'sun/nio/fs/WindowsException'{0x00000000f3405ef0}> (0x00000000f3405ef0) 
thrown [s\src\hotspot\share\prims\jni.cpp, line 516]
Event: 63.291 Thread 0x000002602d4ab150 Exception <a 'sun/nio/fs/WindowsException'{0x00000000f3408128}> (0x00000000f3408128) 
thrown [s\src\hotspot\share\prims\jni.cpp, line 516]
Event: 63.299 Thread 0x000002602d4ab150 Exception <a 'sun/nio/fs/WindowsException'{0x00000000f3412d50}> (0x00000000f3412d50) 
thrown [s\src\hotspot\share\prims\jni.cpp, line 516]
Event: 63.303 Thread 0x000002602d4ab150 Exception <a 'sun/nio/fs/WindowsException'{0x00000000f341e400}> (0x00000000f341e400) 
thrown [s\src\hotspot\share\prims\jni.cpp, line 516]
Event: 63.304 Thread 0x000002602d4ab150 Exception <a 'sun/nio/fs/WindowsException'{0x00000000f3420088}> (0x00000000f3420088) 
thrown [s\src\hotspot\share\prims\jni.cpp, line 516]
Event: 63.309 Thread 0x000002602d4ab150 Exception <a 'sun/nio/fs/WindowsException'{0x00000000f342a0e0}> (0x00000000f342a0e0) 
thrown [s\src\hotspot\share\prims\jni.cpp, line 516]
Event: 63.313 Thread 0x000002602d4ab150 Exception <a 'sun/nio/fs/WindowsException'{0x00000000f3435a90}> (0x00000000f3435a90) 
thrown [s\src\hotspot\share\prims\jni.cpp, line 516]
Event: 63.314 Thread 0x000002602d4ab150 Exception <a 'sun/nio/fs/WindowsException'{0x00000000f3437b30}> (0x00000000f3437b30) 
thrown [s\src\hotspot\share\prims\jni.cpp, line 516]
Event: 63.319 Thread 0x000002602d4ab150 Exception <a 'sun/nio/fs/WindowsException'{0x00000000f3442310}> (0x00000000f3442310) 
thrown [s\src\hotspot\share\prims\jni.cpp, line 516]
Event: 63.322 Thread 0x000002602d4ab150 Exception <a 'sun/nio/fs/WindowsException'{0x00000000f344d890}> (0x00000000f344d890) 
thrown [s\src\hotspot\share\prims\jni.cpp, line 516]
Event: 63.323 Thread 0x000002602d4ab150 Exception <a 'sun/nio/fs/WindowsException'{0x00000000f344f5b0}> (0x00000000f344f5b0) 
thrown [s\src\hotspot\share\prims\jni.cpp, line 516]
Event: 63.329 Thread 0x000002602d4ab150 Exception <a 'sun/nio/fs/WindowsException'{0x00000000f34597c8}> (0x00000000f34597c8) 
thrown [s\src\hotspot\share\prims\jni.cpp, line 516]
Event: 63.334 Thread 0x000002602d4ab150 Exception <a 'sun/nio/fs/WindowsException'{0x00000000f3465360}> (0x00000000f3465360) 
thrown [s\src\hotspot\share\prims\jni.cpp, line 516]
Event: 63.335 Thread 0x000002602d4ab150 Exception <a 'sun/nio/fs/WindowsException'{0x00000000f34674f8}> (0x00000000f34674f8) 
thrown [s\src\hotspot\share\prims\jni.cpp, line 516]
Event: 63.684 Thread 0x000002602d4ab150 Implicit null exception at 0x000002604008072c to 0x0000026040080a40
Event: 64.117 Thread 0x000002602d4ab150 Exception <a 'java/lang/NoSuchMethodError'{0x00000000faaa6f10}: 'java.lang.Object java.lang.invoke.DirectMethodHandle$Holder.invokeStaticInit(java.lang.Object, java.lang.Object, java.lang.Object)'> (0x00000000faaa6f10) 
thrown [s\src\hotspot\share\interpreter\linkResolver.cpp, line 804]
Event: 64.123 Thread 0x000002602d4ab150 Exception <a 'java/lang/NoClassDefFoundError'{0x00000000faafc438}: org/apache/logging/log4j/spi/LoggerAdapter> (0x00000000faafc438) 
thrown [s\src\hotspot\share\classfile\systemDictionary.cpp, line 316]

VM Operations (20 events):
Event: 60.206 Executing non-safepoint VM operation: HandshakeAllThreads (HandshakeForDeflation)
Event: 60.207 Executing non-safepoint VM operation: HandshakeAllThreads (HandshakeForDeflation) done
Event: 60.207 Executing non-safepoint VM operation: RendezvousGCThreads
Event: 60.207 Executing non-safepoint VM operation: RendezvousGCThreads done
Event: 63.389 Executing safepoint VM operation: G1CollectForAllocation (G1 Evacuation Pause)
Event: 63.401 Executing safepoint VM operation: G1CollectForAllocation (G1 Evacuation Pause) done
Event: 63.552 Executing non-safepoint VM operation: HandshakeAllThreads (Deoptimize)
Event: 63.552 Executing non-safepoint VM operation: HandshakeAllThreads (Deoptimize) done
Event: 63.765 Executing non-safepoint VM operation: HandshakeAllThreads (Deoptimize)
Event: 63.765 Executing non-safepoint VM operation: HandshakeAllThreads (Deoptimize) done
Event: 63.770 Executing non-safepoint VM operation: HandshakeAllThreads (Deoptimize)
Event: 63.770 Executing non-safepoint VM operation: HandshakeAllThreads (Deoptimize) done
Event: 63.781 Executing non-safepoint VM operation: HandshakeAllThreads (Deoptimize)
Event: 63.781 Executing non-safepoint VM operation: HandshakeAllThreads (Deoptimize) done
Event: 63.857 Executing safepoint VM operation: G1CollectForAllocation (G1 Evacuation Pause)
Event: 63.868 Executing safepoint VM operation: G1CollectForAllocation (G1 Evacuation Pause) done
Event: 64.067 Executing non-safepoint VM operation: HandshakeAllThreads (Deoptimize)
Event: 64.068 Executing non-safepoint VM operation: HandshakeAllThreads (Deoptimize) done
Event: 64.161 Executing non-safepoint VM operation: HandshakeAllThreads (Deoptimize)
Event: 64.161 Executing non-safepoint VM operation: HandshakeAllThreads (Deoptimize) done

Memory protections (0 events):
No events

Nmethod flushes (20 events):
Event: 15.477 Thread 0x000002602f88cb50 flushing  nmethod 0x0000026038e9a288
Event: 15.477 Thread 0x000002602f88cb50 flushing  nmethod 0x0000026038e9b208
Event: 15.477 Thread 0x000002602f88cb50 flushing  nmethod 0x0000026038e9c508
Event: 15.477 Thread 0x000002602f88cb50 flushing  nmethod 0x0000026038e9d588
Event: 15.477 Thread 0x000002602f88cb50 flushing  nmethod 0x0000026038e9df08
Event: 15.477 Thread 0x000002602f88cb50 flushing  nmethod 0x0000026038ea0888
Event: 15.477 Thread 0x000002602f88cb50 flushing  nmethod 0x0000026038ead188
Event: 15.477 Thread 0x000002602f88cb50 flushing  nmethod 0x0000026038eb0308
Event: 15.477 Thread 0x000002602f88cb50 flushing  nmethod 0x0000026038eb1208
Event: 15.477 Thread 0x000002602f88cb50 flushing  nmethod 0x0000026038eb1808
Event: 15.477 Thread 0x000002602f88cb50 flushing  nmethod 0x0000026038eb3c08
Event: 15.477 Thread 0x000002602f88cb50 flushing  nmethod 0x0000026038ec4188
Event: 15.477 Thread 0x000002602f88cb50 flushing  nmethod 0x0000026038ec4888
Event: 15.477 Thread 0x000002602f88cb50 flushing  nmethod 0x0000026038ec5d88
Event: 15.477 Thread 0x000002602f88cb50 flushing  nmethod 0x0000026038ec9d08
Event: 15.477 Thread 0x000002602f88cb50 flushing  nmethod 0x0000026038ecfc88
Event: 15.477 Thread 0x000002602f88cb50 flushing  nmethod 0x0000026038eedd88
Event: 15.477 Thread 0x000002602f88cb50 flushing  nmethod 0x0000026038eee888
Event: 15.477 Thread 0x000002602f88cb50 flushing  nmethod 0x0000026038eeeb88
Event: 15.477 Thread 0x000002602f88cb50 flushing  nmethod 0x0000026038f44e88

Events (20 events):
Event: 63.207 Thread 0x0000026050aaa690 Thread exited: 0x0000026050aaa690
Event: 63.207 Thread 0x0000026050aa77b0 Thread exited: 0x0000026050aa77b0
Event: 63.574 Thread 0x000002604a459300 Thread added: 0x000002604f605750
Event: 63.594 Thread 0x000002604a45d330 Thread added: 0x000002604f60a7f0
Event: 63.797 Thread 0x000002602d4ab150 Thread added: 0x0000026050aa6810
Event: 63.797 Thread 0x000002602d4ab150 Thread added: 0x0000026050aaae60
Event: 63.797 Thread 0x000002602d4ab150 Thread added: 0x0000026050aa77b0
Event: 63.797 Thread 0x000002602d4ab150 Thread added: 0x0000026050aab630
Event: 63.798 Thread 0x000002602d4ab150 Thread added: 0x0000026050aabe00
Event: 63.798 Thread 0x000002602d4ab150 Thread added: 0x00000260524275a0
Event: 63.798 Thread 0x000002602d4ab150 Thread added: 0x0000026052425e30
Event: 63.798 Thread 0x000002602d4ab150 Thread added: 0x0000026052424e90
Event: 63.805 Thread 0x0000026050aab630 Thread exited: 0x0000026050aab630
Event: 63.805 Thread 0x0000026052425e30 Thread exited: 0x0000026052425e30
Event: 63.805 Thread 0x00000260524275a0 Thread exited: 0x00000260524275a0
Event: 63.805 Thread 0x0000026052424e90 Thread exited: 0x0000026052424e90
Event: 63.805 Thread 0x0000026050aa77b0 Thread exited: 0x0000026050aa77b0
Event: 63.805 Thread 0x0000026050aaae60 Thread exited: 0x0000026050aaae60
Event: 63.805 Thread 0x0000026050aa6810 Thread exited: 0x0000026050aa6810
Event: 63.805 Thread 0x0000026050aabe00 Thread exited: 0x0000026050aabe00


Dynamic libraries:
0x00007ff608b50000 - 0x00007ff608b5e000 	C:\Program Files\Eclipse Adoptium\jdk-25.0.2.10-hotspot\bin\java.exe
0x00007ffc20a00000 - 0x00007ffc20c67000 	C:\WINDOWS\SYSTEM32\ntdll.dll
0x00007ffc1f7f0000 - 0x00007ffc1f8b9000 	C:\WINDOWS\System32\KERNEL32.DLL
0x00007ffc1e020000 - 0x00007ffc1e40f000 	C:\WINDOWS\System32\KERNELBASE.dll
0x00007ffc1e650000 - 0x00007ffc1e79b000 	C:\WINDOWS\System32\ucrtbase.dll
0x00007ffc0a140000 - 0x00007ffc0a15e000 	C:\Program Files\Eclipse Adoptium\jdk-25.0.2.10-hotspot\bin\VCRUNTIME140.dll
0x00007ffc0a100000 - 0x00007ffc0a116000 	C:\Program Files\Eclipse Adoptium\jdk-25.0.2.10-hotspot\bin\jli.dll
0x00007ffc1fe00000 - 0x00007ffc1ffc5000 	C:\WINDOWS\System32\USER32.dll
0x00007ffc1dd80000 - 0x00007ffc1dda7000 	C:\WINDOWS\System32\win32u.dll
0x00007ffc203b0000 - 0x00007ffc203db000 	C:\WINDOWS\System32\GDI32.dll
0x00007ffc1cd50000 - 0x00007ffc1cfe3000 	C:\WINDOWS\WinSxS\amd64_microsoft.windows.common-controls_6595b64144ccf1df_6.0.26100.7309_none_3e05feeae336a044\COMCTL32.dll
0x00007ffc1de40000 - 0x00007ffc1df6c000 	C:\WINDOWS\System32\gdi32full.dll
0x00007ffc1fd50000 - 0x00007ffc1fdf9000 	C:\WINDOWS\System32\msvcrt.dll
0x00007ffc1df70000 - 0x00007ffc1e013000 	C:\WINDOWS\System32\msvcp_win.dll
0x00007ffc203e0000 - 0x00007ffc20411000 	C:\WINDOWS\System32\IMM32.DLL
0x00007ffc16520000 - 0x00007ffc1652c000 	C:\Program Files\Eclipse Adoptium\jdk-25.0.2.10-hotspot\bin\vcruntime140_1.dll
0x00007ffbe8f30000 - 0x00007ffbe8fbd000 	C:\Program Files\Eclipse Adoptium\jdk-25.0.2.10-hotspot\bin\msvcp140.dll
0x00007ffb448b0000 - 0x00007ffb457d6000 	C:\Program Files\Eclipse Adoptium\jdk-25.0.2.10-hotspot\bin\server\jvm.dll
0x00007ffc20420000 - 0x00007ffc204d4000 	C:\WINDOWS\System32\ADVAPI32.dll
0x00007ffc1f730000 - 0x00007ffc1f7d6000 	C:\WINDOWS\System32\sechost.dll
0x00007ffc1ef60000 - 0x00007ffc1f078000 	C:\WINDOWS\System32\RPCRT4.dll
0x00007ffc1f6b0000 - 0x00007ffc1f724000 	C:\WINDOWS\System32\WS2_32.dll
0x00007ffc1d9b0000 - 0x00007ffc1da0e000 	C:\WINDOWS\SYSTEM32\POWRPROF.dll
0x00007ffc136c0000 - 0x00007ffc136f5000 	C:\WINDOWS\SYSTEM32\WINMM.dll
0x00007ffc0c440000 - 0x00007ffc0c44b000 	C:\WINDOWS\SYSTEM32\VERSION.dll
0x00007ffc1d990000 - 0x00007ffc1d9a4000 	C:\WINDOWS\SYSTEM32\UMPDC.dll
0x00007ffc1bfd0000 - 0x00007ffc1bfeb000 	C:\WINDOWS\SYSTEM32\kernel.appcore.dll
0x00007ffc0a7e0000 - 0x00007ffc0a7ea000 	C:\Program Files\Eclipse Adoptium\jdk-25.0.2.10-hotspot\bin\jimage.dll
0x00007ffc1d300000 - 0x00007ffc1d542000 	C:\WINDOWS\SYSTEM32\DBGHELP.DLL
0x00007ffc1ffd0000 - 0x00007ffc20356000 	C:\WINDOWS\System32\combase.dll
0x00007ffc20520000 - 0x00007ffc205f6000 	C:\WINDOWS\System32\OLEAUT32.dll
0x00007ffc1d1f0000 - 0x00007ffc1d22c000 	C:\WINDOWS\SYSTEM32\dbgcore.DLL
0x00007ffc1e5a0000 - 0x00007ffc1e645000 	C:\WINDOWS\System32\bcryptPrimitives.dll
0x00007ffc092e0000 - 0x00007ffc092fe000 	C:\Program Files\Eclipse Adoptium\jdk-25.0.2.10-hotspot\bin\java.dll
0x00007ffc1f280000 - 0x00007ffc1f417000 	C:\WINDOWS\System32\ole32.dll
0x00007ffc1e7a0000 - 0x00007ffc1eef3000 	C:\WINDOWS\System32\SHELL32.dll
0x00007ffc1dc10000 - 0x00007ffc1dd7a000 	C:\WINDOWS\System32\wintypes.dll
0x00007ffc1ae80000 - 0x00007ffc1b6de000 	C:\WINDOWS\SYSTEM32\windows.storage.dll
0x00007ffc1f420000 - 0x00007ffc1f514000 	C:\WINDOWS\System32\SHCORE.dll
0x00007ffc20720000 - 0x00007ffc20786000 	C:\WINDOWS\System32\shlwapi.dll
0x00007ffc1da70000 - 0x00007ffc1da99000 	C:\WINDOWS\SYSTEM32\profapi.dll
0x00007ffbf2780000 - 0x00007ffbf2791000 	C:\Program Files\Eclipse Adoptium\jdk-25.0.2.10-hotspot\bin\net.dll
0x00007ffc1c500000 - 0x00007ffc1c56b000 	C:\WINDOWS\system32\mswsock.dll
0x00007ffbe9020000 - 0x00007ffbe9036000 	C:\Program Files\Eclipse Adoptium\jdk-25.0.2.10-hotspot\bin\nio.dll
0x00007ffbe8ed0000 - 0x00007ffbe8ee7000 	C:\Program Files\Eclipse Adoptium\jdk-25.0.2.10-hotspot\bin\zip.dll
0x00007ffbe8da0000 - 0x00007ffbe8dc4000 	C:\Users\Lewhara Monilka\.m2\wrapper\dists\apache-maven-3.9.14\ed7edd442f634ac1c1ef5ba2b61b6d690b5221091f1a8e1123f5fadcc967520d\lib\jansi-native\Windows\x86_64\jansi.dll
0x00007ffc0a130000 - 0x00007ffc0a140000 	C:\Program Files\Eclipse Adoptium\jdk-25.0.2.10-hotspot\bin\verify.dll
0x00007ffc1d670000 - 0x00007ffc1d68b000 	C:\WINDOWS\SYSTEM32\CRYPTSP.dll
0x00007ffc1c8c0000 - 0x00007ffc1c8fa000 	C:\WINDOWS\system32\rsaenh.dll
0x00007ffc1c570000 - 0x00007ffc1c59b000 	C:\WINDOWS\SYSTEM32\USERENV.dll
0x00007ffc1da40000 - 0x00007ffc1da6a000 	C:\WINDOWS\SYSTEM32\bcrypt.dll
0x00007ffc1cab0000 - 0x00007ffc1cabc000 	C:\WINDOWS\SYSTEM32\CRYPTBASE.dll
0x00007ffc1bad0000 - 0x00007ffc1bb04000 	C:\WINDOWS\SYSTEM32\IPHLPAPI.DLL
0x00007ffc20610000 - 0x00007ffc2061a000 	C:\WINDOWS\System32\NSI.dll
0x00007ffc1bbb0000 - 0x00007ffc1bcdc000 	C:\WINDOWS\SYSTEM32\DNSAPI.dll
0x00007ffc130f0000 - 0x00007ffc130fb000 	C:\Windows\System32\rasadhlp.dll
0x00007ffc171f0000 - 0x00007ffc17276000 	C:\WINDOWS\System32\fwpuclnt.dll
0x00007ffbfbdd0000 - 0x00007ffbfbdd9000 	C:\Program Files\Eclipse Adoptium\jdk-25.0.2.10-hotspot\bin\extnet.dll
0x00007ffbf7e80000 - 0x00007ffbf7e8e000 	C:\Program Files\Eclipse Adoptium\jdk-25.0.2.10-hotspot\bin\sunmscapi.dll
0x00007ffc1e420000 - 0x00007ffc1e597000 	C:\WINDOWS\System32\CRYPT32.dll
0x00007ffc1cc10000 - 0x00007ffc1cc40000 	C:\WINDOWS\SYSTEM32\ncrypt.dll
0x00007ffc1cbc0000 - 0x00007ffc1cbff000 	C:\WINDOWS\SYSTEM32\NTASN1.dll

JVMTI agents: none

dbghelp: loaded successfully - version: 4.0.5 - missing functions: none
symbol engine: initialized successfully - sym options: 0x614 - pdb path: .;C:\Program Files\Eclipse Adoptium\jdk-25.0.2.10-hotspot\bin;C:\WINDOWS\SYSTEM32;C:\WINDOWS\WinSxS\amd64_microsoft.windows.common-controls_6595b64144ccf1df_6.0.26100.7309_none_3e05feeae336a044;C:\Program Files\Eclipse Adoptium\jdk-25.0.2.10-hotspot\bin\server;C:\Users\Lewhara Monilka\.m2\wrapper\dists\apache-maven-3.9.14\ed7edd442f634ac1c1ef5ba2b61b6d690b5221091f1a8e1123f5fadcc967520d\lib\jansi-native\Windows\x86_64

VM Arguments:
jvm_args: --enable-native-access=ALL-UNNAMED -Xmx256m -Dclassworlds.conf=C:\Users\Lewhara Monilka\.m2\wrapper\dists\apache-maven-3.9.14\ed7edd442f634ac1c1ef5ba2b61b6d690b5221091f1a8e1123f5fadcc967520d\bin\m2.conf -Dmaven.home=C:\Users\Lewhara Monilka\.m2\wrapper\dists\apache-maven-3.9.14\ed7edd442f634ac1c1ef5ba2b61b6d690b5221091f1a8e1123f5fadcc967520d -Dlibrary.jansi.path=C:\Users\Lewhara Monilka\.m2\wrapper\dists\apache-maven-3.9.14\ed7edd442f634ac1c1ef5ba2b61b6d690b5221091f1a8e1123f5fadcc967520d\lib\jansi-native -Dmaven.multiModuleProjectDirectory=D:\PAF project\it3030-paf-2026-smart-campus-group_we_it_02.02_222\backend\backend 
java_command: org.codehaus.plexus.classworlds.launcher.Launcher clean package -DskipTests
java_class_path (initial): C:\Users\Lewhara Monilka\.m2\wrapper\dists\apache-maven-3.9.14\ed7edd442f634ac1c1ef5ba2b61b6d690b5221091f1a8e1123f5fadcc967520d\boot\plexus-classworlds-2.9.0.jar
Launcher Type: SUN_STANDARD

[Global flags]
     intx CICompilerCount                          = 4                                         {product} {ergonomic}
     uint ConcGCThreads                            = 2                                         {product} {ergonomic}
     uint G1ConcRefinementThreads                  = 8                                         {product} {ergonomic}
   size_t G1HeapRegionSize                         = 1048576                                   {product} {ergonomic}
   size_t InitialHeapSize                          = 268435456                                 {product} {ergonomic}
   size_t MarkStackSize                            = 4194304                                   {product} {ergonomic}
   size_t MarkStackSizeMax                         = 536870912                                 {product} {ergonomic}
   size_t MaxHeapSize                              = 268435456                                 {product} {command line}
   size_t MaxNewSize                               = 160432128                                 {product} {ergonomic}
   size_t MinHeapDeltaBytes                        = 1048576                                   {product} {ergonomic}
   size_t MinHeapSize                              = 8388608                                   {product} {ergonomic}
    uintx NonNMethodCodeHeapSize                   = 5832704                                {pd product} {ergonomic}
    uintx NonProfiledCodeHeapSize                  = 122945536                              {pd product} {ergonomic}
    uintx ProfiledCodeHeapSize                     = 122880000                              {pd product} {ergonomic}
    uintx ReservedCodeCacheSize                    = 251658240                              {pd product} {ergonomic}
     bool SegmentedCodeCache                       = true                                      {product} {ergonomic}
   size_t SoftMaxHeapSize                          = 268435456                              {manageable} {ergonomic}
     bool UseCompressedOops                        = true                           {product lp64_product} {ergonomic}
     bool UseG1GC                                  = true                                      {product} {ergonomic}
     bool UseLargePagesIndividualAllocation        = false                                  {pd product} {ergonomic}

Logging:
Log output configuration:
 #0: stdout all=warning uptime,level,tags foldmultilines=false
 #1: stderr all=off uptime,level,tags foldmultilines=false

Release file:
IMPLEMENTOR="Eclipse Adoptium" 
IMPLEMENTOR_VERSION="Temurin-25.0.2+10" 
JAVA_RUNTIME_VERSION="25.0.2+10-LTS" 
JAVA_VERSION="25.0.2" 
JAVA_VERSION_DATE="2026-01-20" 
LIBC="default" 
MODULES="java.base java.compiler java.datatransfer java.xml java.prefs java.desktop java.instrument java.logging java.management java.security.sasl java.naming java.rmi java.management.rmi java.net.http java.scripting java.security.jgss java.transaction.xa java.sql java.sql.rowset java.xml.crypto java.se java.smartcardio jdk.accessibility jdk.internal.jvmstat jdk.attach jdk.charsets jdk.internal.opt jdk.zipfs jdk.compiler jdk.crypto.cryptoki jdk.crypto.ec jdk.crypto.mscapi jdk.dynalink jdk.internal.ed jdk.editpad jdk.internal.vm.ci jdk.graal.compiler jdk.graal.compiler.management jdk.hotspot.agent jdk.httpserver jdk.incubator.vector jdk.internal.le jdk.internal.md jdk.jartool jdk.javadoc jdk.jcmd jdk.management jdk.management.agent jdk.jconsole jdk.jdeps jdk.jdwp.agent jdk.jdi jdk.jfr jdk.jlink jdk.jpackage jdk.jshell jdk.jsobject jdk.jstatd jdk.localedata jdk.management.jfr jdk.naming.dns jdk.naming.rmi jdk.net jdk.nio.mapmode jdk.sctp jdk.security.auth jdk.security.jgss jdk.unsupported jdk.unsupported.desktop jdk.xml.dom" 
OS_ARCH="x86_64" 
OS_NAME="Windows" 
SOURCE=".:git:9e3c947043a4" 
BUILD_SOURCE="git:458965074606f027bd5afce2cfd5c1055dea0438"
BUILD_SOURCE_REPO="https://github.com/adoptium/temurin-build.git"
SOURCE_REPO="https://github.com/adoptium/jdk25u.git"
FULL_VERSION="25.0.2+10-LTS"
SEMANTIC_VERSION="25.0.2+10"
BUILD_INFO="OS: Windows Server 2022 Version: 10.0"
JVM_VARIANT="Hotspot"
JVM_VERSION="25.0.2+10-LTS"
IMAGE_TYPE="JDK"

Environment Variables:
JAVA_HOME=C:\Program Files\Eclipse Adoptium\jdk-25.0.2.10-hotspot\
PATH=C:\Program Files\Google\Chrome\Application;C:\Program Files\Eclipse Adoptium\jdk-25.0.2.10-hotspot\bin;D:\oracl\dbhomeXE\bin;C:\ProgramData\anaconda3\Scripts\;C:\ProgramData\anaconda3\;C:\Users\Lewhara Monilka\Scripts\;C:\Users\Lewhara Monilka\;C:\Program Files\Common Files\Oracle\Java\javapath;C:\windows\system32;C:\windows;C:\windows\System32\Wbem;C:\windows\System32\WindowsPowerShell\v1.0\;C:\windows\System32\OpenSSH\;C:\Program Files (x86)\NVIDIA Corporation\PhysX\Common;C:\Program Files\NVIDIA Corporation\NVIDIA NvDLISR;C:\WINDOWS\system32;C:\WINDOWS;C:\WINDOWS\System32\Wbem;C:\WINDOWS\System32\WindowsPowerShell\v1.0\;C:\WINDOWS\System32\OpenSSH\;C:\Program Files\dotnet\;C:\Program Files (x86)\Microsoft SQL Server\160\Tools\Binn\;C:\Program Files\Microsoft SQL Server\160\Tools\Binn\;C:\Program Files\Microsoft SQL Server\Client SDK\ODBC\170\Tools\Binn\;C:\Program Files\Microsoft SQL Server\160\DTS\Binn\;C:\Program Files (x86)\Microsoft SQL Server\160\DTS\Binn\;C:\Program Files\Azure Data Studio\bin;C:\Program Files (x86)\Windows Kits\10\Windows Performance Toolkit\;C:\Program Files\HP\HP One Agent;C:\WINDOWS\system32;C:\WINDOWS;C:\WINDOWS\System32\Wbem;C:\WINDOWS\System32\WindowsPowerShell\v1.0\;C:\WINDOWS\System32\OpenSSH\;C:\Program Files\nodejs\;C:\Program Files\Git\cmd;C:\ProgramData\anaconda3\Scripts\;C:\ProgramData\anaconda3\;C:\Users\Lewhara Monilka\Scripts\;C:\Users\Lewhara Monilka\;C:\Program Files\Common Files\Oracle\Java\javapath;C:\windows\system32;C:\windows;C:\windows\System32\Wbem;C:\windows\System32\WindowsPowerShell\v1.0\;C:\windows\System32\OpenSSH\;C:\Program Files (x86)\NVIDIA Corporation\PhysX\Common;C:\Program Files\NVIDIA Corporation\NVIDIA NvDLISR;C:\WINDOWS\system32;C:\WINDOWS;C:\WINDOWS\System32\Wbem;C:\WINDOWS\System32\WindowsPowerShell\v1.0\;C:\WINDOWS\System32\OpenSSH\;C:\Program Files\dotnet\;C:\Program Files (x86)\Microsoft SQL Server\160\Tools\Binn\;C:\Program Files\Microsoft SQL Server\160\Tools\Binn\;C:\Program Files\Microsoft SQL Server\Client SDK\ODBC\170\Tools\Binn\;C:\Program Files\Microsoft SQL Server\160\DTS\Binn\;C:\Program Files (x86)\Microsoft SQL Server\160\DTS\Binn\;C:\Program Files\Azure Data Studio\bin;C:\Program Files (x86)\Windows Kits\10\Windows Performance Toolkit\;C:\Program Files\HP\HP One Agent;C:\WINDOWS\system32;C:\WINDOWS;D:\IntelliJ IDEA 2025.3.1\bin;C:\Users\Lewhara Monilka\AppData\Local\Programs\Microsoft VS Code\bin;D:\cursor\resources\app\bin
USERNAME=Lewhara Monilka
OS=Windows_NT
PROCESSOR_IDENTIFIER=Intel64 Family 6 Model 140 Stepping 2, GenuineIntel
TMP=C:\Users\LEWHAR~1\AppData\Local\Temp
TEMP=C:\Users\LEWHAR~1\AppData\Local\Temp




Compilation memory statistics disabled.

Periodic native trim disabled

---------------  S Y S T E M  ---------------

OS:
 Windows 11 , 64 bit Build 26100 (10.0.26100.7309)
OS uptime: 1 days 15:30 hours

CPU: total 8 (initial active 8) (4 cores per cpu, 2 threads per core) family 6 model 140 stepping 2 microcode 0x2c, cx8, cmov, fxsr, ht, mmx, 3dnowpref, sse, sse2, sse3, ssse3, sse4.1, sse4.2, popcnt, lzcnt, tsc, tscinvbit, avx, avx2, aes, erms, clmul, bmi1, bmi2, adx, avx512f, avx512dq, avx512cd, avx512bw, avx512vl, sha, fma, vzeroupper, avx512_vpopcntdq, avx512_vpclmulqdq, avx512_vaes, avx512_vnni, clflush, clflushopt, clwb, avx512_vbmi2, avx512_vbmi, rdtscp, rdpid, fsrm, gfni, avx512_bitalg, f16c, pku, cet_ibt, cet_ss, avx512_ifma
Processor Information for the first 8 processors :
  Max Mhz: 2496, Current Mhz: 2496, Mhz Limit: 2496

Memory: 4k page, system-wide physical 20229M (3056M free)
TotalPageFile size 24976M (AvailPageFile size 22M)
current process WorkingSet (physical memory assigned to process): 323M, peak: 331M
current process commit charge ("private bytes"): 351M, peak: 391M

vm_info: OpenJDK 64-Bit Server VM (25.0.2+10-LTS) for windows-amd64 JRE (25.0.2+10-LTS), built on 2026-01-20T00:00:00Z with MS VC++ 17.12 (VS2022)

END.
