#
# There is insufficient memory for the Java Runtime Environment to continue.
# Native memory allocation (malloc) failed to allocate 1698136 bytes. Error detail: Chunk::new
# Possible reasons:
#   The system is out of physical RAM or swap space
#   This process is running with CompressedOops enabled, and the Java Heap may be blocking the growth of the native heap
# Possible solutions:
#   Reduce memory load on the system
#   Increase physical memory or swap space
#   Check if swap backing store is full
#   Decrease Java heap size (-Xmx/-Xms)
#   Decrease number of Java threads
#   Decrease Java thread stack sizes (-Xss)
#   Set larger code cache with -XX:ReservedCodeCacheSize=
#   JVM is running with Zero Based Compressed Oops mode in which the Java heap is
#     placed in the first 32GB address space. The Java Heap base address is the
#     maximum limit for the native heap growth. Please use -XX:HeapBaseMinAddress
#     to set the Java Heap base and to place the Java Heap above 32GB virtual address.
# This output file may be truncated or incomplete.
#
#  Out of Memory Error (arena.cpp:186), pid=30436, tid=19980
#
# JRE version: OpenJDK Runtime Environment Temurin-25.0.2+10 (25.0.2+10) (build 25.0.2+10-LTS)
# Java VM: OpenJDK 64-Bit Server VM Temurin-25.0.2+10 (25.0.2+10-LTS, mixed mode, sharing, tiered, compressed oops, compressed class ptrs, g1 gc, windows-amd64)
# No core dump will be written. Minidumps are not enabled by default on client versions of Windows
#

---------------  S U M M A R Y ------------

Command Line: --enable-native-access=ALL-UNNAMED -Dclassworlds.conf=C:\Users\Lewhara Monilka\.m2\wrapper\dists\apache-maven-3.9.14\ed7edd442f634ac1c1ef5ba2b61b6d690b5221091f1a8e1123f5fadcc967520d\bin\m2.conf -Dmaven.home=C:\Users\Lewhara Monilka\.m2\wrapper\dists\apache-maven-3.9.14\ed7edd442f634ac1c1ef5ba2b61b6d690b5221091f1a8e1123f5fadcc967520d -Dlibrary.jansi.path=C:\Users\Lewhara Monilka\.m2\wrapper\dists\apache-maven-3.9.14\ed7edd442f634ac1c1ef5ba2b61b6d690b5221091f1a8e1123f5fadcc967520d\lib\jansi-native -Dmaven.multiModuleProjectDirectory=D:\PAF project\it3030-paf-2026-smart-campus-group_we_it_02.02_222\backend\backend org.codehaus.plexus.classworlds.launcher.Launcher spring-boot:run

Host: 11th Gen Intel(R) Core(TM) i5-1155G7 @ 2.50GHz, 8 cores, 19G,  Windows 11 , 64 bit Build 26100 (10.0.26100.7309)
Time: Wed Apr 22 10:36:05 2026 Sri Lanka Standard Time elapsed time: 1.806925 seconds (0d 0h 0m 1s)

---------------  T H R E A D  ---------------

Current thread (0x000002058b16a8b0):  JavaThread "C2 CompilerThread1" daemon [_thread_in_native, id=19980, stack(0x0000008d94b00000,0x0000008d94c00000) (1024K)]


Current CompileTask:
C2:1807 2483       4       java.util.TimSort::binarySort (223 bytes)

Stack: [0x0000008d94b00000,0x0000008d94c00000]
Native frames: (J=compiled Java code, j=interpreted, Vv=VM code, C=native code)
V  [jvm.dll+0x7a8bc9]  (no source info available)
V  [jvm.dll+0x77310d]  (no source info available)
V  [jvm.dll+0x9f55f3]  (no source info available)
V  [jvm.dll+0x9f7be1]  (no source info available)
V  [jvm.dll+0x9f82f3]  (no source info available)
V  [jvm.dll+0x2fce26]  (no source info available)
V  [jvm.dll+0x111076]  (no source info available)
V  [jvm.dll+0x11139e]  (no source info available)
V  [jvm.dll+0x19fff2]  (no source info available)
V  [jvm.dll+0x3b5f62]  (no source info available)
V  [jvm.dll+0x7ae53c]  (no source info available)
V  [jvm.dll+0x2c0407]  (no source info available)
V  [jvm.dll+0x2bf3cf]  (no source info available)
V  [jvm.dll+0x237140]  (no source info available)
V  [jvm.dll+0x2cf4c6]  (no source info available)
V  [jvm.dll+0x2cd74a]  (no source info available)
V  [jvm.dll+0x48fbee]  (no source info available)
V  [jvm.dll+0x996b0d]  (no source info available)
V  [jvm.dll+0x7a71a5]  (no source info available)
C  [ucrtbase.dll+0x37b0]  (no source info available)
C  [KERNEL32.DLL+0x2e8d7]  (no source info available)
C  [ntdll.dll+0x8c53c]  (no source info available)

Lock stack of current Java thread (top to bottom):


---------------  P R O C E S S  ---------------

Threads class SMR info:
_java_thread_list=0x000002058c0d1d20, length=12, elements={
0x00000205e2e06b50, 0x00000205fecc2410, 0x00000205fecc3be0, 0x00000205fecdc9b0,
0x00000205fece1400, 0x00000205fece23d0, 0x00000205fecd65c0, 0x00000205fece3500,
0x00000205fece4d20, 0x000002058b0a4ef0, 0x000002058b0a3f50, 0x000002058b16a8b0
}

Java Threads: ( => current thread )
  0x00000205e2e06b50 JavaThread "main"                              [_thread_in_Java, id=16680, stack(0x0000008d93900000,0x0000008d93a00000) (1024K)]
  0x00000205fecc2410 JavaThread "Reference Handler"          daemon [_thread_blocked, id=30400, stack(0x0000008d94100000,0x0000008d94200000) (1024K)]
  0x00000205fecc3be0 JavaThread "Finalizer"                  daemon [_thread_blocked, id=22028, stack(0x0000008d94200000,0x0000008d94300000) (1024K)]
  0x00000205fecdc9b0 JavaThread "Signal Dispatcher"          daemon [_thread_blocked, id=28868, stack(0x0000008d94300000,0x0000008d94400000) (1024K)]
  0x00000205fece1400 JavaThread "Attach Listener"            daemon [_thread_blocked, id=15784, stack(0x0000008d94400000,0x0000008d94500000) (1024K)]
  0x00000205fece23d0 JavaThread "Service Thread"             daemon [_thread_blocked, id=20972, stack(0x0000008d94500000,0x0000008d94600000) (1024K)]
  0x00000205fecd65c0 JavaThread "Monitor Deflation Thread"   daemon [_thread_blocked, id=5732, stack(0x0000008d94600000,0x0000008d94700000) (1024K)]
  0x00000205fece3500 JavaThread "C2 CompilerThread0"         daemon [_thread_in_native, id=20028, stack(0x0000008d94700000,0x0000008d94800000) (1024K)]
  0x00000205fece4d20 JavaThread "C1 CompilerThread0"         daemon [_thread_in_native, id=29644, stack(0x0000008d94800000,0x0000008d94900000) (1024K)]
  0x000002058b0a4ef0 JavaThread "Notification Thread"        daemon [_thread_blocked, id=22336, stack(0x0000008d94900000,0x0000008d94a00000) (1024K)]
  0x000002058b0a3f50 JavaThread "Common-Cleaner"             daemon [_thread_blocked, id=17456, stack(0x0000008d94a00000,0x0000008d94b00000) (1024K)]
=>0x000002058b16a8b0 JavaThread "C2 CompilerThread1"         daemon [_thread_in_native, id=19980, stack(0x0000008d94b00000,0x0000008d94c00000) (1024K)]
Total: 12

Other Threads:
  0x00000205fecb3830 VMThread "VM Thread"                           [id=18164, stack(0x0000008d94000000,0x0000008d94100000) (1024K)]
  0x00000205feca1c90 WatcherThread "VM Periodic Task Thread"        [id=2644, stack(0x0000008d93f00000,0x0000008d94000000) (1024K)]
  0x00000205e5158e20 WorkerThread "GC Thread#0"                     [id=25504, stack(0x0000008d93a00000,0x0000008d93b00000) (1024K)]
  0x000002058bec91b0 WorkerThread "GC Thread#1"                     [id=25300, stack(0x0000008d94c00000,0x0000008d94d00000) (1024K)]
  0x000002058c54f570 WorkerThread "GC Thread#2"                     [id=26512, stack(0x0000008d94d00000,0x0000008d94e00000) (1024K)]
  0x000002058bf035f0 WorkerThread "GC Thread#3"                     [id=2880, stack(0x0000008d94e00000,0x0000008d94f00000) (1024K)]
  0x000002058bf04630 WorkerThread "GC Thread#4"                     [id=22864, stack(0x0000008d94f00000,0x0000008d95000000) (1024K)]
  0x000002058bf04e70 WorkerThread "GC Thread#5"                     [id=14552, stack(0x0000008d95000000,0x0000008d95100000) (1024K)]
  0x000002058bf052a0 WorkerThread "GC Thread#6"                     [id=29520, stack(0x0000008d95100000,0x0000008d95200000) (1024K)]
  0x00000205e5169c20 ConcurrentGCThread "G1 Main Marker"            [id=21392, stack(0x0000008d93b00000,0x0000008d93c00000) (1024K)]
  0x00000205e516c460 WorkerThread "G1 Conc#0"                       [id=23348, stack(0x0000008d93c00000,0x0000008d93d00000) (1024K)]
  0x00000205feb71e90 ConcurrentGCThread "G1 Refine#0"               [id=2624, stack(0x0000008d93d00000,0x0000008d93e00000) (1024K)]
  0x00000205feb728a0 ConcurrentGCThread "G1 Service"                [id=29756, stack(0x0000008d93e00000,0x0000008d93f00000) (1024K)]
Total: 13

Threads with active compile tasks:
C2 CompilerThread0  1867 2595       4       com.google.inject.internal.MoreTypes::canonicalize (143 bytes)
C1 CompilerThread0  1867 2611       3       com.google.common.collect.AbstractMapBasedMultimap$AsMap$AsMapIterator::<init> (31 bytes)
C2 CompilerThread1  1867 2483       4       java.util.TimSort::binarySort (223 bytes)
Total: 3

VM state: not at safepoint (normal execution)

VM Mutex/Monitor currently owned by a thread: None

Heap address: 0x00000006c3c00000, size: 5060 MB, Compressed Oops mode: Zero based, Oop shift amount: 3

CDS archive(s) mapped at: [0x0000000098000000-0x0000000098dd0000-0x0000000098dd0000), size 14483456, SharedBaseAddress: 0x0000000098000000, ArchiveRelocationMode: 1.
Compressed class space mapped at: 0x0000000099000000-0x00000000d9000000, reserved size: 1073741824
UseCompressedClassPointers 1, UseCompactObjectHeaders 0
Narrow klass pointer bits 32, Max shift 3
Narrow klass base: 0x0000000098000000, Narrow klass shift: 0
Encoding Range: [0x0000000098000000 - 0x0000000198000000), (4294967296 bytes)
Klass Range:    [0x0000000098010000 - 0x00000000d9000000), (1090453504 bytes)
Klass ID Range:  [65536 - 1090519033) (1090453497)
Protection zone: [0x0000000098000000 - 0x0000000098010000), (65536 bytes)

GC Precious Log:
 CardTable entry size: 512
 Card Set container configuration: InlinePtr #cards 4 size 8 Array Of Cards #cards 32 size 80 Howl #buckets 8 coarsen threshold 7372 Howl Bitmap #cards 1024 size 144 coarsen threshold 921 Card regions per heap region 1 cards per card region 8192
 CPUs: 8 total, 8 available
 Memory: 20229M
 Large Page Support: Disabled
 NUMA Support: Disabled
 Compressed Oops: Enabled (Zero based)
 Heap Region Size: 4M
 Heap Min Capacity: 8M
 Heap Initial Capacity: 320M
 Heap Max Capacity: 5060M
 Pre-touch: Disabled
 Parallel Workers: 8
 Concurrent Workers: 2
 Concurrent Refinement Workers: 8
 Periodic GC: Disabled

Heap:
 garbage-first heap   total reserved 5181440K, committed 331776K, used 21887K [0x00000006c3c00000, 0x0000000800000000)
  region size 4096K, 7 young (28672K), 2 survivors (8192K)

Heap Regions: E=young(eden), S=young(survivor), O=old, HS=humongous(starts), HC=humongous(continues), CS=collection set, F=free, TAMS=top-at-mark-start, PB=parsable bottom
|   0|0x00000006c3c00000, 0x00000006c3c00000, 0x00000006c4000000|  0%| F|  |TAMS 0x00000006c3c00000| PB 0x00000006c3c00000| Untracked |  0
|   1|0x00000006c4000000, 0x00000006c4000000, 0x00000006c4400000|  0%| F|  |TAMS 0x00000006c4000000| PB 0x00000006c4000000| Untracked |  0
|   2|0x00000006c4400000, 0x00000006c4400000, 0x00000006c4800000|  0%| F|  |TAMS 0x00000006c4400000| PB 0x00000006c4400000| Untracked |  0
|   3|0x00000006c4800000, 0x00000006c4800000, 0x00000006c4c00000|  0%| F|  |TAMS 0x00000006c4800000| PB 0x00000006c4800000| Untracked |  0
|   4|0x00000006c4c00000, 0x00000006c4c00000, 0x00000006c5000000|  0%| F|  |TAMS 0x00000006c4c00000| PB 0x00000006c4c00000| Untracked |  0
|   5|0x00000006c5000000, 0x00000006c5000000, 0x00000006c5400000|  0%| F|  |TAMS 0x00000006c5000000| PB 0x00000006c5000000| Untracked |  0
|   6|0x00000006c5400000, 0x00000006c5400000, 0x00000006c5800000|  0%| F|  |TAMS 0x00000006c5400000| PB 0x00000006c5400000| Untracked |  0
|   7|0x00000006c5800000, 0x00000006c5800000, 0x00000006c5c00000|  0%| F|  |TAMS 0x00000006c5800000| PB 0x00000006c5800000| Untracked |  0
|   8|0x00000006c5c00000, 0x00000006c5c00000, 0x00000006c6000000|  0%| F|  |TAMS 0x00000006c5c00000| PB 0x00000006c5c00000| Untracked |  0
|   9|0x00000006c6000000, 0x00000006c6000000, 0x00000006c6400000|  0%| F|  |TAMS 0x00000006c6000000| PB 0x00000006c6000000| Untracked |  0
|  10|0x00000006c6400000, 0x00000006c6400000, 0x00000006c6800000|  0%| F|  |TAMS 0x00000006c6400000| PB 0x00000006c6400000| Untracked |  0
|  11|0x00000006c6800000, 0x00000006c6800000, 0x00000006c6c00000|  0%| F|  |TAMS 0x00000006c6800000| PB 0x00000006c6800000| Untracked |  0
|  12|0x00000006c6c00000, 0x00000006c6c00000, 0x00000006c7000000|  0%| F|  |TAMS 0x00000006c6c00000| PB 0x00000006c6c00000| Untracked |  0
|  13|0x00000006c7000000, 0x00000006c7000000, 0x00000006c7400000|  0%| F|  |TAMS 0x00000006c7000000| PB 0x00000006c7000000| Untracked |  0
|  14|0x00000006c7400000, 0x00000006c7400000, 0x00000006c7800000|  0%| F|  |TAMS 0x00000006c7400000| PB 0x00000006c7400000| Untracked |  0
|  15|0x00000006c7800000, 0x00000006c7800000, 0x00000006c7c00000|  0%| F|  |TAMS 0x00000006c7800000| PB 0x00000006c7800000| Untracked |  0
|  16|0x00000006c7c00000, 0x00000006c7c00000, 0x00000006c8000000|  0%| F|  |TAMS 0x00000006c7c00000| PB 0x00000006c7c00000| Untracked |  0
|  17|0x00000006c8000000, 0x00000006c8000000, 0x00000006c8400000|  0%| F|  |TAMS 0x00000006c8000000| PB 0x00000006c8000000| Untracked |  0
|  18|0x00000006c8400000, 0x00000006c8400000, 0x00000006c8800000|  0%| F|  |TAMS 0x00000006c8400000| PB 0x00000006c8400000| Untracked |  0
|  19|0x00000006c8800000, 0x00000006c8800000, 0x00000006c8c00000|  0%| F|  |TAMS 0x00000006c8800000| PB 0x00000006c8800000| Untracked |  0
|  20|0x00000006c8c00000, 0x00000006c8c00000, 0x00000006c9000000|  0%| F|  |TAMS 0x00000006c8c00000| PB 0x00000006c8c00000| Untracked |  0
|  21|0x00000006c9000000, 0x00000006c9000000, 0x00000006c9400000|  0%| F|  |TAMS 0x00000006c9000000| PB 0x00000006c9000000| Untracked |  0
|  22|0x00000006c9400000, 0x00000006c9400000, 0x00000006c9800000|  0%| F|  |TAMS 0x00000006c9400000| PB 0x00000006c9400000| Untracked |  0
|  23|0x00000006c9800000, 0x00000006c9800000, 0x00000006c9c00000|  0%| F|  |TAMS 0x00000006c9800000| PB 0x00000006c9800000| Untracked |  0
|  24|0x00000006c9c00000, 0x00000006c9c00000, 0x00000006ca000000|  0%| F|  |TAMS 0x00000006c9c00000| PB 0x00000006c9c00000| Untracked |  0
|  25|0x00000006ca000000, 0x00000006ca000000, 0x00000006ca400000|  0%| F|  |TAMS 0x00000006ca000000| PB 0x00000006ca000000| Untracked |  0
|  26|0x00000006ca400000, 0x00000006ca400000, 0x00000006ca800000|  0%| F|  |TAMS 0x00000006ca400000| PB 0x00000006ca400000| Untracked |  0
|  27|0x00000006ca800000, 0x00000006ca800000, 0x00000006cac00000|  0%| F|  |TAMS 0x00000006ca800000| PB 0x00000006ca800000| Untracked |  0
|  28|0x00000006cac00000, 0x00000006cac00000, 0x00000006cb000000|  0%| F|  |TAMS 0x00000006cac00000| PB 0x00000006cac00000| Untracked |  0
|  29|0x00000006cb000000, 0x00000006cb000000, 0x00000006cb400000|  0%| F|  |TAMS 0x00000006cb000000| PB 0x00000006cb000000| Untracked |  0
|  30|0x00000006cb400000, 0x00000006cb400000, 0x00000006cb800000|  0%| F|  |TAMS 0x00000006cb400000| PB 0x00000006cb400000| Untracked |  0
|  31|0x00000006cb800000, 0x00000006cb800000, 0x00000006cbc00000|  0%| F|  |TAMS 0x00000006cb800000| PB 0x00000006cb800000| Untracked |  0
|  32|0x00000006cbc00000, 0x00000006cbc00000, 0x00000006cc000000|  0%| F|  |TAMS 0x00000006cbc00000| PB 0x00000006cbc00000| Untracked |  0
|  33|0x00000006cc000000, 0x00000006cc000000, 0x00000006cc400000|  0%| F|  |TAMS 0x00000006cc000000| PB 0x00000006cc000000| Untracked |  0
|  34|0x00000006cc400000, 0x00000006cc400000, 0x00000006cc800000|  0%| F|  |TAMS 0x00000006cc400000| PB 0x00000006cc400000| Untracked |  0
|  35|0x00000006cc800000, 0x00000006cc800000, 0x00000006ccc00000|  0%| F|  |TAMS 0x00000006cc800000| PB 0x00000006cc800000| Untracked |  0
|  36|0x00000006ccc00000, 0x00000006ccc00000, 0x00000006cd000000|  0%| F|  |TAMS 0x00000006ccc00000| PB 0x00000006ccc00000| Untracked |  0
|  37|0x00000006cd000000, 0x00000006cd000000, 0x00000006cd400000|  0%| F|  |TAMS 0x00000006cd000000| PB 0x00000006cd000000| Untracked |  0
|  38|0x00000006cd400000, 0x00000006cd400000, 0x00000006cd800000|  0%| F|  |TAMS 0x00000006cd400000| PB 0x00000006cd400000| Untracked |  0
|  39|0x00000006cd800000, 0x00000006cd800000, 0x00000006cdc00000|  0%| F|  |TAMS 0x00000006cd800000| PB 0x00000006cd800000| Untracked |  0
|  40|0x00000006cdc00000, 0x00000006cdc00000, 0x00000006ce000000|  0%| F|  |TAMS 0x00000006cdc00000| PB 0x00000006cdc00000| Untracked |  0
|  41|0x00000006ce000000, 0x00000006ce000000, 0x00000006ce400000|  0%| F|  |TAMS 0x00000006ce000000| PB 0x00000006ce000000| Untracked |  0
|  42|0x00000006ce400000, 0x00000006ce400000, 0x00000006ce800000|  0%| F|  |TAMS 0x00000006ce400000| PB 0x00000006ce400000| Untracked |  0
|  43|0x00000006ce800000, 0x00000006ce800000, 0x00000006cec00000|  0%| F|  |TAMS 0x00000006ce800000| PB 0x00000006ce800000| Untracked |  0
|  44|0x00000006cec00000, 0x00000006cec00000, 0x00000006cf000000|  0%| F|  |TAMS 0x00000006cec00000| PB 0x00000006cec00000| Untracked |  0
|  45|0x00000006cf000000, 0x00000006cf000000, 0x00000006cf400000|  0%| F|  |TAMS 0x00000006cf000000| PB 0x00000006cf000000| Untracked |  0
|  46|0x00000006cf400000, 0x00000006cf400000, 0x00000006cf800000|  0%| F|  |TAMS 0x00000006cf400000| PB 0x00000006cf400000| Untracked |  0
|  47|0x00000006cf800000, 0x00000006cf800000, 0x00000006cfc00000|  0%| F|  |TAMS 0x00000006cf800000| PB 0x00000006cf800000| Untracked |  0
|  48|0x00000006cfc00000, 0x00000006cfc00000, 0x00000006d0000000|  0%| F|  |TAMS 0x00000006cfc00000| PB 0x00000006cfc00000| Untracked |  0
|  49|0x00000006d0000000, 0x00000006d0000000, 0x00000006d0400000|  0%| F|  |TAMS 0x00000006d0000000| PB 0x00000006d0000000| Untracked |  0
|  50|0x00000006d0400000, 0x00000006d0400000, 0x00000006d0800000|  0%| F|  |TAMS 0x00000006d0400000| PB 0x00000006d0400000| Untracked |  0
|  51|0x00000006d0800000, 0x00000006d0800000, 0x00000006d0c00000|  0%| F|  |TAMS 0x00000006d0800000| PB 0x00000006d0800000| Untracked |  0
|  52|0x00000006d0c00000, 0x00000006d0c00000, 0x00000006d1000000|  0%| F|  |TAMS 0x00000006d0c00000| PB 0x00000006d0c00000| Untracked |  0
|  53|0x00000006d1000000, 0x00000006d1000000, 0x00000006d1400000|  0%| F|  |TAMS 0x00000006d1000000| PB 0x00000006d1000000| Untracked |  0
|  54|0x00000006d1400000, 0x00000006d1400000, 0x00000006d1800000|  0%| F|  |TAMS 0x00000006d1400000| PB 0x00000006d1400000| Untracked |  0
|  55|0x00000006d1800000, 0x00000006d1800000, 0x00000006d1c00000|  0%| F|  |TAMS 0x00000006d1800000| PB 0x00000006d1800000| Untracked |  0
|  56|0x00000006d1c00000, 0x00000006d1c00000, 0x00000006d2000000|  0%| F|  |TAMS 0x00000006d1c00000| PB 0x00000006d1c00000| Untracked |  0
|  57|0x00000006d2000000, 0x00000006d2000000, 0x00000006d2400000|  0%| F|  |TAMS 0x00000006d2000000| PB 0x00000006d2000000| Untracked |  0
|  58|0x00000006d2400000, 0x00000006d2400000, 0x00000006d2800000|  0%| F|  |TAMS 0x00000006d2400000| PB 0x00000006d2400000| Untracked |  0
|  59|0x00000006d2800000, 0x00000006d2800000, 0x00000006d2c00000|  0%| F|  |TAMS 0x00000006d2800000| PB 0x00000006d2800000| Untracked |  0
|  60|0x00000006d2c00000, 0x00000006d2c00000, 0x00000006d3000000|  0%| F|  |TAMS 0x00000006d2c00000| PB 0x00000006d2c00000| Untracked |  0
|  61|0x00000006d3000000, 0x00000006d3000000, 0x00000006d3400000|  0%| F|  |TAMS 0x00000006d3000000| PB 0x00000006d3000000| Untracked |  0
|  62|0x00000006d3400000, 0x00000006d3400000, 0x00000006d3800000|  0%| F|  |TAMS 0x00000006d3400000| PB 0x00000006d3400000| Untracked |  0
|  63|0x00000006d3800000, 0x00000006d3800000, 0x00000006d3c00000|  0%| F|  |TAMS 0x00000006d3800000| PB 0x00000006d3800000| Untracked |  0
|  64|0x00000006d3c00000, 0x00000006d3c00000, 0x00000006d4000000|  0%| F|  |TAMS 0x00000006d3c00000| PB 0x00000006d3c00000| Untracked |  0
|  65|0x00000006d4000000, 0x00000006d4000000, 0x00000006d4400000|  0%| F|  |TAMS 0x00000006d4000000| PB 0x00000006d4000000| Untracked |  0
|  66|0x00000006d4400000, 0x00000006d443aef0, 0x00000006d4800000|  5%| S|CS|TAMS 0x00000006d4400000| PB 0x00000006d4400000| Complete |  0
|  67|0x00000006d4800000, 0x00000006d4c00000, 0x00000006d4c00000|100%| S|CS|TAMS 0x00000006d4800000| PB 0x00000006d4800000| Complete |  0
|  68|0x00000006d4c00000, 0x00000006d4c00000, 0x00000006d5000000|  0%| F|  |TAMS 0x00000006d4c00000| PB 0x00000006d4c00000| Untracked |  0
|  69|0x00000006d5000000, 0x00000006d5000000, 0x00000006d5400000|  0%| F|  |TAMS 0x00000006d5000000| PB 0x00000006d5000000| Untracked |  0
|  70|0x00000006d5400000, 0x00000006d5400000, 0x00000006d5800000|  0%| F|  |TAMS 0x00000006d5400000| PB 0x00000006d5400000| Untracked |  0
|  71|0x00000006d5800000, 0x00000006d5800000, 0x00000006d5c00000|  0%| F|  |TAMS 0x00000006d5800000| PB 0x00000006d5800000| Untracked |  0
|  72|0x00000006d5c00000, 0x00000006d5c00000, 0x00000006d6000000|  0%| F|  |TAMS 0x00000006d5c00000| PB 0x00000006d5c00000| Untracked |  0
|  73|0x00000006d6000000, 0x00000006d6000000, 0x00000006d6400000|  0%| F|  |TAMS 0x00000006d6000000| PB 0x00000006d6000000| Untracked |  0
|  74|0x00000006d6400000, 0x00000006d6400000, 0x00000006d6800000|  0%| F|  |TAMS 0x00000006d6400000| PB 0x00000006d6400000| Untracked |  0
|  75|0x00000006d6800000, 0x00000006d69888c8, 0x00000006d6c00000| 38%| E|  |TAMS 0x00000006d6800000| PB 0x00000006d6800000| Complete |  0
|  76|0x00000006d6c00000, 0x00000006d7000000, 0x00000006d7000000|100%| E|CS|TAMS 0x00000006d6c00000| PB 0x00000006d6c00000| Complete |  0
|  77|0x00000006d7000000, 0x00000006d7400000, 0x00000006d7400000|100%| E|CS|TAMS 0x00000006d7000000| PB 0x00000006d7000000| Complete |  0
|  78|0x00000006d7400000, 0x00000006d7800000, 0x00000006d7800000|100%| E|CS|TAMS 0x00000006d7400000| PB 0x00000006d7400000| Complete |  0
|  79|0x00000006d7800000, 0x00000006d7c00000, 0x00000006d7c00000|100%| E|CS|TAMS 0x00000006d7800000| PB 0x00000006d7800000| Complete |  0
|1264|0x00000007ffc00000, 0x00000007ffd24ea8, 0x0000000800000000| 28%| O|  |TAMS 0x00000007ffc00000| PB 0x00000007ffc00000| Untracked |  0

Card table byte_map: [0x00000205fd8f0000,0x00000205fe2e0000] _byte_map_base: 0x00000205fa2d2000

Marking Bits: (CMBitMap*) 0x00000205e515a5c0
 Bits: [0x0000020580000000, 0x0000020584f10000)

Polling page: 0x00000205e32b0000

Metaspace:
Metaspace        used 12087K, committed 12288K, reserved 1114112K
 class space     used 1547K, committed 1664K, reserved 1048576K

Usage:
  Non-class:     10.29 MB used.
      Class:      1.51 MB used.
       Both:     11.80 MB used.

Virtual space:
  Non-class space:       64.00 MB reserved,      10.38 MB ( 16%) committed,  1 nodes.
      Class space:        1.00 GB reserved,       1.62 MB ( <1%) committed,  1 nodes.
             Both:        1.06 GB reserved,      12.00 MB (  1%) committed. 

Chunk freelists:
   Non-Class:  4.20 MB
       Class:  14.41 MB
        Both:  18.61 MB

MaxMetaspaceSize: unlimited
CompressedClassSpaceSize: 1.00 GB
Initial GC threshold: 21.00 MB
Current GC threshold: 21.00 MB
CDS: on
 - commit_granule_bytes: 65536.
 - commit_granule_words: 8192.
 - virtual_space_node_default_size: 8388608.
 - enlarge_chunks_in_place: 1.
UseCompressedClassPointers 1, UseCompactObjectHeaders 0
Narrow klass pointer bits 32, Max shift 3
Narrow klass base: 0x0000000098000000, Narrow klass shift: 0
Encoding Range: [0x0000000098000000 - 0x0000000198000000), (4294967296 bytes)
Klass Range:    [0x0000000098010000 - 0x00000000d9000000), (1090453504 bytes)
Klass ID Range:  [65536 - 1090519033) (1090453497)
Protection zone: [0x0000000098000000 - 0x0000000098010000), (65536 bytes)


Internal statistics:

num_allocs_failed_limit: 0.
num_arena_births: 76.
num_arena_deaths: 0.
num_vsnodes_births: 2.
num_vsnodes_deaths: 0.
num_space_committed: 192.
num_space_uncommitted: 0.
num_chunks_returned_to_freelist: 0.
num_chunks_taken_from_freelist: 483.
num_chunk_merges: 0.
num_chunk_splits: 338.
num_chunks_enlarged: 287.
num_inconsistent_stats: 0.

CodeHeap 'non-profiled nmethods': size=120064Kb used=808Kb max_used=808Kb free=119255Kb
 bounds [0x00000205f5690000, 0x00000205f5900000, 0x00000205fcbd0000]
CodeHeap 'profiled nmethods': size=120000Kb used=3962Kb max_used=3962Kb free=116037Kb
 bounds [0x00000205edbd0000, 0x00000205edfb0000, 0x00000205f5100000]
CodeHeap 'non-nmethods': size=5696Kb used=1493Kb max_used=1521Kb free=4202Kb
 bounds [0x00000205f5100000, 0x00000205f5370000, 0x00000205f5690000]
CodeCache: size=245760Kb, used=6263Kb, max_used=6291Kb, free=239494Kb
 total_blobs=3106, nmethods=2611, adapters=397, full_count=0
Compilation: enabled, stopped_count=0, restarted_count=0

Compilation events (20 events):
Event: 1.796 Thread 0x00000205fece4d20 2490       3       com.google.inject.internal.FailableCache::get (38 bytes)
Event: 1.797 Thread 0x00000205fece4d20 nmethod 2490 0x00000205edf7fe08 code [0x00000205edf7ff00, 0x00000205edf808d0]
Event: 1.797 Thread 0x00000205fece4d20 2492       3       com.google.common.util.concurrent.AbstractFuture::set (30 bytes)
Event: 1.798 Thread 0x00000205fece4d20 nmethod 2492 0x00000205edf80908 code [0x00000205edf80a00, 0x00000205edf817f8]
Event: 1.798 Thread 0x00000205fece4d20 2493       3       com.google.common.util.concurrent.AbstractFutureState::casValue (10 bytes)
Event: 1.798 Thread 0x00000205fece3500 2497       4       java.lang.invoke.VarHandle::checkAccessModeThenIsDirect (29 bytes)
Event: 1.798 Thread 0x00000205fece3500 nmethod 2497 0x00000205f5753788 code [0x00000205f5753880, 0x00000205f5753920]
Event: 1.798 Thread 0x00000205fece3500 2498       4       java.lang.invoke.VarForm::getMemberName (38 bytes)
Event: 1.799 Thread 0x00000205fece4d20 nmethod 2493 0x00000205edf81888 code [0x00000205edf81980, 0x00000205edf82990]
Event: 1.799 Thread 0x00000205fece4d20 2491       3       com.google.inject.internal.MembersInjectorStore::get (13 bytes)
Event: 1.799 Thread 0x00000205fece4d20 nmethod 2491 0x00000205edf82a08 code [0x00000205edf82b00, 0x00000205edf82d98]
Event: 1.799 Thread 0x00000205fece4d20 2496       3       java.lang.invoke.VarHandleReferences$FieldInstanceReadWrite::compareAndSet (48 bytes)
Event: 1.799 Thread 0x00000205fece3500 nmethod 2498 0x00000205f5753a88 code [0x00000205f5753b80, 0x00000205f5753c98]
Event: 1.799 Thread 0x00000205fece4d20 nmethod 2496 0x00000205edf82e08 code [0x00000205edf82f00, 0x00000205edf83bc8]
Event: 1.799 Thread 0x00000205fece4d20 2494       3       com.google.common.util.concurrent.AbstractFutureState$VarHandleAtomicHelper::casValue (10 bytes)
Event: 1.800 Thread 0x00000205fece4d20 nmethod 2494 0x00000205edf83c08 code [0x00000205edf83d00, 0x00000205edf84cc8]
Event: 1.800 Thread 0x00000205fece4d20 2499       3       java.lang.StringUTF16::getChars (42 bytes)
Event: 1.800 Thread 0x00000205fece4d20 nmethod 2499 0x00000205edf84d08 code [0x00000205edf84e00, 0x00000205edf85258]
Event: 1.800 Thread 0x00000205fece4d20 2495       3       java.lang.invoke.VarHandleGuards::guard_LLL_Z (86 bytes)
Event: 1.801 Thread 0x00000205fece4d20 nmethod 2495 0x00000205edf85288 code [0x00000205edf85380, 0x00000205edf86f88]

GC Heap Usage History (2 events):
Event: 1.396 {heap Before GC invocations=0 (full 0):
 garbage-first heap   total reserved 5181440K, committed 331776K, used 50323K [0x00000006c3c00000, 0x0000000800000000)
  region size 4096K, 12 young (49152K), 0 survivors (0K)
}
Event: 1.402 {heap After GC invocations=1 (full 0):
 garbage-first heap   total reserved 5181440K, committed 331776K, used 5503K [0x00000006c3c00000, 0x0000000800000000)
  region size 4096K, 2 young (8192K), 2 survivors (8192K)
}

Metaspace Usage History (2 events):
Event: 1.396 {metaspace Before GC invocations=0 (full 0):
 Metaspace       used 8881K, committed 9088K, reserved 1114112K
  class space    used 1084K, committed 1216K, reserved 1048576K
}
Event: 1.402 {metaspace After GC invocations=1 (full 0):
 Metaspace       used 8881K, committed 9088K, reserved 1114112K
  class space    used 1084K, committed 1216K, reserved 1048576K
}

Dll operation events (7 events):
Event: 0.010 Loaded shared library C:\Program Files\Eclipse Adoptium\jdk-25.0.2.10-hotspot\bin\java.dll
Event: 0.067 Loaded shared library C:\Program Files\Eclipse Adoptium\jdk-25.0.2.10-hotspot\bin\net.dll
Event: 0.069 Loaded shared library C:\Program Files\Eclipse Adoptium\jdk-25.0.2.10-hotspot\bin\nio.dll
Event: 0.074 Loaded shared library C:\Program Files\Eclipse Adoptium\jdk-25.0.2.10-hotspot\bin\zip.dll
Event: 0.227 Loaded shared library C:\Users\Lewhara Monilka\.m2\wrapper\dists\apache-maven-3.9.14\ed7edd442f634ac1c1ef5ba2b61b6d690b5221091f1a8e1123f5fadcc967520d\lib\jansi-native\Windows\x86_64\jansi.dll
Event: 0.228 Loaded shared library C:\Program Files\Eclipse Adoptium\jdk-25.0.2.10-hotspot\bin\jimage.dll
Event: 0.239 Loaded shared library C:\Program Files\Eclipse Adoptium\jdk-25.0.2.10-hotspot\bin\verify.dll

Deoptimization events (20 events):
Event: 1.602 Thread 0x00000205e2e06b50 DEOPT PACKING pc=0x00000205f5738f30 sp=0x0000008d939fd600
Event: 1.602 Thread 0x00000205e2e06b50 DEOPT UNPACKING pc=0x00000205f522e502 sp=0x0000008d939fd590 mode 2
Event: 1.687 Thread 0x00000205e2e06b50 DEOPT PACKING pc=0x00000205edeacbe4 sp=0x0000008d939fd830
Event: 1.687 Thread 0x00000205e2e06b50 DEOPT UNPACKING pc=0x00000205f51512a2 sp=0x0000008d939fcce8 mode 0
Event: 1.801 Thread 0x00000205e2e06b50 Uncommon trap: trap_request=0xffffffc6 fr.pc=0x00000205f570fdd4 relative=0x00000000000006d4
Event: 1.801 Thread 0x00000205e2e06b50 Uncommon trap: reason=bimorphic_or_optimized_type_check action=maybe_recompile pc=0x00000205f570fdd4 method=java.util.HashMap.putVal(ILjava/lang/Object;Ljava/lang/Object;ZZ)Ljava/lang/Object; @ 91 c2
Event: 1.801 Thread 0x00000205e2e06b50 DEOPT PACKING pc=0x00000205f570fdd4 sp=0x0000008d939fe810
Event: 1.801 Thread 0x00000205e2e06b50 DEOPT UNPACKING pc=0x00000205f522e502 sp=0x0000008d939fe700 mode 2
Event: 1.801 Thread 0x00000205e2e06b50 Uncommon trap: trap_request=0xffffffc6 fr.pc=0x00000205f570fdd4 relative=0x00000000000006d4
Event: 1.801 Thread 0x00000205e2e06b50 Uncommon trap: reason=bimorphic_or_optimized_type_check action=maybe_recompile pc=0x00000205f570fdd4 method=java.util.HashMap.putVal(ILjava/lang/Object;Ljava/lang/Object;ZZ)Ljava/lang/Object; @ 91 c2
Event: 1.801 Thread 0x00000205e2e06b50 DEOPT PACKING pc=0x00000205f570fdd4 sp=0x0000008d939fe810
Event: 1.801 Thread 0x00000205e2e06b50 DEOPT UNPACKING pc=0x00000205f522e502 sp=0x0000008d939fe700 mode 2
Event: 1.801 Thread 0x00000205e2e06b50 Uncommon trap: trap_request=0xffffffc6 fr.pc=0x00000205f570fdd4 relative=0x00000000000006d4
Event: 1.801 Thread 0x00000205e2e06b50 Uncommon trap: reason=bimorphic_or_optimized_type_check action=maybe_recompile pc=0x00000205f570fdd4 method=java.util.HashMap.putVal(ILjava/lang/Object;Ljava/lang/Object;ZZ)Ljava/lang/Object; @ 91 c2
Event: 1.801 Thread 0x00000205e2e06b50 DEOPT PACKING pc=0x00000205f570fdd4 sp=0x0000008d939fe810
Event: 1.801 Thread 0x00000205e2e06b50 DEOPT UNPACKING pc=0x00000205f522e502 sp=0x0000008d939fe700 mode 2
Event: 1.801 Thread 0x00000205e2e06b50 Uncommon trap: trap_request=0xffffffc6 fr.pc=0x00000205f570fdd4 relative=0x00000000000006d4
Event: 1.801 Thread 0x00000205e2e06b50 Uncommon trap: reason=bimorphic_or_optimized_type_check action=maybe_recompile pc=0x00000205f570fdd4 method=java.util.HashMap.putVal(ILjava/lang/Object;Ljava/lang/Object;ZZ)Ljava/lang/Object; @ 91 c2
Event: 1.801 Thread 0x00000205e2e06b50 DEOPT PACKING pc=0x00000205f570fdd4 sp=0x0000008d939fe810
Event: 1.801 Thread 0x00000205e2e06b50 DEOPT UNPACKING pc=0x00000205f522e502 sp=0x0000008d939fe700 mode 2

Classes loaded (20 events):
Event: 1.515 Loading class java/nio/channels/OverlappingFileLockException
Event: 1.515 Loading class java/nio/channels/OverlappingFileLockException done
Event: 1.515 Loading class java/nio/channels/FileLock
Event: 1.516 Loading class java/nio/channels/FileLock done
Event: 1.535 Loading class java/nio/file/AccessDeniedException
Event: 1.535 Loading class java/nio/file/AccessDeniedException done
Event: 1.574 Loading class java/lang/ClassValue$ClassValueMap
Event: 1.575 Loading class java/lang/ClassValue$ClassValueMap done
Event: 1.582 Loading class java/util/TreeMap$Values
Event: 1.582 Loading class java/util/TreeMap$Values done
Event: 1.586 Loading class java/util/TreeMap$ValueIterator
Event: 1.586 Loading class java/util/TreeMap$ValueIterator done
Event: 1.590 Loading class java/lang/invoke/DirectMethodHandle$StaticAccessor
Event: 1.590 Loading class java/lang/invoke/DirectMethodHandle$StaticAccessor done
Event: 1.592 Loading class java/lang/ClassValue$RemovalToken
Event: 1.592 Loading class java/lang/ClassValue$RemovalToken done
Event: 1.687 Loading class sun/reflect/generics/scope/MethodScope
Event: 1.687 Loading class sun/reflect/generics/scope/MethodScope done
Event: 1.687 Loading class sun/reflect/generics/repository/MethodRepository
Event: 1.687 Loading class sun/reflect/generics/repository/MethodRepository done

Classes unloaded (0 events):
No events

Classes redefined (0 events):
No events

Internal exceptions (20 events):
Event: 0.229 Thread 0x00000205e2e06b50 Exception <a 'java/lang/NullPointerException'{0x00000006d76afc30}> (0x00000006d76afc30) 
thrown [s\src\hotspot\share\interpreter\linkResolver.cpp, line 1416]
Event: 0.232 Thread 0x00000205e2e06b50 Exception <a 'java/lang/NullPointerException'{0x00000006d76c1d10}> (0x00000006d76c1d10) 
thrown [s\src\hotspot\share\interpreter\linkResolver.cpp, line 1416]
Event: 0.232 Thread 0x00000205e2e06b50 Exception <a 'java/lang/NullPointerException'{0x00000006d76c1ff0}> (0x00000006d76c1ff0) 
thrown [s\src\hotspot\share\interpreter\linkResolver.cpp, line 1416]
Event: 0.232 Thread 0x00000205e2e06b50 Exception <a 'java/lang/NullPointerException'{0x00000006d76c22d0}> (0x00000006d76c22d0) 
thrown [s\src\hotspot\share\interpreter\linkResolver.cpp, line 1416]
Event: 0.232 Thread 0x00000205e2e06b50 Exception <a 'java/lang/NullPointerException'{0x00000006d76c25b0}> (0x00000006d76c25b0) 
thrown [s\src\hotspot\share\interpreter\linkResolver.cpp, line 1416]
Event: 0.245 Thread 0x00000205e2e06b50 Exception <a 'java/lang/NoSuchMethodError'{0x00000006d7016308}: 'void java.lang.invoke.DirectMethodHandle$Holder.invokeVirtual(java.lang.Object, java.lang.Object)'> (0x00000006d7016308) 
thrown [s\src\hotspot\share\interpreter\linkResolver.cpp, line 804]
Event: 0.250 Thread 0x00000205e2e06b50 Exception <a 'java/lang/NoSuchMethodError'{0x00000006d7037dc0}: 'void java.lang.invoke.DirectMethodHandle$Holder.invokeStatic(java.lang.Object, java.lang.Object)'> (0x00000006d7037dc0) 
thrown [s\src\hotspot\share\interpreter\linkResolver.cpp, line 804]
Event: 0.251 Thread 0x00000205e2e06b50 Exception <a 'java/lang/NoSuchMethodError'{0x00000006d703fb68}: 'void java.lang.invoke.DirectMethodHandle$Holder.invokeStaticInit(java.lang.Object, java.lang.Object)'> (0x00000006d703fb68) 
thrown [s\src\hotspot\share\interpreter\linkResolver.cpp, line 804]
Event: 0.261 Thread 0x00000205e2e06b50 Exception <a 'java/lang/NoSuchMethodError'{0x00000006d7092940}: 'void java.lang.invoke.DirectMethodHandle$Holder.invokeStatic(java.lang.Object, java.lang.Object, java.lang.Object)'> (0x00000006d7092940) 
thrown [s\src\hotspot\share\interpreter\linkResolver.cpp, line 804]
Event: 0.329 Thread 0x00000205e2e06b50 Exception <a 'java/lang/NoSuchMethodError'{0x00000006d72212b0}: 'java.lang.Object java.lang.invoke.DirectMethodHandle$Holder.invokeSpecialIFC(java.lang.Object, java.lang.Object, java.lang.Object, java.lang.Object)'> (0x00000006d72212b0) 
thrown [s\src\hotspot\share\interpreter\linkResolver.cpp, line 804]
Event: 0.511 Thread 0x00000205e2e06b50 Exception <a 'java/lang/NoSuchMethodError'{0x00000006d6f4a430}: 'void java.lang.invoke.DirectMethodHandle$Holder.invokeSpecial(java.lang.Object, java.lang.Object, java.lang.Object)'> (0x00000006d6f4a430) 
thrown [s\src\hotspot\share\interpreter\linkResolver.cpp, line 804]
Event: 0.544 Thread 0x00000205e2e06b50 Exception <a 'java/lang/NoSuchMethodError'{0x00000006d6872f20}: 'java.lang.Object java.lang.invoke.DirectMethodHandle$Holder.invokeInterface(java.lang.Object, java.lang.Object)'> (0x00000006d6872f20) 
thrown [s\src\hotspot\share\interpreter\linkResolver.cpp, line 804]
Event: 0.565 Thread 0x00000205e2e06b50 Exception <a 'java/lang/NoSuchMethodError'{0x00000006d6924df0}: 'int java.lang.invoke.DirectMethodHandle$Holder.invokeStatic(java.lang.Object, java.lang.Object, java.lang.Object, java.lang.Object)'> (0x00000006d6924df0) 
thrown [s\src\hotspot\share\interpreter\linkResolver.cpp, line 804]
Event: 0.571 Thread 0x00000205e2e06b50 Exception <a 'java/lang/NoSuchMethodError'{0x00000006d694e9c8}: 'int java.lang.invoke.DirectMethodHandle$Holder.invokeSpecialIFC(java.lang.Object, java.lang.Object, java.lang.Object, java.lang.Object, java.lang.Object)'> (0x00000006d694e9c8) 
thrown [s\src\hotspot\share\interpreter\linkResolver.cpp, line 804]
Event: 0.626 Thread 0x00000205e2e06b50 Exception <a 'java/lang/NoSuchMethodError'{0x00000006d6b2e3c0}: 'java.lang.Object java.lang.invoke.DirectMethodHandle$Holder.newInvokeSpecial(java.lang.Object, java.lang.Object, java.lang.Object, java.lang.Object, java.lang.Object)'> (0x00000006d6b2e3c0) 
thrown [s\src\hotspot\share\interpreter\linkResolver.cpp, line 804]
Event: 0.654 Thread 0x00000205e2e06b50 Exception <a 'java/lang/NoSuchMethodError'{0x00000006d64546c8}: 'int java.lang.invoke.DirectMethodHandle$Holder.invokeStaticInit(java.lang.Object, java.lang.Object)'> (0x00000006d64546c8) 
thrown [s\src\hotspot\share\interpreter\linkResolver.cpp, line 804]
Event: 0.661 Thread 0x00000205e2e06b50 Exception <a 'java/lang/NoClassDefFoundError'{0x00000006d648ffd0}: javax/enterprise/inject/Typed> (0x00000006d648ffd0) 
thrown [s\src\hotspot\share\classfile\systemDictionary.cpp, line 316]
Event: 1.571 Thread 0x00000205e2e06b50 Exception <a 'java/lang/NoSuchMethodError'{0x00000006d77053f8}: 'void java.lang.invoke.DirectMethodHandle$Holder.invokeStaticInit(java.lang.Object, java.lang.Object, java.lang.Object)'> (0x00000006d77053f8) 
thrown [s\src\hotspot\share\interpreter\linkResolver.cpp, line 804]
Event: 1.589 Thread 0x00000205e2e06b50 Implicit null exception at 0x00000205f5706b9d to 0x00000205f5706d30
Event: 1.592 Thread 0x00000205e2e06b50 Exception <a 'java/lang/NoSuchMethodError'{0x00000006d77964e8}: 'java.lang.Object java.lang.invoke.Invokers$Holder.invokeExact_MT(java.lang.Object, int, java.lang.Object)'> (0x00000006d77964e8) 
thrown [s\src\hotspot\share\interpreter\linkResolver.cpp, line 804]

VM Operations (20 events):
Event: 0.076 Executing non-safepoint VM operation: HandshakeAllThreads (Deoptimize)
Event: 0.076 Executing non-safepoint VM operation: HandshakeAllThreads (Deoptimize) done
Event: 0.221 Executing non-safepoint VM operation: HandshakeAllThreads (Deoptimize)
Event: 0.221 Executing non-safepoint VM operation: HandshakeAllThreads (Deoptimize) done
Event: 0.235 Executing non-safepoint VM operation: HandshakeAllThreads (Deoptimize)
Event: 0.235 Executing non-safepoint VM operation: HandshakeAllThreads (Deoptimize) done
Event: 1.205 Executing non-safepoint VM operation: HandshakeAllThreads (Deoptimize)
Event: 1.205 Executing non-safepoint VM operation: HandshakeAllThreads (Deoptimize) done
Event: 1.248 Executing non-safepoint VM operation: HandshakeAllThreads (Deoptimize)
Event: 1.249 Executing non-safepoint VM operation: HandshakeAllThreads (Deoptimize) done
Event: 1.396 Executing safepoint VM operation: G1CollectForAllocation (G1 Evacuation Pause)
Event: 1.402 Executing safepoint VM operation: G1CollectForAllocation (G1 Evacuation Pause) done
Event: 1.575 Executing non-safepoint VM operation: HandshakeAllThreads (Deoptimize)
Event: 1.575 Executing non-safepoint VM operation: HandshakeAllThreads (Deoptimize) done
Event: 1.634 Executing non-safepoint VM operation: HandshakeAllThreads (Deoptimize)
Event: 1.634 Executing non-safepoint VM operation: HandshakeAllThreads (Deoptimize) done
Event: 1.636 Executing non-safepoint VM operation: HandshakeAllThreads (Deoptimize)
Event: 1.636 Executing non-safepoint VM operation: HandshakeAllThreads (Deoptimize) done
Event: 1.687 Executing non-safepoint VM operation: HandshakeAllThreads (Deoptimize)
Event: 1.687 Executing non-safepoint VM operation: HandshakeAllThreads (Deoptimize) done

Memory protections (0 events):
No events

Nmethod flushes (0 events):
No events

Events (16 events):
Event: 0.035 Thread 0x00000205e2e06b50 Thread added: 0x00000205e2e06b50
Event: 0.046 Thread 0x00000205e2e06b50 Thread added: 0x00000205fecc2410
Event: 0.046 Thread 0x00000205e2e06b50 Thread added: 0x00000205fecc3be0
Event: 0.046 Thread 0x00000205e2e06b50 Thread added: 0x00000205fecdc9b0
Event: 0.046 Thread 0x00000205e2e06b50 Thread added: 0x00000205fece1400
Event: 0.046 Thread 0x00000205e2e06b50 Thread added: 0x00000205fece23d0
Event: 0.046 Thread 0x00000205e2e06b50 Thread added: 0x00000205fecd65c0
Event: 0.046 Thread 0x00000205e2e06b50 Thread added: 0x00000205fece3500
Event: 0.046 Thread 0x00000205e2e06b50 Thread added: 0x00000205fece4d20
Event: 0.060 Thread 0x00000205e2e06b50 Thread added: 0x000002058b0a4ef0
Event: 0.062 Thread 0x00000205e2e06b50 Thread added: 0x000002058b0a3f50
Event: 0.148 Thread 0x00000205fece3500 Thread added: 0x000002058b16a8b0
Event: 0.224 Thread 0x00000205e2e06b50 Thread added: 0x000002058b0a7dd0
Event: 0.239 Thread 0x000002058b0a7dd0 Thread exited: 0x000002058b0a7dd0
Event: 0.703 Thread 0x000002058b16a8b0 Thread added: 0x000002058bec8de0
Event: 1.381 Thread 0x000002058bec8de0 Thread exited: 0x000002058bec8de0


Dynamic libraries:
0x00007ff608b50000 - 0x00007ff608b5e000 	C:\Program Files\Eclipse Adoptium\jdk-25.0.2.10-hotspot\bin\java.exe
0x00007ffc20a00000 - 0x00007ffc20c67000 	C:\WINDOWS\SYSTEM32\ntdll.dll
0x00007ffc1f7f0000 - 0x00007ffc1f8b9000 	C:\WINDOWS\System32\KERNEL32.DLL
0x00007ffc1e020000 - 0x00007ffc1e40f000 	C:\WINDOWS\System32\KERNELBASE.dll
0x00007ffc1e650000 - 0x00007ffc1e79b000 	C:\WINDOWS\System32\ucrtbase.dll
0x00007ffc092e0000 - 0x00007ffc092fe000 	C:\Program Files\Eclipse Adoptium\jdk-25.0.2.10-hotspot\bin\VCRUNTIME140.dll
0x00007ffbf2780000 - 0x00007ffbf2796000 	C:\Program Files\Eclipse Adoptium\jdk-25.0.2.10-hotspot\bin\jli.dll
0x00007ffc1fe00000 - 0x00007ffc1ffc5000 	C:\WINDOWS\System32\USER32.dll
0x00007ffc1dd80000 - 0x00007ffc1dda7000 	C:\WINDOWS\System32\win32u.dll
0x00007ffc1cd50000 - 0x00007ffc1cfe3000 	C:\WINDOWS\WinSxS\amd64_microsoft.windows.common-controls_6595b64144ccf1df_6.0.26100.7309_none_3e05feeae336a044\COMCTL32.dll
0x00007ffc203b0000 - 0x00007ffc203db000 	C:\WINDOWS\System32\GDI32.dll
0x00007ffc1fd50000 - 0x00007ffc1fdf9000 	C:\WINDOWS\System32\msvcrt.dll
0x00007ffc1de40000 - 0x00007ffc1df6c000 	C:\WINDOWS\System32\gdi32full.dll
0x00007ffc1df70000 - 0x00007ffc1e013000 	C:\WINDOWS\System32\msvcp_win.dll
0x00007ffc203e0000 - 0x00007ffc20411000 	C:\WINDOWS\System32\IMM32.DLL
0x00007ffc16520000 - 0x00007ffc1652c000 	C:\Program Files\Eclipse Adoptium\jdk-25.0.2.10-hotspot\bin\vcruntime140_1.dll
0x00007ffbca110000 - 0x00007ffbca19d000 	C:\Program Files\Eclipse Adoptium\jdk-25.0.2.10-hotspot\bin\msvcp140.dll
0x00007ffb448b0000 - 0x00007ffb457d6000 	C:\Program Files\Eclipse Adoptium\jdk-25.0.2.10-hotspot\bin\server\jvm.dll
0x00007ffc20420000 - 0x00007ffc204d4000 	C:\WINDOWS\System32\ADVAPI32.dll
0x00007ffc1f730000 - 0x00007ffc1f7d6000 	C:\WINDOWS\System32\sechost.dll
0x00007ffc1ef60000 - 0x00007ffc1f078000 	C:\WINDOWS\System32\RPCRT4.dll
0x00007ffc1f6b0000 - 0x00007ffc1f724000 	C:\WINDOWS\System32\WS2_32.dll
0x00007ffc1d9b0000 - 0x00007ffc1da0e000 	C:\WINDOWS\SYSTEM32\POWRPROF.dll
0x00007ffc136c0000 - 0x00007ffc136f5000 	C:\WINDOWS\SYSTEM32\WINMM.dll
0x00007ffc0c440000 - 0x00007ffc0c44b000 	C:\WINDOWS\SYSTEM32\VERSION.dll
0x00007ffc1d990000 - 0x00007ffc1d9a4000 	C:\WINDOWS\SYSTEM32\UMPDC.dll
0x00007ffc1bfd0000 - 0x00007ffc1bfeb000 	C:\WINDOWS\SYSTEM32\kernel.appcore.dll
0x00007ffc0a7e0000 - 0x00007ffc0a7ea000 	C:\Program Files\Eclipse Adoptium\jdk-25.0.2.10-hotspot\bin\jimage.dll
0x00007ffc1d300000 - 0x00007ffc1d542000 	C:\WINDOWS\SYSTEM32\DBGHELP.DLL
0x00007ffc1ffd0000 - 0x00007ffc20356000 	C:\WINDOWS\System32\combase.dll
0x00007ffc20520000 - 0x00007ffc205f6000 	C:\WINDOWS\System32\OLEAUT32.dll
0x00007ffc1d1f0000 - 0x00007ffc1d22c000 	C:\WINDOWS\SYSTEM32\dbgcore.DLL
0x00007ffc1e5a0000 - 0x00007ffc1e645000 	C:\WINDOWS\System32\bcryptPrimitives.dll
0x00007ffbe9020000 - 0x00007ffbe903e000 	C:\Program Files\Eclipse Adoptium\jdk-25.0.2.10-hotspot\bin\java.dll
0x00007ffc1f280000 - 0x00007ffc1f417000 	C:\WINDOWS\System32\ole32.dll
0x00007ffc1e7a0000 - 0x00007ffc1eef3000 	C:\WINDOWS\System32\SHELL32.dll
0x00007ffc1dc10000 - 0x00007ffc1dd7a000 	C:\WINDOWS\System32\wintypes.dll
0x00007ffc1ae80000 - 0x00007ffc1b6de000 	C:\WINDOWS\SYSTEM32\windows.storage.dll
0x00007ffc1f420000 - 0x00007ffc1f514000 	C:\WINDOWS\System32\SHCORE.dll
0x00007ffc20720000 - 0x00007ffc20786000 	C:\WINDOWS\System32\shlwapi.dll
0x00007ffc1da70000 - 0x00007ffc1da99000 	C:\WINDOWS\SYSTEM32\profapi.dll
0x00007ffbe8ed0000 - 0x00007ffbe8ee1000 	C:\Program Files\Eclipse Adoptium\jdk-25.0.2.10-hotspot\bin\net.dll
0x00007ffc1c500000 - 0x00007ffc1c56b000 	C:\WINDOWS\system32\mswsock.dll
0x00007ffbe8130000 - 0x00007ffbe8146000 	C:\Program Files\Eclipse Adoptium\jdk-25.0.2.10-hotspot\bin\nio.dll
0x00007ffbe2150000 - 0x00007ffbe2167000 	C:\Program Files\Eclipse Adoptium\jdk-25.0.2.10-hotspot\bin\zip.dll
0x00007ffbe8da0000 - 0x00007ffbe8dc4000 	C:\Users\Lewhara Monilka\.m2\wrapper\dists\apache-maven-3.9.14\ed7edd442f634ac1c1ef5ba2b61b6d690b5221091f1a8e1123f5fadcc967520d\lib\jansi-native\Windows\x86_64\jansi.dll
0x00007ffc0a130000 - 0x00007ffc0a140000 	C:\Program Files\Eclipse Adoptium\jdk-25.0.2.10-hotspot\bin\verify.dll

JVMTI agents: none

dbghelp: loaded successfully - version: 4.0.5 - missing functions: none
symbol engine: initialized successfully - sym options: 0x614 - pdb path: .;C:\Program Files\Eclipse Adoptium\jdk-25.0.2.10-hotspot\bin;C:\WINDOWS\SYSTEM32;C:\WINDOWS\WinSxS\amd64_microsoft.windows.common-controls_6595b64144ccf1df_6.0.26100.7309_none_3e05feeae336a044;C:\Program Files\Eclipse Adoptium\jdk-25.0.2.10-hotspot\bin\server;C:\Users\Lewhara Monilka\.m2\wrapper\dists\apache-maven-3.9.14\ed7edd442f634ac1c1ef5ba2b61b6d690b5221091f1a8e1123f5fadcc967520d\lib\jansi-native\Windows\x86_64

VM Arguments:
jvm_args: --enable-native-access=ALL-UNNAMED -Dclassworlds.conf=C:\Users\Lewhara Monilka\.m2\wrapper\dists\apache-maven-3.9.14\ed7edd442f634ac1c1ef5ba2b61b6d690b5221091f1a8e1123f5fadcc967520d\bin\m2.conf -Dmaven.home=C:\Users\Lewhara Monilka\.m2\wrapper\dists\apache-maven-3.9.14\ed7edd442f634ac1c1ef5ba2b61b6d690b5221091f1a8e1123f5fadcc967520d -Dlibrary.jansi.path=C:\Users\Lewhara Monilka\.m2\wrapper\dists\apache-maven-3.9.14\ed7edd442f634ac1c1ef5ba2b61b6d690b5221091f1a8e1123f5fadcc967520d\lib\jansi-native -Dmaven.multiModuleProjectDirectory=D:\PAF project\it3030-paf-2026-smart-campus-group_we_it_02.02_222\backend\backend 
java_command: org.codehaus.plexus.classworlds.launcher.Launcher spring-boot:run
java_class_path (initial): C:\Users\Lewhara Monilka\.m2\wrapper\dists\apache-maven-3.9.14\ed7edd442f634ac1c1ef5ba2b61b6d690b5221091f1a8e1123f5fadcc967520d\boot\plexus-classworlds-2.9.0.jar
Launcher Type: SUN_STANDARD

[Global flags]
     intx CICompilerCount                          = 4                                         {product} {ergonomic}
     uint ConcGCThreads                            = 2                                         {product} {ergonomic}
     uint G1ConcRefinementThreads                  = 8                                         {product} {ergonomic}
   size_t G1HeapRegionSize                         = 4194304                                   {product} {ergonomic}
   size_t InitialHeapSize                          = 335544320                                 {product} {ergonomic}
   size_t MarkStackSize                            = 4194304                                   {product} {ergonomic}
   size_t MarkStackSizeMax                         = 536870912                                 {product} {ergonomic}
   size_t MaxHeapSize                              = 5305794560                                {product} {ergonomic}
   size_t MaxNewSize                               = 3183476736                                {product} {ergonomic}
   size_t MinHeapDeltaBytes                        = 4194304                                   {product} {ergonomic}
   size_t MinHeapSize                              = 8388608                                   {product} {ergonomic}
    uintx NonNMethodCodeHeapSize                   = 5832704                                {pd product} {ergonomic}
    uintx NonProfiledCodeHeapSize                  = 122945536                              {pd product} {ergonomic}
    uintx ProfiledCodeHeapSize                     = 122880000                              {pd product} {ergonomic}
    uintx ReservedCodeCacheSize                    = 251658240                              {pd product} {ergonomic}
     bool SegmentedCodeCache                       = true                                      {product} {ergonomic}
   size_t SoftMaxHeapSize                          = 5305794560                             {manageable} {ergonomic}
     bool UseCompressedOops                        = true                           {product lp64_product} {ergonomic}
     bool UseG1GC                                  = true                                      {product} {ergonomic}
     bool UseLargePagesIndividualAllocation        = false                                  {pd product} {ergonomic}

Logging:
Log output configuration:
 #0: stdout all=warning uptime,level,tags foldmultilines=false
 #1: stderr all=off uptime,level,tags foldmultilines=false

Release file:
IMPLEMENTOR="Eclipse Adoptium" 
IMPLEMENTOR_VERSION="Temurin-25.0.2+10" 
JAVA_RUNTIME_VERSION="25.0.2+10-LTS" 
JAVA_VERSION="25.0.2" 
JAVA_VERSION_DATE="2026-01-20" 
LIBC="default" 
MODULES="java.base java.compiler java.datatransfer java.xml java.prefs java.desktop java.instrument java.logging java.management java.security.sasl java.naming java.rmi java.management.rmi java.net.http java.scripting java.security.jgss java.transaction.xa java.sql java.sql.rowset java.xml.crypto java.se java.smartcardio jdk.accessibility jdk.internal.jvmstat jdk.attach jdk.charsets jdk.internal.opt jdk.zipfs jdk.compiler jdk.crypto.cryptoki jdk.crypto.ec jdk.crypto.mscapi jdk.dynalink jdk.internal.ed jdk.editpad jdk.internal.vm.ci jdk.graal.compiler jdk.graal.compiler.management jdk.hotspot.agent jdk.httpserver jdk.incubator.vector jdk.internal.le jdk.internal.md jdk.jartool jdk.javadoc jdk.jcmd jdk.management jdk.management.agent jdk.jconsole jdk.jdeps jdk.jdwp.agent jdk.jdi jdk.jfr jdk.jlink jdk.jpackage jdk.jshell jdk.jsobject jdk.jstatd jdk.localedata jdk.management.jfr jdk.naming.dns jdk.naming.rmi jdk.net jdk.nio.mapmode jdk.sctp jdk.security.auth jdk.security.jgss jdk.unsupported jdk.unsupported.desktop jdk.xml.dom" 
OS_ARCH="x86_64" 
OS_NAME="Windows" 
SOURCE=".:git:9e3c947043a4" 
BUILD_SOURCE="git:458965074606f027bd5afce2cfd5c1055dea0438"
BUILD_SOURCE_REPO="https://github.com/adoptium/temurin-build.git"
SOURCE_REPO="https://github.com/adoptium/jdk25u.git"
FULL_VERSION="25.0.2+10-LTS"
SEMANTIC_VERSION="25.0.2+10"
BUILD_INFO="OS: Windows Server 2022 Version: 10.0"
JVM_VARIANT="Hotspot"
JVM_VERSION="25.0.2+10-LTS"
IMAGE_TYPE="JDK"

Environment Variables:
JAVA_HOME=C:\Program Files\Eclipse Adoptium\jdk-25.0.2.10-hotspot\
PATH=C:\Program Files\Google\Chrome\Application;C:\Program Files\Eclipse Adoptium\jdk-25.0.2.10-hotspot\bin;D:\oracl\dbhomeXE\bin;C:\ProgramData\anaconda3\Scripts\;C:\ProgramData\anaconda3\;C:\Users\Lewhara Monilka\Scripts\;C:\Users\Lewhara Monilka\;C:\Program Files\Common Files\Oracle\Java\javapath;C:\windows\system32;C:\windows;C:\windows\System32\Wbem;C:\windows\System32\WindowsPowerShell\v1.0\;C:\windows\System32\OpenSSH\;C:\Program Files (x86)\NVIDIA Corporation\PhysX\Common;C:\Program Files\NVIDIA Corporation\NVIDIA NvDLISR;C:\WINDOWS\system32;C:\WINDOWS;C:\WINDOWS\System32\Wbem;C:\WINDOWS\System32\WindowsPowerShell\v1.0\;C:\WINDOWS\System32\OpenSSH\;C:\Program Files\dotnet\;C:\Program Files (x86)\Microsoft SQL Server\160\Tools\Binn\;C:\Program Files\Microsoft SQL Server\160\Tools\Binn\;C:\Program Files\Microsoft SQL Server\Client SDK\ODBC\170\Tools\Binn\;C:\Program Files\Microsoft SQL Server\160\DTS\Binn\;C:\Program Files (x86)\Microsoft SQL Server\160\DTS\Binn\;C:\Program Files\Azure Data Studio\bin;C:\Program Files (x86)\Windows Kits\10\Windows Performance Toolkit\;C:\Program Files\HP\HP One Agent;C:\WINDOWS\system32;C:\WINDOWS;C:\WINDOWS\System32\Wbem;C:\WINDOWS\System32\WindowsPowerShell\v1.0\;C:\WINDOWS\System32\OpenSSH\;C:\Program Files\nodejs\;C:\Program Files\Git\cmd;C:\ProgramData\anaconda3\Scripts\;C:\ProgramData\anaconda3\;C:\Users\Lewhara Monilka\Scripts\;C:\Users\Lewhara Monilka\;C:\Program Files\Common Files\Oracle\Java\javapath;C:\windows\system32;C:\windows;C:\windows\System32\Wbem;C:\windows\System32\WindowsPowerShell\v1.0\;C:\windows\System32\OpenSSH\;C:\Program Files (x86)\NVIDIA Corporation\PhysX\Common;C:\Program Files\NVIDIA Corporation\NVIDIA NvDLISR;C:\WINDOWS\system32;C:\WINDOWS;C:\WINDOWS\System32\Wbem;C:\WINDOWS\System32\WindowsPowerShell\v1.0\;C:\WINDOWS\System32\OpenSSH\;C:\Program Files\dotnet\;C:\Program Files (x86)\Microsoft SQL Server\160\Tools\Binn\;C:\Program Files\Microsoft SQL Server\160\Tools\Binn\;C:\Program Files\Microsoft SQL Server\Client SDK\ODBC\170\Tools\Binn\;C:\Program Files\Microsoft SQL Server\160\DTS\Binn\;C:\Program Files (x86)\Microsoft SQL Server\160\DTS\Binn\;C:\Program Files\Azure Data Studio\bin;C:\Program Files (x86)\Windows Kits\10\Windows Performance Toolkit\;C:\Program Files\HP\HP One Agent;C:\WINDOWS\system32;C:\WINDOWS;D:\IntelliJ IDEA 2025.3.1\bin;C:\Users\Lewhara Monilka\AppData\Local\Programs\Microsoft VS Code\bin;D:\cursor\resources\app\bin
USERNAME=Lewhara Monilka
OS=Windows_NT
PROCESSOR_IDENTIFIER=Intel64 Family 6 Model 140 Stepping 2, GenuineIntel
TMP=C:\Users\LEWHAR~1\AppData\Local\Temp
TEMP=C:\Users\LEWHAR~1\AppData\Local\Temp




Compilation memory statistics disabled.

Periodic native trim disabled

---------------  S Y S T E M  ---------------

OS:
 Windows 11 , 64 bit Build 26100 (10.0.26100.7309)
OS uptime: 1 days 15:26 hours

CPU: total 8 (initial active 8) (4 cores per cpu, 2 threads per core) family 6 model 140 stepping 2 microcode 0x2c, cx8, cmov, fxsr, ht, mmx, 3dnowpref, sse, sse2, sse3, ssse3, sse4.1, sse4.2, popcnt, lzcnt, tsc, tscinvbit, avx, avx2, aes, erms, clmul, bmi1, bmi2, adx, avx512f, avx512dq, avx512cd, avx512bw, avx512vl, sha, fma, vzeroupper, avx512_vpopcntdq, avx512_vpclmulqdq, avx512_vaes, avx512_vnni, clflush, clflushopt, clwb, avx512_vbmi2, avx512_vbmi, rdtscp, rdpid, fsrm, gfni, avx512_bitalg, f16c, pku, cet_ibt, cet_ss, avx512_ifma
Processor Information for processor 0
  Max Mhz: 2496, Current Mhz: 2496, Mhz Limit: 2496
Processor Information for processor 1
  Max Mhz: 2496, Current Mhz: 2496, Mhz Limit: 2496
Processor Information for processor 2
  Max Mhz: 2496, Current Mhz: 2496, Mhz Limit: 2496
Processor Information for processor 3
  Max Mhz: 2496, Current Mhz: 2496, Mhz Limit: 2496
Processor Information for processor 4
  Max Mhz: 2496, Current Mhz: 2496, Mhz Limit: 2496
Processor Information for processor 5
  Max Mhz: 2496, Current Mhz: 998, Mhz Limit: 2496
Processor Information for processor 6
  Max Mhz: 2496, Current Mhz: 998, Mhz Limit: 2496
Processor Information for processor 7
  Max Mhz: 2496, Current Mhz: 2496, Mhz Limit: 2496

Memory: 4k page, system-wide physical 20229M (3221M free)
TotalPageFile size 24976M (AvailPageFile size 14M)
current process WorkingSet (physical memory assigned to process): 131M, peak: 131M
current process commit charge ("private bytes"): 444M, peak: 445M

vm_info: OpenJDK 64-Bit Server VM (25.0.2+10-LTS) for windows-amd64 JRE (25.0.2+10-LTS), built on 2026-01-20T00:00:00Z with MS VC++ 17.12 (VS2022)

END.
